#
# There is insufficient memory for the Java Runtime Environment to continue.
# Native memory allocation (malloc) failed to allocate 703376 bytes for Chunk::new
# Possible reasons:
#   The system is out of physical RAM or swap space
#   The process is running with CompressedOops enabled, and the Java Heap may be blocking the growth of the native heap
# Possible solutions:
#   Reduce memory load on the system
#   Increase physical memory or swap space
#   Check if swap backing store is full
#   Decrease Java heap size (-Xmx/-Xms)
#   Decrease number of Java threads
#   Decrease Java thread stack sizes (-Xss)
#   Set larger code cache with -XX:ReservedCodeCacheSize=
#   JVM is running with Zero Based Compressed Oops mode in which the Java heap is
#     placed in the first 32GB address space. The Java Heap base address is the
#     maximum limit for the native heap growth. Please use -XX:HeapBaseMinAddress
#     to set the Java Heap base and to place the Java Heap above 32GB virtual address.
# This output file may be truncated or incomplete.
#
#  Out of Memory Error (./src/hotspot/share/memory/arena.cpp:197), pid=8796, tid=6704
#
# JRE version: OpenJDK Runtime Environment (11.0.13) (build 11.0.13+0-b1751.21-8125866)
# Java VM: OpenJDK 64-Bit Server VM (11.0.13+0-b1751.21-8125866, mixed mode, tiered, compressed oops, g1 gc, windows-amd64)
# No core dump will be written. Minidumps are not enabled by default on client versions of Windows
#

---------------  S U M M A R Y ------------

Command Line: org.jetbrains.kotlin.cli.jvm.K2JVMCompiler @E:\AndroidStudioProjects\FirstProject\app\build\20221204_1621642737240192379.compiler.options

Host: Intel(R) Core(TM) i3-10100F CPU @ 3.60GHz, 8 cores, 15G,  Windows 11 , 64 bit Build 22621 (10.0.22621.900)
Time: Sun Dec  4 11:10:56 2022 RTZ 1 (зима) elapsed time: 1.330265 seconds (0d 0h 0m 1s)

---------------  T H R E A D  ---------------

Current thread (0x000002bfc1f7b800):  JavaThread "C2 CompilerThread1" daemon [_thread_in_native, id=6704, stack(0x000000f063700000,0x000000f063800000)]


Current CompileTask:
C2:   1330 2231       4       org.jetbrains.kotlin.com.intellij.openapi.vfs.impl.ZipHandlerBase::getOrCreate (292 bytes)

Stack: [0x000000f063700000,0x000000f063800000]
Native frames: (J=compiled Java code, j=interpreted, Vv=VM code, C=native code)
V  [jvm.dll+0x6100fa]
V  [jvm.dll+0x747090]
V  [jvm.dll+0x7486ad]
V  [jvm.dll+0x748d83]
V  [jvm.dll+0x24ab48]
V  [jvm.dll+0xc04dc]
V  [jvm.dll+0xc0a0c]
V  [jvm.dll+0x35eb9d]
V  [jvm.dll+0x19d7bc]
V  [jvm.dll+0x2033be]
V  [jvm.dll+0x202437]
V  [jvm.dll+0x188e01]
V  [jvm.dll+0x21106b]
V  [jvm.dll+0x20f8c1]
V  [jvm.dll+0x70de0f]
V  [jvm.dll+0x706a75]
V  [jvm.dll+0x60ed66]
C  [ucrtbase.dll+0x29363]
C  [KERNEL32.DLL+0x1247d]
C  [ntdll.dll+0x5dfb8]


---------------  P R O C E S S  ---------------

Threads class SMR info:
_java_thread_list=0x000002bfc1f7a750, length=12, elements={
0x000002bfa2475800, 0x000002bfc1512800, 0x000002bfc1514800, 0x000002bfc1e07800,
0x000002bfc1e08000, 0x000002bfc1e09000, 0x000002bfc1e0b000, 0x000002bfc1e0e800,
0x000002bfc1e18800, 0x000002bfc1f77000, 0x000002bfc1f7b800, 0x000002bfc1f7c000
}

Java Threads: ( => current thread )
  0x000002bfa2475800 JavaThread "main" [_thread_blocked, id=12032, stack(0x000000f062600000,0x000000f062700000)]
  0x000002bfc1512800 JavaThread "Reference Handler" daemon [_thread_blocked, id=4832, stack(0x000000f062d00000,0x000000f062e00000)]
  0x000002bfc1514800 JavaThread "Finalizer" daemon [_thread_blocked, id=2272, stack(0x000000f062e00000,0x000000f062f00000)]
  0x000002bfc1e07800 JavaThread "Signal Dispatcher" daemon [_thread_blocked, id=13904, stack(0x000000f062f00000,0x000000f063000000)]
  0x000002bfc1e08000 JavaThread "Attach Listener" daemon [_thread_blocked, id=1968, stack(0x000000f063000000,0x000000f063100000)]
  0x000002bfc1e09000 JavaThread "Service Thread" daemon [_thread_blocked, id=9676, stack(0x000000f063100000,0x000000f063200000)]
  0x000002bfc1e0b000 JavaThread "C2 CompilerThread0" daemon [_thread_in_native, id=6740, stack(0x000000f063200000,0x000000f063300000)]
  0x000002bfc1e0e800 JavaThread "C1 CompilerThread0" daemon [_thread_blocked, id=10828, stack(0x000000f063300000,0x000000f063400000)]
  0x000002bfc1e18800 JavaThread "Sweeper thread" daemon [_thread_blocked, id=2148, stack(0x000000f063400000,0x000000f063500000)]
  0x000002bfc1f77000 JavaThread "Common-Cleaner" daemon [_thread_blocked, id=12996, stack(0x000000f063600000,0x000000f063700000)]
=>0x000002bfc1f7b800 JavaThread "C2 CompilerThread1" daemon [_thread_in_native, id=6704, stack(0x000000f063700000,0x000000f063800000)]
  0x000002bfc1f7c000 JavaThread "C2 CompilerThread2" daemon [_thread_in_native, id=14008, stack(0x000000f063800000,0x000000f063900000)]

Other Threads:
  0x000002bfc14fc800 VMThread "VM Thread" [stack: 0x000000f062c00000,0x000000f062d00000] [id=11656]
  0x000002bfc1f6c800 WatcherThread [stack: 0x000000f063500000,0x000000f063600000] [id=6940]
  0x000002bfa248d800 GCTaskThread "GC Thread#0" [stack: 0x000000f062700000,0x000000f062800000] [id=9168]
  0x000002bfc292a800 GCTaskThread "GC Thread#1" [stack: 0x000000f063900000,0x000000f063a00000] [id=2720]
  0x000002bfc292b800 GCTaskThread "GC Thread#2" [stack: 0x000000f063a00000,0x000000f063b00000] [id=3760]
  0x000002bfc2700800 GCTaskThread "GC Thread#3" [stack: 0x000000f063b00000,0x000000f063c00000] [id=5916]
  0x000002bfc2701800 GCTaskThread "GC Thread#4" [stack: 0x000000f063c00000,0x000000f063d00000] [id=13832]
  0x000002bfc2702800 GCTaskThread "GC Thread#5" [stack: 0x000000f063d00000,0x000000f063e00000] [id=7324]
  0x000002bfa24e9800 ConcurrentGCThread "G1 Main Marker" [stack: 0x000000f062800000,0x000000f062900000] [id=3040]
  0x000002bfa24ed000 ConcurrentGCThread "G1 Conc#0" [stack: 0x000000f062900000,0x000000f062a00000] [id=12932]
  0x000002bfc2a11800 ConcurrentGCThread "G1 Conc#1" [stack: 0x000000f063e00000,0x000000f063f00000] [id=12520]
  0x000002bfc13de800 ConcurrentGCThread "G1 Refine#0" [stack: 0x000000f062a00000,0x000000f062b00000] [id=8016]
  0x000002bfc13e1800 ConcurrentGCThread "G1 Young RemSet Sampling" [stack: 0x000000f062b00000,0x000000f062c00000] [id=9628]

Threads with active compile tasks:
C2 CompilerThread0   1336 2241       4       org.jetbrains.kotlin.com.intellij.openapi.vfs.impl.ZipHandlerBase::getOrCreate (305 bytes)
C2 CompilerThread1   1336 2231       4       org.jetbrains.kotlin.com.intellij.openapi.vfs.impl.ZipHandlerBase::getOrCreate (292 bytes)
C2 CompilerThread2   1336 2003   !   4       jdk.internal.loader.BuiltinClassLoader::loadClassOrNull (143 bytes)

VM state:at safepoint (normal execution)

VM Mutex/Monitor currently owned by a thread:  ([mutex/lock_event])
[0x000002bfa2472540] Threads_lock - owner thread: 0x000002bfc14fc800
[0x000002bfa2473080] Heap_lock - owner thread: 0x000002bfa2475800

Heap address: 0x0000000702000000, size: 4064 MB, Compressed Oops mode: Zero based, Oop shift amount: 3
Narrow klass base: 0x0000000800000000, Narrow klass shift: 0
Compressed class space size: 1073741824 Address: 0x0000000800000000

Heap:
 garbage-first heap   total 260096K, used 64629K [0x0000000702000000, 0x0000000800000000)
  region size 1024K, 50 young (51200K), 2 survivors (2048K)
 Metaspace       used 32293K, capacity 32704K, committed 32892K, reserved 1077248K
  class space    used 4013K, capacity 4179K, committed 4220K, reserved 1048576K
Heap Regions: E=young(eden), S=young(survivor), O=old, HS=humongous(starts), HC=humongous(continues), CS=collection set, F=free, A=archive, TAMS=top-at-mark-start (previous, next)
|   0|0x0000000702000000, 0x0000000702100000, 0x0000000702100000|100%|HS|  |TAMS 0x0000000702100000, 0x0000000702000000| Complete 
|   1|0x0000000702100000, 0x0000000702200000, 0x0000000702200000|100%|HC|  |TAMS 0x0000000702200000, 0x0000000702100000| Complete 
|   2|0x0000000702200000, 0x0000000702300000, 0x0000000702300000|100%|HC|  |TAMS 0x0000000702300000, 0x0000000702200000| Complete 
|   3|0x0000000702300000, 0x00000007023ccbd8, 0x0000000702400000| 79%| O|  |TAMS 0x0000000702300000, 0x0000000702300000| Untracked 
|   4|0x0000000702400000, 0x0000000702500000, 0x0000000702500000|100%| O|  |TAMS 0x000000070244bc00, 0x0000000702400000| Untracked 
|   5|0x0000000702500000, 0x0000000702600000, 0x0000000702600000|100%|HS|  |TAMS 0x0000000702500000, 0x0000000702500000| Complete 
|   6|0x0000000702600000, 0x0000000702700000, 0x0000000702700000|100%|HC|  |TAMS 0x0000000702600000, 0x0000000702600000| Complete 
|   7|0x0000000702700000, 0x0000000702800000, 0x0000000702800000|100%|HC|  |TAMS 0x0000000702700000, 0x0000000702700000| Complete 
|   8|0x0000000702800000, 0x0000000702900000, 0x0000000702900000|100%|HS|  |TAMS 0x0000000702800000, 0x0000000702800000| Complete 
|   9|0x0000000702900000, 0x0000000702a00000, 0x0000000702a00000|100%|HC|  |TAMS 0x0000000702900000, 0x0000000702900000| Complete 
|  10|0x0000000702a00000, 0x0000000702a00000, 0x0000000702b00000|  0%| F|  |TAMS 0x0000000702a00000, 0x0000000702a00000| Untracked 
|  11|0x0000000702b00000, 0x0000000702b00000, 0x0000000702c00000|  0%| F|  |TAMS 0x0000000702b00000, 0x0000000702b00000| Untracked 
|  12|0x0000000702c00000, 0x0000000702c00000, 0x0000000702d00000|  0%| F|  |TAMS 0x0000000702c00000, 0x0000000702c00000| Untracked 
|  13|0x0000000702d00000, 0x0000000702d00000, 0x0000000702e00000|  0%| F|  |TAMS 0x0000000702d00000, 0x0000000702d00000| Untracked 
|  14|0x0000000702e00000, 0x0000000702e00000, 0x0000000702f00000|  0%| F|  |TAMS 0x0000000702e00000, 0x0000000702e00000| Untracked 
|  15|0x0000000702f00000, 0x0000000702f00000, 0x0000000703000000|  0%| F|  |TAMS 0x0000000702f00000, 0x0000000702f00000| Untracked 
|  16|0x0000000703000000, 0x0000000703000000, 0x0000000703100000|  0%| F|  |TAMS 0x0000000703000000, 0x0000000703000000| Untracked 
|  17|0x0000000703100000, 0x0000000703100000, 0x0000000703200000|  0%| F|  |TAMS 0x0000000703100000, 0x0000000703100000| Untracked 
|  18|0x0000000703200000, 0x0000000703200000, 0x0000000703300000|  0%| F|  |TAMS 0x0000000703200000, 0x0000000703200000| Untracked 
|  19|0x0000000703300000, 0x0000000703300000, 0x0000000703400000|  0%| F|  |TAMS 0x0000000703300000, 0x0000000703300000| Untracked 
|  20|0x0000000703400000, 0x0000000703400000, 0x0000000703500000|  0%| F|  |TAMS 0x0000000703400000, 0x0000000703400000| Untracked 
|  21|0x0000000703500000, 0x0000000703500000, 0x0000000703600000|  0%| F|  |TAMS 0x0000000703500000, 0x0000000703500000| Untracked 
|  22|0x0000000703600000, 0x0000000703600000, 0x0000000703700000|  0%| F|  |TAMS 0x0000000703600000, 0x0000000703600000| Untracked 
|  23|0x0000000703700000, 0x0000000703700000, 0x0000000703800000|  0%| F|  |TAMS 0x0000000703700000, 0x0000000703700000| Untracked 
|  24|0x0000000703800000, 0x0000000703800000, 0x0000000703900000|  0%| F|  |TAMS 0x0000000703800000, 0x0000000703800000| Untracked 
|  25|0x0000000703900000, 0x0000000703900000, 0x0000000703a00000|  0%| F|  |TAMS 0x0000000703900000, 0x0000000703900000| Untracked 
|  26|0x0000000703a00000, 0x0000000703a00000, 0x0000000703b00000|  0%| F|  |TAMS 0x0000000703a00000, 0x0000000703a00000| Untracked 
|  27|0x0000000703b00000, 0x0000000703b00000, 0x0000000703c00000|  0%| F|  |TAMS 0x0000000703b00000, 0x0000000703b00000| Untracked 
|  28|0x0000000703c00000, 0x0000000703c00000, 0x0000000703d00000|  0%| F|  |TAMS 0x0000000703c00000, 0x0000000703c00000| Untracked 
|  29|0x0000000703d00000, 0x0000000703d00000, 0x0000000703e00000|  0%| F|  |TAMS 0x0000000703d00000, 0x0000000703d00000| Untracked 
|  30|0x0000000703e00000, 0x0000000703e00000, 0x0000000703f00000|  0%| F|  |TAMS 0x0000000703e00000, 0x0000000703e00000| Untracked 
|  31|0x0000000703f00000, 0x0000000703f00000, 0x0000000704000000|  0%| F|  |TAMS 0x0000000703f00000, 0x0000000703f00000| Untracked 
|  32|0x0000000704000000, 0x0000000704000000, 0x0000000704100000|  0%| F|  |TAMS 0x0000000704000000, 0x0000000704000000| Untracked 
|  33|0x0000000704100000, 0x0000000704100000, 0x0000000704200000|  0%| F|  |TAMS 0x0000000704100000, 0x0000000704100000| Untracked 
|  34|0x0000000704200000, 0x0000000704200000, 0x0000000704300000|  0%| F|  |TAMS 0x0000000704200000, 0x0000000704200000| Untracked 
|  35|0x0000000704300000, 0x0000000704300000, 0x0000000704400000|  0%| F|  |TAMS 0x0000000704300000, 0x0000000704300000| Untracked 
|  36|0x0000000704400000, 0x0000000704400000, 0x0000000704500000|  0%| F|  |TAMS 0x0000000704400000, 0x0000000704400000| Untracked 
|  37|0x0000000704500000, 0x0000000704500000, 0x0000000704600000|  0%| F|  |TAMS 0x0000000704500000, 0x0000000704500000| Untracked 
|  38|0x0000000704600000, 0x0000000704600000, 0x0000000704700000|  0%| F|  |TAMS 0x0000000704600000, 0x0000000704600000| Untracked 
|  39|0x0000000704700000, 0x0000000704700000, 0x0000000704800000|  0%| F|  |TAMS 0x0000000704700000, 0x0000000704700000| Untracked 
|  40|0x0000000704800000, 0x0000000704800000, 0x0000000704900000|  0%| F|  |TAMS 0x0000000704800000, 0x0000000704800000| Untracked 
|  41|0x0000000704900000, 0x0000000704900000, 0x0000000704a00000|  0%| F|  |TAMS 0x0000000704900000, 0x0000000704900000| Untracked 
|  42|0x0000000704a00000, 0x0000000704a00000, 0x0000000704b00000|  0%| F|  |TAMS 0x0000000704a00000, 0x0000000704a00000| Untracked 
|  43|0x0000000704b00000, 0x0000000704b00000, 0x0000000704c00000|  0%| F|  |TAMS 0x0000000704b00000, 0x0000000704b00000| Untracked 
|  44|0x0000000704c00000, 0x0000000704c00000, 0x0000000704d00000|  0%| F|  |TAMS 0x0000000704c00000, 0x0000000704c00000| Untracked 
|  45|0x0000000704d00000, 0x0000000704d00000, 0x0000000704e00000|  0%| F|  |TAMS 0x0000000704d00000, 0x0000000704d00000| Untracked 
|  46|0x0000000704e00000, 0x0000000704e00000, 0x0000000704f00000|  0%| F|  |TAMS 0x0000000704e00000, 0x0000000704e00000| Untracked 
|  47|0x0000000704f00000, 0x0000000704f00000, 0x0000000705000000|  0%| F|  |TAMS 0x0000000704f00000, 0x0000000704f00000| Untracked 
|  48|0x0000000705000000, 0x0000000705000000, 0x0000000705100000|  0%| F|  |TAMS 0x0000000705000000, 0x0000000705000000| Untracked 
|  49|0x0000000705100000, 0x0000000705100000, 0x0000000705200000|  0%| F|  |TAMS 0x0000000705100000, 0x0000000705100000| Untracked 
|  50|0x0000000705200000, 0x0000000705200000, 0x0000000705300000|  0%| F|  |TAMS 0x0000000705200000, 0x0000000705200000| Untracked 
|  51|0x0000000705300000, 0x0000000705300000, 0x0000000705400000|  0%| F|  |TAMS 0x0000000705300000, 0x0000000705300000| Untracked 
|  52|0x0000000705400000, 0x0000000705400000, 0x0000000705500000|  0%| F|  |TAMS 0x0000000705400000, 0x0000000705400000| Untracked 
|  53|0x0000000705500000, 0x0000000705500000, 0x0000000705600000|  0%| F|  |TAMS 0x0000000705500000, 0x0000000705500000| Untracked 
|  54|0x0000000705600000, 0x0000000705600000, 0x0000000705700000|  0%| F|  |TAMS 0x0000000705600000, 0x0000000705600000| Untracked 
|  55|0x0000000705700000, 0x0000000705700000, 0x0000000705800000|  0%| F|  |TAMS 0x0000000705700000, 0x0000000705700000| Untracked 
|  56|0x0000000705800000, 0x0000000705800000, 0x0000000705900000|  0%| F|  |TAMS 0x0000000705800000, 0x0000000705800000| Untracked 
|  57|0x0000000705900000, 0x0000000705900000, 0x0000000705a00000|  0%| F|  |TAMS 0x0000000705900000, 0x0000000705900000| Untracked 
|  58|0x0000000705a00000, 0x0000000705a00000, 0x0000000705b00000|  0%| F|  |TAMS 0x0000000705a00000, 0x0000000705a00000| Untracked 
|  59|0x0000000705b00000, 0x0000000705b00000, 0x0000000705c00000|  0%| F|  |TAMS 0x0000000705b00000, 0x0000000705b00000| Untracked 
|  60|0x0000000705c00000, 0x0000000705c00000, 0x0000000705d00000|  0%| F|  |TAMS 0x0000000705c00000, 0x0000000705c00000| Untracked 
|  61|0x0000000705d00000, 0x0000000705d00000, 0x0000000705e00000|  0%| F|  |TAMS 0x0000000705d00000, 0x0000000705d00000| Untracked 
|  62|0x0000000705e00000, 0x0000000705e00000, 0x0000000705f00000|  0%| F|  |TAMS 0x0000000705e00000, 0x0000000705e00000| Untracked 
|  63|0x0000000705f00000, 0x0000000705f00000, 0x0000000706000000|  0%| F|  |TAMS 0x0000000705f00000, 0x0000000705f00000| Untracked 
|  64|0x0000000706000000, 0x0000000706000000, 0x0000000706100000|  0%| F|  |TAMS 0x0000000706000000, 0x0000000706000000| Untracked 
|  65|0x0000000706100000, 0x0000000706100000, 0x0000000706200000|  0%| F|  |TAMS 0x0000000706100000, 0x0000000706100000| Untracked 
|  66|0x0000000706200000, 0x0000000706200000, 0x0000000706300000|  0%| F|  |TAMS 0x0000000706200000, 0x0000000706200000| Untracked 
|  67|0x0000000706300000, 0x0000000706300000, 0x0000000706400000|  0%| F|  |TAMS 0x0000000706300000, 0x0000000706300000| Untracked 
|  68|0x0000000706400000, 0x0000000706400000, 0x0000000706500000|  0%| F|  |TAMS 0x0000000706400000, 0x0000000706400000| Untracked 
|  69|0x0000000706500000, 0x0000000706500000, 0x0000000706600000|  0%| F|  |TAMS 0x0000000706500000, 0x0000000706500000| Untracked 
|  70|0x0000000706600000, 0x0000000706600000, 0x0000000706700000|  0%| F|  |TAMS 0x0000000706600000, 0x0000000706600000| Untracked 
|  71|0x0000000706700000, 0x0000000706700000, 0x0000000706800000|  0%| F|  |TAMS 0x0000000706700000, 0x0000000706700000| Untracked 
|  72|0x0000000706800000, 0x0000000706800000, 0x0000000706900000|  0%| F|  |TAMS 0x0000000706800000, 0x0000000706800000| Untracked 
|  73|0x0000000706900000, 0x0000000706900000, 0x0000000706a00000|  0%| F|  |TAMS 0x0000000706900000, 0x0000000706900000| Untracked 
|  74|0x0000000706a00000, 0x0000000706a00000, 0x0000000706b00000|  0%| F|  |TAMS 0x0000000706a00000, 0x0000000706a00000| Untracked 
|  75|0x0000000706b00000, 0x0000000706b00000, 0x0000000706c00000|  0%| F|  |TAMS 0x0000000706b00000, 0x0000000706b00000| Untracked 
|  76|0x0000000706c00000, 0x0000000706c00000, 0x0000000706d00000|  0%| F|  |TAMS 0x0000000706c00000, 0x0000000706c00000| Untracked 
|  77|0x0000000706d00000, 0x0000000706d00000, 0x0000000706e00000|  0%| F|  |TAMS 0x0000000706d00000, 0x0000000706d00000| Untracked 
|  78|0x0000000706e00000, 0x0000000706e00000, 0x0000000706f00000|  0%| F|  |TAMS 0x0000000706e00000, 0x0000000706e00000| Untracked 
|  79|0x0000000706f00000, 0x0000000706f00000, 0x0000000707000000|  0%| F|  |TAMS 0x0000000706f00000, 0x0000000706f00000| Untracked 
|  80|0x0000000707000000, 0x0000000707000000, 0x0000000707100000|  0%| F|  |TAMS 0x0000000707000000, 0x0000000707000000| Untracked 
|  81|0x0000000707100000, 0x0000000707100000, 0x0000000707200000|  0%| F|  |TAMS 0x0000000707100000, 0x0000000707100000| Untracked 
|  82|0x0000000707200000, 0x0000000707200000, 0x0000000707300000|  0%| F|  |TAMS 0x0000000707200000, 0x0000000707200000| Untracked 
|  83|0x0000000707300000, 0x0000000707300000, 0x0000000707400000|  0%| F|  |TAMS 0x0000000707300000, 0x0000000707300000| Untracked 
|  84|0x0000000707400000, 0x0000000707400000, 0x0000000707500000|  0%| F|  |TAMS 0x0000000707400000, 0x0000000707400000| Untracked 
|  85|0x0000000707500000, 0x0000000707500000, 0x0000000707600000|  0%| F|  |TAMS 0x0000000707500000, 0x0000000707500000| Untracked 
|  86|0x0000000707600000, 0x0000000707600000, 0x0000000707700000|  0%| F|  |TAMS 0x0000000707600000, 0x0000000707600000| Untracked 
|  87|0x0000000707700000, 0x0000000707700000, 0x0000000707800000|  0%| F|  |TAMS 0x0000000707700000, 0x0000000707700000| Untracked 
|  88|0x0000000707800000, 0x0000000707800000, 0x0000000707900000|  0%| F|  |TAMS 0x0000000707800000, 0x0000000707800000| Untracked 
|  89|0x0000000707900000, 0x0000000707900000, 0x0000000707a00000|  0%| F|  |TAMS 0x0000000707900000, 0x0000000707900000| Untracked 
|  90|0x0000000707a00000, 0x0000000707a00000, 0x0000000707b00000|  0%| F|  |TAMS 0x0000000707a00000, 0x0000000707a00000| Untracked 
|  91|0x0000000707b00000, 0x0000000707b00000, 0x0000000707c00000|  0%| F|  |TAMS 0x0000000707b00000, 0x0000000707b00000| Untracked 
|  92|0x0000000707c00000, 0x0000000707c00000, 0x0000000707d00000|  0%| F|  |TAMS 0x0000000707c00000, 0x0000000707c00000| Untracked 
|  93|0x0000000707d00000, 0x0000000707d00000, 0x0000000707e00000|  0%| F|  |TAMS 0x0000000707d00000, 0x0000000707d00000| Untracked 
|  94|0x0000000707e00000, 0x0000000707e00000, 0x0000000707f00000|  0%| F|  |TAMS 0x0000000707e00000, 0x0000000707e00000| Untracked 
|  95|0x0000000707f00000, 0x0000000707f00000, 0x0000000708000000|  0%| F|  |TAMS 0x0000000707f00000, 0x0000000707f00000| Untracked 
|  96|0x0000000708000000, 0x0000000708000000, 0x0000000708100000|  0%| F|  |TAMS 0x0000000708000000, 0x0000000708000000| Untracked 
|  97|0x0000000708100000, 0x0000000708100000, 0x0000000708200000|  0%| F|  |TAMS 0x0000000708100000, 0x0000000708100000| Untracked 
|  98|0x0000000708200000, 0x0000000708200000, 0x0000000708300000|  0%| F|  |TAMS 0x0000000708200000, 0x0000000708200000| Untracked 
|  99|0x0000000708300000, 0x0000000708300000, 0x0000000708400000|  0%| F|  |TAMS 0x0000000708300000, 0x0000000708300000| Untracked 
| 100|0x0000000708400000, 0x0000000708400000, 0x0000000708500000|  0%| F|  |TAMS 0x0000000708400000, 0x0000000708400000| Untracked 
| 101|0x0000000708500000, 0x0000000708500000, 0x0000000708600000|  0%| F|  |TAMS 0x0000000708500000, 0x0000000708500000| Untracked 
| 102|0x0000000708600000, 0x0000000708600000, 0x0000000708700000|  0%| F|  |TAMS 0x0000000708600000, 0x0000000708600000| Untracked 
| 103|0x0000000708700000, 0x0000000708700000, 0x0000000708800000|  0%| F|  |TAMS 0x0000000708700000, 0x0000000708700000| Untracked 
| 104|0x0000000708800000, 0x0000000708800000, 0x0000000708900000|  0%| F|  |TAMS 0x0000000708800000, 0x0000000708800000| Untracked 
| 105|0x0000000708900000, 0x0000000708900000, 0x0000000708a00000|  0%| F|  |TAMS 0x0000000708900000, 0x0000000708900000| Untracked 
| 106|0x0000000708a00000, 0x0000000708a00000, 0x0000000708b00000|  0%| F|  |TAMS 0x0000000708a00000, 0x0000000708a00000| Untracked 
| 107|0x0000000708b00000, 0x0000000708b00000, 0x0000000708c00000|  0%| F|  |TAMS 0x0000000708b00000, 0x0000000708b00000| Untracked 
| 108|0x0000000708c00000, 0x0000000708c00000, 0x0000000708d00000|  0%| F|  |TAMS 0x0000000708c00000, 0x0000000708c00000| Untracked 
| 109|0x0000000708d00000, 0x0000000708d00000, 0x0000000708e00000|  0%| F|  |TAMS 0x0000000708d00000, 0x0000000708d00000| Untracked 
| 110|0x0000000708e00000, 0x0000000708e00000, 0x0000000708f00000|  0%| F|  |TAMS 0x0000000708e00000, 0x0000000708e00000| Untracked 
| 111|0x0000000708f00000, 0x0000000708f00000, 0x0000000709000000|  0%| F|  |TAMS 0x0000000708f00000, 0x0000000708f00000| Untracked 
| 112|0x0000000709000000, 0x0000000709000000, 0x0000000709100000|  0%| F|  |TAMS 0x0000000709000000, 0x0000000709000000| Untracked 
| 113|0x0000000709100000, 0x0000000709100000, 0x0000000709200000|  0%| F|  |TAMS 0x0000000709100000, 0x0000000709100000| Untracked 
| 114|0x0000000709200000, 0x0000000709200000, 0x0000000709300000|  0%| F|  |TAMS 0x0000000709200000, 0x0000000709200000| Untracked 
| 115|0x0000000709300000, 0x0000000709300000, 0x0000000709400000|  0%| F|  |TAMS 0x0000000709300000, 0x0000000709300000| Untracked 
| 116|0x0000000709400000, 0x0000000709400000, 0x0000000709500000|  0%| F|  |TAMS 0x0000000709400000, 0x0000000709400000| Untracked 
| 117|0x0000000709500000, 0x0000000709500000, 0x0000000709600000|  0%| F|  |TAMS 0x0000000709500000, 0x0000000709500000| Untracked 
| 118|0x0000000709600000, 0x0000000709600000, 0x0000000709700000|  0%| F|  |TAMS 0x0000000709600000, 0x0000000709600000| Untracked 
| 119|0x0000000709700000, 0x0000000709700000, 0x0000000709800000|  0%| F|  |TAMS 0x0000000709700000, 0x0000000709700000| Untracked 
| 120|0x0000000709800000, 0x0000000709800000, 0x0000000709900000|  0%| F|  |TAMS 0x0000000709800000, 0x0000000709800000| Untracked 
| 121|0x0000000709900000, 0x0000000709900000, 0x0000000709a00000|  0%| F|  |TAMS 0x0000000709900000, 0x0000000709900000| Untracked 
| 122|0x0000000709a00000, 0x0000000709a00000, 0x0000000709b00000|  0%| F|  |TAMS 0x0000000709a00000, 0x0000000709a00000| Untracked 
| 123|0x0000000709b00000, 0x0000000709b00000, 0x0000000709c00000|  0%| F|  |TAMS 0x0000000709b00000, 0x0000000709b00000| Untracked 
| 124|0x0000000709c00000, 0x0000000709c00000, 0x0000000709d00000|  0%| F|  |TAMS 0x0000000709c00000, 0x0000000709c00000| Untracked 
| 125|0x0000000709d00000, 0x0000000709d00000, 0x0000000709e00000|  0%| F|  |TAMS 0x0000000709d00000, 0x0000000709d00000| Untracked 
| 126|0x0000000709e00000, 0x0000000709e00000, 0x0000000709f00000|  0%| F|  |TAMS 0x0000000709e00000, 0x0000000709e00000| Untracked 
| 127|0x0000000709f00000, 0x0000000709f00000, 0x000000070a000000|  0%| F|  |TAMS 0x0000000709f00000, 0x0000000709f00000| Untracked 
| 128|0x000000070a000000, 0x000000070a000000, 0x000000070a100000|  0%| F|  |TAMS 0x000000070a000000, 0x000000070a000000| Untracked 
| 129|0x000000070a100000, 0x000000070a100000, 0x000000070a200000|  0%| F|  |TAMS 0x000000070a100000, 0x000000070a100000| Untracked 
| 130|0x000000070a200000, 0x000000070a200000, 0x000000070a300000|  0%| F|  |TAMS 0x000000070a200000, 0x000000070a200000| Untracked 
| 131|0x000000070a300000, 0x000000070a300000, 0x000000070a400000|  0%| F|  |TAMS 0x000000070a300000, 0x000000070a300000| Untracked 
| 132|0x000000070a400000, 0x000000070a400000, 0x000000070a500000|  0%| F|  |TAMS 0x000000070a400000, 0x000000070a400000| Untracked 
| 133|0x000000070a500000, 0x000000070a500000, 0x000000070a600000|  0%| F|  |TAMS 0x000000070a500000, 0x000000070a500000| Untracked 
| 134|0x000000070a600000, 0x000000070a600000, 0x000000070a700000|  0%| F|  |TAMS 0x000000070a600000, 0x000000070a600000| Untracked 
| 135|0x000000070a700000, 0x000000070a700000, 0x000000070a800000|  0%| F|  |TAMS 0x000000070a700000, 0x000000070a700000| Untracked 
| 136|0x000000070a800000, 0x000000070a800000, 0x000000070a900000|  0%| F|  |TAMS 0x000000070a800000, 0x000000070a800000| Untracked 
| 137|0x000000070a900000, 0x000000070a900000, 0x000000070aa00000|  0%| F|  |TAMS 0x000000070a900000, 0x000000070a900000| Untracked 
| 138|0x000000070aa00000, 0x000000070aa00000, 0x000000070ab00000|  0%| F|  |TAMS 0x000000070aa00000, 0x000000070aa00000| Untracked 
| 139|0x000000070ab00000, 0x000000070ab00000, 0x000000070ac00000|  0%| F|  |TAMS 0x000000070ab00000, 0x000000070ab00000| Untracked 
| 140|0x000000070ac00000, 0x000000070ac00000, 0x000000070ad00000|  0%| F|  |TAMS 0x000000070ac00000, 0x000000070ac00000| Untracked 
| 141|0x000000070ad00000, 0x000000070ad00000, 0x000000070ae00000|  0%| F|  |TAMS 0x000000070ad00000, 0x000000070ad00000| Untracked 
| 142|0x000000070ae00000, 0x000000070ae00000, 0x000000070af00000|  0%| F|  |TAMS 0x000000070ae00000, 0x000000070ae00000| Untracked 
| 143|0x000000070af00000, 0x000000070af00000, 0x000000070b000000|  0%| F|  |TAMS 0x000000070af00000, 0x000000070af00000| Untracked 
| 144|0x000000070b000000, 0x000000070b000000, 0x000000070b100000|  0%| F|  |TAMS 0x000000070b000000, 0x000000070b000000| Untracked 
| 145|0x000000070b100000, 0x000000070b100000, 0x000000070b200000|  0%| F|  |TAMS 0x000000070b100000, 0x000000070b100000| Untracked 
| 146|0x000000070b200000, 0x000000070b200000, 0x000000070b300000|  0%| F|  |TAMS 0x000000070b200000, 0x000000070b200000| Untracked 
| 147|0x000000070b300000, 0x000000070b300000, 0x000000070b400000|  0%| F|  |TAMS 0x000000070b300000, 0x000000070b300000| Untracked 
| 148|0x000000070b400000, 0x000000070b400000, 0x000000070b500000|  0%| F|  |TAMS 0x000000070b400000, 0x000000070b400000| Untracked 
| 149|0x000000070b500000, 0x000000070b500000, 0x000000070b600000|  0%| F|  |TAMS 0x000000070b500000, 0x000000070b500000| Untracked 
| 150|0x000000070b600000, 0x000000070b600000, 0x000000070b700000|  0%| F|  |TAMS 0x000000070b600000, 0x000000070b600000| Untracked 
| 151|0x000000070b700000, 0x000000070b700000, 0x000000070b800000|  0%| F|  |TAMS 0x000000070b700000, 0x000000070b700000| Untracked 
| 152|0x000000070b800000, 0x000000070b800000, 0x000000070b900000|  0%| F|  |TAMS 0x000000070b800000, 0x000000070b800000| Untracked 
| 153|0x000000070b900000, 0x000000070b900000, 0x000000070ba00000|  0%| F|  |TAMS 0x000000070b900000, 0x000000070b900000| Untracked 
| 154|0x000000070ba00000, 0x000000070ba00000, 0x000000070bb00000|  0%| F|  |TAMS 0x000000070ba00000, 0x000000070ba00000| Untracked 
| 155|0x000000070bb00000, 0x000000070bb00000, 0x000000070bc00000|  0%| F|  |TAMS 0x000000070bb00000, 0x000000070bb00000| Untracked 
| 156|0x000000070bc00000, 0x000000070bc00000, 0x000000070bd00000|  0%| F|  |TAMS 0x000000070bc00000, 0x000000070bc00000| Untracked 
| 157|0x000000070bd00000, 0x000000070bd00000, 0x000000070be00000|  0%| F|  |TAMS 0x000000070bd00000, 0x000000070bd00000| Untracked 
| 158|0x000000070be00000, 0x000000070be00000, 0x000000070bf00000|  0%| F|  |TAMS 0x000000070be00000, 0x000000070be00000| Untracked 
| 159|0x000000070bf00000, 0x000000070bf00000, 0x000000070c000000|  0%| F|  |TAMS 0x000000070bf00000, 0x000000070bf00000| Untracked 
| 160|0x000000070c000000, 0x000000070c000000, 0x000000070c100000|  0%| F|  |TAMS 0x000000070c000000, 0x000000070c000000| Untracked 
| 161|0x000000070c100000, 0x000000070c100000, 0x000000070c200000|  0%| F|  |TAMS 0x000000070c100000, 0x000000070c100000| Untracked 
| 162|0x000000070c200000, 0x000000070c200000, 0x000000070c300000|  0%| F|  |TAMS 0x000000070c200000, 0x000000070c200000| Untracked 
| 163|0x000000070c300000, 0x000000070c300000, 0x000000070c400000|  0%| F|  |TAMS 0x000000070c300000, 0x000000070c300000| Untracked 
| 164|0x000000070c400000, 0x000000070c400000, 0x000000070c500000|  0%| F|  |TAMS 0x000000070c400000, 0x000000070c400000| Untracked 
| 165|0x000000070c500000, 0x000000070c500000, 0x000000070c600000|  0%| F|  |TAMS 0x000000070c500000, 0x000000070c500000| Untracked 
| 166|0x000000070c600000, 0x000000070c600000, 0x000000070c700000|  0%| F|  |TAMS 0x000000070c600000, 0x000000070c600000| Untracked 
| 167|0x000000070c700000, 0x000000070c700000, 0x000000070c800000|  0%| F|  |TAMS 0x000000070c700000, 0x000000070c700000| Untracked 
| 168|0x000000070c800000, 0x000000070c800000, 0x000000070c900000|  0%| F|  |TAMS 0x000000070c800000, 0x000000070c800000| Untracked 
| 169|0x000000070c900000, 0x000000070c900000, 0x000000070ca00000|  0%| F|  |TAMS 0x000000070c900000, 0x000000070c900000| Untracked 
| 170|0x000000070ca00000, 0x000000070ca00000, 0x000000070cb00000|  0%| F|  |TAMS 0x000000070ca00000, 0x000000070ca00000| Untracked 
| 171|0x000000070cb00000, 0x000000070cb00000, 0x000000070cc00000|  0%| F|  |TAMS 0x000000070cb00000, 0x000000070cb00000| Untracked 
| 172|0x000000070cc00000, 0x000000070cc00000, 0x000000070cd00000|  0%| F|  |TAMS 0x000000070cc00000, 0x000000070cc00000| Untracked 
| 173|0x000000070cd00000, 0x000000070cd00000, 0x000000070ce00000|  0%| F|  |TAMS 0x000000070cd00000, 0x000000070cd00000| Untracked 
| 174|0x000000070ce00000, 0x000000070ce00000, 0x000000070cf00000|  0%| F|  |TAMS 0x000000070ce00000, 0x000000070ce00000| Untracked 
| 175|0x000000070cf00000, 0x000000070cf00000, 0x000000070d000000|  0%| F|  |TAMS 0x000000070cf00000, 0x000000070cf00000| Untracked 
| 176|0x000000070d000000, 0x000000070d000000, 0x000000070d100000|  0%| F|  |TAMS 0x000000070d000000, 0x000000070d000000| Untracked 
| 177|0x000000070d100000, 0x000000070d100000, 0x000000070d200000|  0%| F|  |TAMS 0x000000070d100000, 0x000000070d100000| Untracked 
| 178|0x000000070d200000, 0x000000070d200000, 0x000000070d300000|  0%| F|  |TAMS 0x000000070d200000, 0x000000070d200000| Untracked 
| 179|0x000000070d300000, 0x000000070d300000, 0x000000070d400000|  0%| F|  |TAMS 0x000000070d300000, 0x000000070d300000| Untracked 
| 180|0x000000070d400000, 0x000000070d400000, 0x000000070d500000|  0%| F|  |TAMS 0x000000070d400000, 0x000000070d400000| Untracked 
| 181|0x000000070d500000, 0x000000070d500000, 0x000000070d600000|  0%| F|  |TAMS 0x000000070d500000, 0x000000070d500000| Untracked 
| 182|0x000000070d600000, 0x000000070d600000, 0x000000070d700000|  0%| F|  |TAMS 0x000000070d600000, 0x000000070d600000| Untracked 
| 183|0x000000070d700000, 0x000000070d700000, 0x000000070d800000|  0%| F|  |TAMS 0x000000070d700000, 0x000000070d700000| Untracked 
| 184|0x000000070d800000, 0x000000070d800000, 0x000000070d900000|  0%| F|  |TAMS 0x000000070d800000, 0x000000070d800000| Untracked 
| 185|0x000000070d900000, 0x000000070d900000, 0x000000070da00000|  0%| F|  |TAMS 0x000000070d900000, 0x000000070d900000| Untracked 
| 186|0x000000070da00000, 0x000000070da00000, 0x000000070db00000|  0%| F|  |TAMS 0x000000070da00000, 0x000000070da00000| Untracked 
| 187|0x000000070db00000, 0x000000070db00000, 0x000000070dc00000|  0%| F|  |TAMS 0x000000070db00000, 0x000000070db00000| Untracked 
| 188|0x000000070dc00000, 0x000000070dc00000, 0x000000070dd00000|  0%| F|  |TAMS 0x000000070dc00000, 0x000000070dc00000| Untracked 
| 189|0x000000070dd00000, 0x000000070dd00000, 0x000000070de00000|  0%| F|  |TAMS 0x000000070dd00000, 0x000000070dd00000| Untracked 
| 190|0x000000070de00000, 0x000000070de00000, 0x000000070df00000|  0%| F|  |TAMS 0x000000070de00000, 0x000000070de00000| Untracked 
| 191|0x000000070df00000, 0x000000070df00000, 0x000000070e000000|  0%| F|  |TAMS 0x000000070df00000, 0x000000070df00000| Untracked 
| 192|0x000000070e000000, 0x000000070e000000, 0x000000070e100000|  0%| F|  |TAMS 0x000000070e000000, 0x000000070e000000| Untracked 
| 193|0x000000070e100000, 0x000000070e200000, 0x000000070e200000|100%| S|  |TAMS 0x000000070e100000, 0x000000070e100000| Complete 
| 194|0x000000070e200000, 0x000000070e300000, 0x000000070e300000|100%| S|  |TAMS 0x000000070e200000, 0x000000070e200000| Complete 
| 195|0x000000070e300000, 0x000000070e400000, 0x000000070e400000|100%| S|  |TAMS 0x000000070e300000, 0x000000070e300000| Complete 
| 196|0x000000070e400000, 0x000000070e500000, 0x000000070e500000|100%| S|  |TAMS 0x000000070e400000, 0x000000070e400000| Complete 
| 197|0x000000070e500000, 0x000000070e600000, 0x000000070e600000|100%| S|  |TAMS 0x000000070e500000, 0x000000070e500000| Complete 
| 198|0x000000070e600000, 0x000000070e700000, 0x000000070e700000|100%| S|  |TAMS 0x000000070e600000, 0x000000070e600000| Complete 
| 199|0x000000070e700000, 0x000000070e800000, 0x000000070e800000|100%| E|CS|TAMS 0x000000070e700000, 0x000000070e700000| Complete 
| 200|0x000000070e800000, 0x000000070e900000, 0x000000070e900000|100%| E|CS|TAMS 0x000000070e800000, 0x000000070e800000| Complete 
| 201|0x000000070e900000, 0x000000070ea00000, 0x000000070ea00000|100%| E|CS|TAMS 0x000000070e900000, 0x000000070e900000| Complete 
| 202|0x000000070ea00000, 0x000000070eb00000, 0x000000070eb00000|100%| E|CS|TAMS 0x000000070ea00000, 0x000000070ea00000| Complete 
| 203|0x000000070eb00000, 0x000000070ec00000, 0x000000070ec00000|100%| E|CS|TAMS 0x000000070eb00000, 0x000000070eb00000| Complete 
| 204|0x000000070ec00000, 0x000000070ed00000, 0x000000070ed00000|100%| E|CS|TAMS 0x000000070ec00000, 0x000000070ec00000| Complete 
| 205|0x000000070ed00000, 0x000000070ee00000, 0x000000070ee00000|100%| E|CS|TAMS 0x000000070ed00000, 0x000000070ed00000| Complete 
| 206|0x000000070ee00000, 0x000000070ef00000, 0x000000070ef00000|100%| E|CS|TAMS 0x000000070ee00000, 0x000000070ee00000| Complete 
| 207|0x000000070ef00000, 0x000000070f000000, 0x000000070f000000|100%| E|CS|TAMS 0x000000070ef00000, 0x000000070ef00000| Complete 
| 208|0x000000070f000000, 0x000000070f0d1ac0, 0x000000070f100000| 81%| E|CS|TAMS 0x000000070f000000, 0x000000070f000000| Complete 
| 209|0x000000070f100000, 0x000000070f200000, 0x000000070f200000|100%| E|CS|TAMS 0x000000070f100000, 0x000000070f100000| Complete 
| 210|0x000000070f200000, 0x000000070f300000, 0x000000070f300000|100%| E|CS|TAMS 0x000000070f200000, 0x000000070f200000| Complete 
| 211|0x000000070f300000, 0x000000070f400000, 0x000000070f400000|100%| E|CS|TAMS 0x000000070f300000, 0x000000070f300000| Complete 
| 212|0x000000070f400000, 0x000000070f500000, 0x000000070f500000|100%| E|CS|TAMS 0x000000070f400000, 0x000000070f400000| Complete 
| 213|0x000000070f500000, 0x000000070f600000, 0x000000070f600000|100%| E|CS|TAMS 0x000000070f500000, 0x000000070f500000| Complete 
| 214|0x000000070f600000, 0x000000070f700000, 0x000000070f700000|100%| E|CS|TAMS 0x000000070f600000, 0x000000070f600000| Complete 
| 215|0x000000070f700000, 0x000000070f800000, 0x000000070f800000|100%| E|CS|TAMS 0x000000070f700000, 0x000000070f700000| Complete 
| 216|0x000000070f800000, 0x000000070f900000, 0x000000070f900000|100%| E|CS|TAMS 0x000000070f800000, 0x000000070f800000| Complete 
| 217|0x000000070f900000, 0x000000070fa00000, 0x000000070fa00000|100%| E|CS|TAMS 0x000000070f900000, 0x000000070f900000| Complete 
| 218|0x000000070fa00000, 0x000000070fb00000, 0x000000070fb00000|100%| E|CS|TAMS 0x000000070fa00000, 0x000000070fa00000| Complete 
| 219|0x000000070fb00000, 0x000000070fc00000, 0x000000070fc00000|100%| E|CS|TAMS 0x000000070fb00000, 0x000000070fb00000| Complete 
| 220|0x000000070fc00000, 0x000000070fd00000, 0x000000070fd00000|100%| E|CS|TAMS 0x000000070fc00000, 0x000000070fc00000| Complete 
| 221|0x000000070fd00000, 0x000000070fe00000, 0x000000070fe00000|100%| E|CS|TAMS 0x000000070fd00000, 0x000000070fd00000| Complete 
| 222|0x000000070fe00000, 0x000000070ff00000, 0x000000070ff00000|100%| E|CS|TAMS 0x000000070fe00000, 0x000000070fe00000| Complete 
| 223|0x000000070ff00000, 0x0000000710000000, 0x0000000710000000|100%| E|CS|TAMS 0x000000070ff00000, 0x000000070ff00000| Complete 
| 224|0x0000000710000000, 0x0000000710100000, 0x0000000710100000|100%| E|CS|TAMS 0x0000000710000000, 0x0000000710000000| Complete 
| 225|0x0000000710100000, 0x0000000710200000, 0x0000000710200000|100%| E|CS|TAMS 0x0000000710100000, 0x0000000710100000| Complete 
| 226|0x0000000710200000, 0x0000000710300000, 0x0000000710300000|100%| E|CS|TAMS 0x0000000710200000, 0x0000000710200000| Complete 
| 227|0x0000000710300000, 0x0000000710400000, 0x0000000710400000|100%| E|CS|TAMS 0x0000000710300000, 0x0000000710300000| Complete 
| 228|0x0000000710400000, 0x0000000710500000, 0x0000000710500000|100%| E|CS|TAMS 0x0000000710400000, 0x0000000710400000| Complete 
| 229|0x0000000710500000, 0x0000000710600000, 0x0000000710600000|100%| E|CS|TAMS 0x0000000710500000, 0x0000000710500000| Complete 
| 230|0x0000000710600000, 0x0000000710700000, 0x0000000710700000|100%| E|CS|TAMS 0x0000000710600000, 0x0000000710600000| Complete 
| 231|0x0000000710700000, 0x0000000710800000, 0x0000000710800000|100%| E|CS|TAMS 0x0000000710700000, 0x0000000710700000| Complete 
| 232|0x0000000710800000, 0x0000000710900000, 0x0000000710900000|100%| E|CS|TAMS 0x0000000710800000, 0x0000000710800000| Complete 
| 233|0x0000000710900000, 0x0000000710a00000, 0x0000000710a00000|100%| E|CS|TAMS 0x0000000710900000, 0x0000000710900000| Complete 
| 234|0x0000000710a00000, 0x0000000710b00000, 0x0000000710b00000|100%| E|CS|TAMS 0x0000000710a00000, 0x0000000710a00000| Complete 
| 235|0x0000000710b00000, 0x0000000710c00000, 0x0000000710c00000|100%| E|CS|TAMS 0x0000000710b00000, 0x0000000710b00000| Complete 
| 236|0x0000000710c00000, 0x0000000710d00000, 0x0000000710d00000|100%| E|CS|TAMS 0x0000000710c00000, 0x0000000710c00000| Complete 
| 237|0x0000000710d00000, 0x0000000710e00000, 0x0000000710e00000|100%| E|CS|TAMS 0x0000000710d00000, 0x0000000710d00000| Complete 
| 238|0x0000000710e00000, 0x0000000710f00000, 0x0000000710f00000|100%| E|CS|TAMS 0x0000000710e00000, 0x0000000710e00000| Complete 
| 239|0x0000000710f00000, 0x0000000711000000, 0x0000000711000000|100%| E|CS|TAMS 0x0000000710f00000, 0x0000000710f00000| Complete 
| 240|0x0000000711000000, 0x0000000711100000, 0x0000000711100000|100%| E|CS|TAMS 0x0000000711000000, 0x0000000711000000| Complete 
| 241|0x0000000711100000, 0x0000000711200000, 0x0000000711200000|100%| E|CS|TAMS 0x0000000711100000, 0x0000000711100000| Complete 
| 242|0x0000000711200000, 0x0000000711300000, 0x0000000711300000|100%| E|CS|TAMS 0x0000000711200000, 0x0000000711200000| Complete 
| 243|0x0000000711300000, 0x0000000711400000, 0x0000000711400000|100%| E|CS|TAMS 0x0000000711300000, 0x0000000711300000| Complete 
| 244|0x0000000711400000, 0x0000000711500000, 0x0000000711500000|100%| E|CS|TAMS 0x0000000711400000, 0x0000000711400000| Complete 
| 245|0x0000000711500000, 0x0000000711600000, 0x0000000711600000|100%| E|CS|TAMS 0x0000000711500000, 0x0000000711500000| Complete 
| 246|0x0000000711600000, 0x0000000711700000, 0x0000000711700000|100%| E|CS|TAMS 0x0000000711600000, 0x0000000711600000| Complete 
| 247|0x0000000711700000, 0x0000000711800000, 0x0000000711800000|100%| E|CS|TAMS 0x0000000711700000, 0x0000000711700000| Complete 
| 248|0x0000000711800000, 0x0000000711900000, 0x0000000711900000|100%| E|CS|TAMS 0x0000000711800000, 0x0000000711800000| Complete 
| 249|0x0000000711900000, 0x0000000711a00000, 0x0000000711a00000|100%| E|CS|TAMS 0x0000000711900000, 0x0000000711900000| Complete 
| 250|0x0000000711a00000, 0x0000000711b00000, 0x0000000711b00000|100%| E|CS|TAMS 0x0000000711a00000, 0x0000000711a00000| Complete 
| 251|0x0000000711b00000, 0x0000000711c00000, 0x0000000711c00000|100%| E|CS|TAMS 0x0000000711b00000, 0x0000000711b00000| Complete 
| 252|0x0000000711c00000, 0x0000000711d00000, 0x0000000711d00000|100%| E|CS|TAMS 0x0000000711c00000, 0x0000000711c00000| Complete 
| 253|0x0000000711d00000, 0x0000000711e00000, 0x0000000711e00000|100%| E|CS|TAMS 0x0000000711d00000, 0x0000000711d00000| Complete 

Card table byte_map: [0x000002bfb5ab0000,0x000002bfb62a0000] _byte_map_base: 0x000002bfb22a0000

Marking Bits (Prev, Next): (CMBitMap*) 0x000002bfa24d8fd0, (CMBitMap*) 0x000002bfa24d8f98
 Prev Bits: [0x000002bfbaa10000, 0x000002bfbe990000)
 Next Bits: [0x000002bfb6a90000, 0x000002bfbaa10000)

Polling page: 0x000002bfa03f0000

Metaspace:

Usage:
  Non-class:     27.86 MB capacity,    27.62 MB (>99%) used,   196.55 KB ( <1%) free+waste,    48.25 KB ( <1%) overhead. 
      Class:      4.08 MB capacity,     3.92 MB ( 96%) used,   142.12 KB (  3%) free+waste,    23.38 KB ( <1%) overhead. 
       Both:     31.94 MB capacity,    31.54 MB ( 99%) used,   338.66 KB (  1%) free+waste,    71.63 KB ( <1%) overhead. 

Virtual space:
  Non-class space:       28.00 MB reserved,      28.00 MB (100%) committed 
      Class space:        1.00 GB reserved,       4.12 MB ( <1%) committed 
             Both:        1.03 GB reserved,      32.12 MB (  3%) committed 

Chunk freelists:
   Non-Class:  19.00 KB
       Class:  13.00 KB
        Both:  32.00 KB

MaxMetaspaceSize: 17179869184.00 GB
CompressedClassSpaceSize: 1.00 GB
Initial GC threshold: 20.80 MB
Current GC threshold: 35.20 MB
CDS: off

CodeHeap 'non-profiled nmethods': size=120000Kb used=862Kb max_used=862Kb free=119137Kb
 bounds [0x000002bfada60000, 0x000002bfadcd0000, 0x000002bfb4f90000]
CodeHeap 'profiled nmethods': size=120000Kb used=4428Kb max_used=4428Kb free=115571Kb
 bounds [0x000002bfa6530000, 0x000002bfa6990000, 0x000002bfada60000]
CodeHeap 'non-nmethods': size=5760Kb used=1248Kb max_used=1264Kb free=4511Kb
 bounds [0x000002bfa5f90000, 0x000002bfa6200000, 0x000002bfa6530000]
 total_blobs=2787 nmethods=2261 adapters=437
 compilation: enabled
              stopped_count=0, restarted_count=0
 full_count=0

Compilation events (20 events):
Event: 1.283 Thread 0x000002bfc1e0e800 2261       1       org.jetbrains.kotlin.com.intellij.psi.tree.IElementType::getIndex (5 bytes)
Event: 1.283 Thread 0x000002bfc1e0e800 nmethod 2261 0x000002bfadb33210 code [0x000002bfadb333c0, 0x000002bfadb33478]
Event: 1.295 Thread 0x000002bfc1e0b000 nmethod 2230 0x000002bfadb33510 code [0x000002bfadb33720, 0x000002bfadb34c78]
Event: 1.295 Thread 0x000002bfc1e0b000 2254       4       org.jetbrains.kotlin.com.intellij.util.text.ByteArrayCharSequence::charAt (17 bytes)
Event: 1.295 Thread 0x000002bfc1e0e800 2262   !   3       org.jetbrains.kotlin.com.intellij.psi.tree.IElementType::<init> (295 bytes)
Event: 1.295 Thread 0x000002bfc1e0b000 nmethod 2254 0x000002bfadb35610 code [0x000002bfadb357a0, 0x000002bfadb35838]
Event: 1.295 Thread 0x000002bfc1e0b000 2255       4       org.jetbrains.kotlin.com.intellij.util.text.ImmutableText$Leaf8BitNode::byteToChar (7 bytes)
Event: 1.295 Thread 0x000002bfc1e0b000 nmethod 2255 0x000002bfadb35910 code [0x000002bfadb35aa0, 0x000002bfadb35af8]
Event: 1.295 Thread 0x000002bfc1e0b000 2232       4       org.jetbrains.kotlin.com.intellij.openapi.vfs.impl.ZipHandlerBase::store (74 bytes)
Event: 1.297 Thread 0x000002bfc1e0e800 nmethod 2262 0x000002bfa697d990 code [0x000002bfa697df60, 0x000002bfa6980fb8]
Event: 1.297 Thread 0x000002bfc1e0e800 2263       3       org.jetbrains.kotlin.com.intellij.psi.tree.IElementType::<init> (29 bytes)
Event: 1.297 Thread 0x000002bfc1e0e800 nmethod 2263 0x000002bfa6982510 code [0x000002bfa6982700, 0x000002bfa6982a48]
Event: 1.299 Thread 0x000002bfc1e0b000 nmethod 2232 0x000002bfadb35c10 code [0x000002bfadb35de0, 0x000002bfadb36178]
Event: 1.299 Thread 0x000002bfc1e0b000 2234       4       org.jetbrains.kotlin.com.intellij.util.text.ByteArrayCharSequence::convertToBytesIfPossible (75 bytes)
Event: 1.299 Thread 0x000002bfc1e0b000 nmethod 2234 0x000002bfadb36490 code [0x000002bfadb36620, 0x000002bfadb36678]
Event: 1.299 Thread 0x000002bfc1e0b000 2238       4       java.util.zip.ZipFile$ZipEntryIterator::nextElement (5 bytes)
Event: 1.302 Thread 0x000002bfc1e0b000 nmethod 2238 0x000002bfadb36790 code [0x000002bfadb36940, 0x000002bfadb36e88]
Event: 1.302 Thread 0x000002bfc1e0b000 2239   !   4       java.util.zip.ZipFile$ZipEntryIterator::next (76 bytes)
Event: 1.304 Thread 0x000002bfc1e0b000 nmethod 2239 0x000002bfadb37190 code [0x000002bfadb37340, 0x000002bfadb37888]
Event: 1.304 Thread 0x000002bfc1e0b000 2241       4       org.jetbrains.kotlin.com.intellij.openapi.vfs.impl.ZipHandlerBase::getOrCreate (305 bytes)

GC Heap History (4 events):
Event: 0.379 GC heap before
{Heap before GC invocations=0 (full 0):
 garbage-first heap   total 260096K, used 27648K [0x0000000702000000, 0x0000000800000000)
  region size 1024K, 24 young (24576K), 0 survivors (0K)
 Metaspace       used 12518K, capacity 12689K, committed 12800K, reserved 1060864K
  class space    used 1129K, capacity 1182K, committed 1280K, reserved 1048576K
}
Event: 0.381 GC heap after
{Heap after GC invocations=1 (full 0):
 garbage-first heap   total 260096K, used 6447K [0x0000000702000000, 0x0000000800000000)
  region size 1024K, 3 young (3072K), 3 survivors (3072K)
 Metaspace       used 12518K, capacity 12689K, committed 12800K, reserved 1060864K
  class space    used 1129K, capacity 1182K, committed 1280K, reserved 1048576K
}
Event: 0.777 GC heap before
{Heap before GC invocations=1 (full 0):
 garbage-first heap   total 260096K, used 42287K [0x0000000702000000, 0x0000000800000000)
  region size 1024K, 39 young (39936K), 3 survivors (3072K)
 Metaspace       used 20975K, capacity 21190K, committed 21248K, reserved 1069056K
  class space    used 2207K, capacity 2302K, committed 2304K, reserved 1048576K
}
Event: 0.785 GC heap after
{Heap after GC invocations=2 (full 0):
 garbage-first heap   total 260096K, used 10357K [0x0000000702000000, 0x0000000800000000)
  region size 1024K, 7 young (7168K), 7 survivors (7168K)
 Metaspace       used 20975K, capacity 21190K, committed 21248K, reserved 1069056K
  class space    used 2207K, capacity 2302K, committed 2304K, reserved 1048576K
}

Deoptimization events (20 events):
Event: 1.173 Thread 0x000002bfa2475800 Uncommon trap: trap_request=0xffffff4d fr.pc=0x000002bfada7ccb0 relative=0x00000000000009d0
Event: 1.173 Thread 0x000002bfa2475800 Uncommon trap: reason=unstable_if action=reinterpret pc=0x000002bfada7ccb0 method=java.util.zip.ZipFile$Source.getEntryPos([BZ)I @ 156 c2
Event: 1.173 Thread 0x000002bfa2475800 DEOPT PACKING pc=0x000002bfada7ccb0 sp=0x000000f0626fe000
Event: 1.173 Thread 0x000002bfa2475800 DEOPT UNPACKING pc=0x000002bfa5fda1af sp=0x000000f0626fdfa0 mode 2
Event: 1.178 Thread 0x000002bfa2475800 Uncommon trap: trap_request=0xffffffde fr.pc=0x000002bfadafc784 relative=0x0000000000000064
Event: 1.178 Thread 0x000002bfa2475800 Uncommon trap: reason=class_check action=maybe_recompile pc=0x000002bfadafc784 method=java.util.LinkedHashMap.afterNodeInsertion(Z)V @ 15 c2
Event: 1.178 Thread 0x000002bfa2475800 DEOPT PACKING pc=0x000002bfadafc784 sp=0x000000f0626fdd60
Event: 1.178 Thread 0x000002bfa2475800 DEOPT UNPACKING pc=0x000002bfa5fda1af sp=0x000000f0626fdcd8 mode 2
Event: 1.178 Thread 0x000002bfa2475800 Uncommon trap: trap_request=0xffffffde fr.pc=0x000002bfadafc784 relative=0x0000000000000064
Event: 1.178 Thread 0x000002bfa2475800 Uncommon trap: reason=class_check action=maybe_recompile pc=0x000002bfadafc784 method=java.util.LinkedHashMap.afterNodeInsertion(Z)V @ 15 c2
Event: 1.178 Thread 0x000002bfa2475800 DEOPT PACKING pc=0x000002bfadafc784 sp=0x000000f0626fdd60
Event: 1.178 Thread 0x000002bfa2475800 DEOPT UNPACKING pc=0x000002bfa5fda1af sp=0x000000f0626fdcd8 mode 2
Event: 1.211 Thread 0x000002bfa2475800 Uncommon trap: trap_request=0xffffff4d fr.pc=0x000002bfadb20654 relative=0x00000000000004d4
Event: 1.211 Thread 0x000002bfa2475800 Uncommon trap: reason=unstable_if action=reinterpret pc=0x000002bfadb20654 method=org.jetbrains.kotlin.com.intellij.openapi.vfs.impl.ZipEntryMap.isTheOne(Lorg/jetbrains/kotlin/com/intellij/openapi/vfs/impl/ArchiveHandler$EntryInfo;Ljava/lang/CharSequence;
Event: 1.211 Thread 0x000002bfa2475800 DEOPT PACKING pc=0x000002bfadb20654 sp=0x000000f0626fe020
Event: 1.211 Thread 0x000002bfa2475800 DEOPT UNPACKING pc=0x000002bfa5fda1af sp=0x000000f0626fdfd0 mode 2
Event: 1.220 Thread 0x000002bfa2475800 Uncommon trap: trap_request=0xffffff4d fr.pc=0x000002bfadb2572c relative=0x000000000000078c
Event: 1.220 Thread 0x000002bfa2475800 Uncommon trap: reason=unstable_if action=reinterpret pc=0x000002bfadb2572c method=org.jetbrains.kotlin.com.intellij.openapi.vfs.impl.ZipEntryMap.isTheOne(Lorg/jetbrains/kotlin/com/intellij/openapi/vfs/impl/ArchiveHandler$EntryInfo;Ljava/lang/CharSequence;
Event: 1.220 Thread 0x000002bfa2475800 DEOPT PACKING pc=0x000002bfadb2572c sp=0x000000f0626fe080
Event: 1.220 Thread 0x000002bfa2475800 DEOPT UNPACKING pc=0x000002bfa5fda1af sp=0x000000f0626fdfc8 mode 2

Classes redefined (0 events):
No events

Internal exceptions (20 events):
Event: 0.632 Thread 0x000002bfa2475800 Exception <a 'java/lang/NoSuchMethodError'{0x0000000710623348}: 'long java.lang.invoke.Invokers$Holder.invoke_MT(java.lang.Object, java.lang.Object, java.lang.Object, java.lang.Object)'> (0x0000000710623348) thrown at [./src/hotspot/share/interpreter/linkResolver.cpp, line 773]
Event: 0.632 Thread 0x000002bfa2475800 Exception <a 'java/lang/NoSuchMethodError'{0x00000007106269c8}: 'long java.lang.invoke.DelegatingMethodHandle$Holder.reinvoke_L(java.lang.Object, java.lang.Object, java.lang.Object)'> (0x00000007106269c8) thrown at [./src/hotspot/share/interpreter/linkResolver.cpp, line 773]
Event: 0.633 Thread 0x000002bfa2475800 Exception <a 'java/lang/NoSuchMethodError'{0x0000000710630688}: 'int java.lang.invoke.DirectMethodHandle$Holder.invokeSpecial(java.lang.Object, java.lang.Object, java.lang.Object, java.lang.Object)'> (0x0000000710630688) thrown at [./src/hotspot/share/interpreter/linkResolver.cpp, line 773]
Event: 0.634 Thread 0x000002bfa2475800 Exception <a 'java/lang/NoSuchMethodError'{0x000000071063f468}: 'int java.lang.invoke.DelegatingMethodHandle$Holder.reinvoke_L(java.lang.Object, java.lang.Object, java.lang.Object, long, int)'> (0x000000071063f468) thrown at [./src/hotspot/share/interpreter/linkResolver.cpp, line 773]
Event: 0.701 Thread 0x000002bfa2475800 Exception <a 'java/lang/NoSuchMethodError'{0x000000070ff802a0}: 'int java.lang.invoke.DirectMethodHandle$Holder.invokeSpecialIFC(java.lang.Object, java.lang.Object, int)'> (0x000000070ff802a0) thrown at [./src/hotspot/share/interpreter/linkResolver.cpp, line 773]
Event: 0.773 Thread 0x000002bfa2475800 Exception <a 'java/lang/NoSuchMethodError'{0x000000070f8dc0f0}: 'java.lang.Object java.lang.invoke.DirectMethodHandle$Holder.invokeStaticInit(java.lang.Object, int)'> (0x000000070f8dc0f0) thrown at [./src/hotspot/share/interpreter/linkResolver.cpp, line 773]
Event: 0.800 Thread 0x000002bfa2475800 Exception <a 'java/lang/NoSuchMethodError'{0x0000000711c4a548}: 'long java.lang.invoke.DirectMethodHandle$Holder.invokeStatic(java.lang.Object)'> (0x0000000711c4a548) thrown at [./src/hotspot/share/interpreter/linkResolver.cpp, line 773]
Event: 0.800 Thread 0x000002bfa2475800 Exception <a 'java/lang/NoSuchMethodError'{0x0000000711c4d3a0}: 'long java.lang.invoke.DirectMethodHandle$Holder.invokeStaticInit(java.lang.Object)'> (0x0000000711c4d3a0) thrown at [./src/hotspot/share/interpreter/linkResolver.cpp, line 773]
Event: 0.832 Thread 0x000002bfa2475800 Exception <a 'java/lang/NoSuchMethodError'{0x0000000711873838}: 'int java.lang.invoke.DirectMethodHandle$Holder.invokeStaticInit(java.lang.Object, java.lang.Object, java.lang.Object)'> (0x0000000711873838) thrown at [./src/hotspot/share/interpreter/linkResolver.cpp, line 773]
Event: 0.835 Thread 0x000002bfa2475800 Exception <a 'java/lang/NoSuchMethodError'{0x000000071189f158}: 'int java.lang.invoke.DirectMethodHandle$Holder.invokeStaticInit(java.lang.Object, java.lang.Object)'> (0x000000071189f158) thrown at [./src/hotspot/share/interpreter/linkResolver.cpp, line 773]
Event: 0.863 Thread 0x000002bfa2475800 Exception <a 'java/lang/NoSuchMethodError'{0x00000007116b08e0}: 'void java.lang.invoke.DirectMethodHandle$Holder.invokeSpecial(java.lang.Object, java.lang.Object)'> (0x00000007116b08e0) thrown at [./src/hotspot/share/interpreter/linkResolver.cpp, line 773]
Event: 0.959 Thread 0x000002bfa2475800 Exception <a 'java/lang/NoSuchMethodError'{0x0000000710d15c80}: 'java.lang.Object java.lang.invoke.DirectMethodHandle$Holder.invokeStatic(java.lang.Object, java.lang.Object, java.lang.Object, java.lang.Object, java.lang.Object, java.lang.Object, java.lang.Object, java.lang.Object, java.lang.Object, java.lang.Object, java.lang.Object, java.lang.Object, java.lang.Object, java.lang.Object, java.lang.Object)'> (0x0000000710d15c80) thrown at [./src/hotspot/share/interpreter/linkResolver.cpp, line 773]
Event: 0.959 Thread 0x000002bfa2475800 Exception <a 'java/lang/NoSuchMethodError'{0x0000000710d23c88}: 'java.lang.Object java.lang.invoke.DirectMethodHandle$Holder.invokeStatic(java.lang.Object, java.lang.Object, java.lang.Object, java.lang.Object, java.lang.Object, java.lang.Object, java.lang.Object, java.lang.Object, java.lang.Object, java.lang.Object, java.lang.Object, java.lang.Object, java.lang.Object, java.lang.Object, java.lang.Object, java.lang.Object)'> (0x0000000710d23c88) thrown at [./src/hotspot/share/interpreter/linkResolver.cpp, l
Event: 0.960 Thread 0x000002bfa2475800 Exception <a 'java/lang/NoSuchMethodError'{0x0000000710d31ba0}: 'java.lang.Object java.lang.invoke.DirectMethodHandle$Holder.invokeSpecial(java.lang.Object, java.lang.Object, int, int, java.lang.Object, java.lang.Object, java.lang.Object)'> (0x0000000710d31ba0) thrown at [./src/hotspot/share/interpreter/linkResolver.cpp, line 773]
Event: 0.960 Thread 0x000002bfa2475800 Exception <a 'java/lang/NoSuchMethodError'{0x0000000710d353d8}: 'java.lang.Object java.lang.invoke.DelegatingMethodHandle$Holder.reinvoke_L(java.lang.Object, int, int, java.lang.Object, java.lang.Object, java.lang.Object)'> (0x0000000710d353d8) thrown at [./src/hotspot/share/interpreter/linkResolver.cpp, line 773]
Event: 0.960 Thread 0x000002bfa2475800 Exception <a 'java/lang/NoSuchMethodError'{0x0000000710d39760}: 'java.lang.Object java.lang.invoke.DirectMethodHandle$Holder.invokeStatic(java.lang.Object, java.lang.Object, java.lang.Object, java.lang.Object, int)'> (0x0000000710d39760) thrown at [./src/hotspot/share/interpreter/linkResolver.cpp, line 773]
Event: 0.984 Thread 0x000002bfa2475800 Exception <a 'java/lang/NoSuchMethodError'{0x0000000710c5f138}: 'void java.lang.invoke.DirectMethodHandle$Holder.invokeStatic(java.lang.Object, java.lang.Object, java.lang.Object, java.lang.Object)'> (0x0000000710c5f138) thrown at [./src/hotspot/share/interpreter/linkResolver.cpp, line 773]
Event: 1.027 Thread 0x000002bfa2475800 Exception <a 'java/lang/NoSuchMethodError'{0x000000071083e9c8}: 'void java.lang.invoke.DirectMethodHandle$Holder.invokeStaticInit(java.lang.Object, java.lang.Object)'> (0x000000071083e9c8) thrown at [./src/hotspot/share/interpreter/linkResolver.cpp, line 773]
Event: 1.076 Thread 0x000002bfa2475800 Exception <a 'java/lang/NoSuchMethodError'{0x000000071046a118}: 'void java.lang.invoke.DirectMethodHandle$Holder.invokeVirtual(java.lang.Object, java.lang.Object)'> (0x000000071046a118) thrown at [./src/hotspot/share/interpreter/linkResolver.cpp, line 773]
Event: 1.082 Thread 0x000002bfa2475800 Exception <a 'java/lang/NoSuchMethodError'{0x00000007104f2618}: 'int java.lang.invoke.DirectMethodHandle$Holder.invokeVirtual(java.lang.Object, java.lang.Object)'> (0x00000007104f2618) thrown at [./src/hotspot/share/interpreter/linkResolver.cpp, line 773]

Events (20 events):
Event: 1.327 loading class org/jetbrains/kotlin/resolve/diagnostics/KotlinSuppressCache$filter$1
Event: 1.327 loading class org/jetbrains/kotlin/resolve/diagnostics/KotlinSuppressCache$filter$1 done
Event: 1.327 loading class org/jetbrains/kotlin/resolve/diagnostics/Diagnostics$Companion
Event: 1.327 loading class org/jetbrains/kotlin/resolve/diagnostics/Diagnostics$Companion done
Event: 1.328 loading class org/jetbrains/kotlin/resolve/diagnostics/Diagnostics$Companion$EMPTY$1
Event: 1.328 loading class org/jetbrains/kotlin/resolve/diagnostics/Diagnostics$Companion$EMPTY$1 done
Event: 1.328 loading class org/jetbrains/kotlin/com/intellij/psi/util/CachedValueProvider$Result
Event: 1.328 loading class org/jetbrains/kotlin/com/intellij/psi/util/CachedValueProvider$Result done
Event: 1.328 loading class org/jetbrains/kotlin/resolve/diagnostics/MutableDiagnosticsWithSuppression
Event: 1.328 loading class org/jetbrains/kotlin/resolve/diagnostics/MutableDiagnosticsWithSuppression done
Event: 1.328 loading class org/jetbrains/kotlin/resolve/diagnostics/MutableDiagnosticsWithSuppression
Event: 1.328 loading class org/jetbrains/kotlin/resolve/diagnostics/MutableDiagnosticsWithSuppression done
Event: 1.328 loading class org/jetbrains/kotlin/com/intellij/openapi/util/CompositeModificationTracker
Event: 1.328 loading class org/jetbrains/kotlin/com/intellij/openapi/util/CompositeModificationTracker done
Event: 1.328 loading class org/jetbrains/kotlin/cli/jvm/compiler/KotlinToJVMBytecodeCompiler$analyze$1$1
Event: 1.328 loading class org/jetbrains/kotlin/cli/jvm/compiler/KotlinToJVMBytecodeCompiler$analyze$1$1 done
Event: 1.329 loading class org/jetbrains/kotlin/cli/jvm/compiler/TopDownAnalyzerFacadeForJVM$analyzeFilesWithJavaIntegration$1
Event: 1.329 loading class org/jetbrains/kotlin/cli/jvm/compiler/TopDownAnalyzerFacadeForJVM$analyzeFilesWithJavaIntegration$1 done
Event: 1.329 loading class org/jetbrains/kotlin/resolve/CompilerEnvironment
Event: 1.329 loading class org/jetbrains/kotlin/resolve/CompilerEnvironment done


Dynamic libraries:
0x00007ff745780000 - 0x00007ff74578a000 	E:\Android\Android Studio\jre\bin\java.exe
0x00007ffd061b0000 - 0x00007ffd063c4000 	C:\WINDOWS\SYSTEM32\ntdll.dll
0x00007ffd04160000 - 0x00007ffd04222000 	C:\WINDOWS\System32\KERNEL32.DLL
0x00007ffd03a70000 - 0x00007ffd03e0d000 	C:\WINDOWS\System32\KERNELBASE.dll
0x00007ffd036c0000 - 0x00007ffd037d1000 	C:\WINDOWS\System32\ucrtbase.dll
0x00007ffcf5670000 - 0x00007ffcf5689000 	E:\Android\Android Studio\jre\bin\jli.dll
0x00007ffcf4ba0000 - 0x00007ffcf4bb7000 	E:\Android\Android Studio\jre\bin\VCRUNTIME140.dll
0x00007ffd03fb0000 - 0x00007ffd0415d000 	C:\WINDOWS\System32\USER32.dll
0x00007ffd02210000 - 0x00007ffd0249e000 	C:\WINDOWS\WinSxS\amd64_microsoft.windows.common-controls_6595b64144ccf1df_6.0.22621.608_none_a9444ca7c10bb01d\COMCTL32.dll
0x00007ffd03690000 - 0x00007ffd036b6000 	C:\WINDOWS\System32\win32u.dll
0x00007ffd04640000 - 0x00007ffd046e7000 	C:\WINDOWS\System32\msvcrt.dll
0x00007ffd054a0000 - 0x00007ffd054c9000 	C:\WINDOWS\System32\GDI32.dll
0x00007ffd03e80000 - 0x00007ffd03f92000 	C:\WINDOWS\System32\gdi32full.dll
0x00007ffd039d0000 - 0x00007ffd03a6a000 	C:\WINDOWS\System32\msvcp_win.dll
0x00007ffd046f0000 - 0x00007ffd04722000 	C:\WINDOWS\System32\IMM32.DLL
0x00007ffcf2bc0000 - 0x00007ffcf2c5d000 	E:\Android\Android Studio\jre\bin\msvcp140.dll
0x00007ffc98340000 - 0x00007ffc98e42000 	E:\Android\Android Studio\jre\bin\server\jvm.dll
0x00007ffd049d0000 - 0x00007ffd04a7e000 	C:\WINDOWS\System32\ADVAPI32.dll
0x00007ffd04230000 - 0x00007ffd042d4000 	C:\WINDOWS\System32\sechost.dll
0x00007ffd042e0000 - 0x00007ffd043f5000 	C:\WINDOWS\System32\RPCRT4.dll
0x00007ffd03fa0000 - 0x00007ffd03fa8000 	C:\WINDOWS\System32\PSAPI.DLL
0x00007ffd017c0000 - 0x00007ffd017f4000 	C:\WINDOWS\SYSTEM32\WINMM.dll
0x00007ffcf09e0000 - 0x00007ffcf09e9000 	C:\WINDOWS\SYSTEM32\WSOCK32.dll
0x00007ffcfa5d0000 - 0x00007ffcfa5da000 	C:\WINDOWS\SYSTEM32\VERSION.dll
0x00007ffd052e0000 - 0x00007ffd05351000 	C:\WINDOWS\System32\WS2_32.dll
0x00007ffd02630000 - 0x00007ffd02648000 	C:\WINDOWS\SYSTEM32\kernel.appcore.dll
0x00007ffcfea30000 - 0x00007ffcfea41000 	E:\Android\Android Studio\jre\bin\verify.dll
0x00007ffcfc4d0000 - 0x00007ffcfc6fe000 	C:\WINDOWS\SYSTEM32\DBGHELP.DLL
0x00007ffd05de0000 - 0x00007ffd0616a000 	C:\WINDOWS\System32\combase.dll
0x00007ffd04730000 - 0x00007ffd04807000 	C:\WINDOWS\System32\OLEAUT32.dll
0x00007ffce9400000 - 0x00007ffce9432000 	C:\WINDOWS\SYSTEM32\dbgcore.DLL
0x00007ffd037e0000 - 0x00007ffd0385b000 	C:\WINDOWS\System32\bcryptPrimitives.dll
0x00007ffcf5570000 - 0x00007ffcf5599000 	E:\Android\Android Studio\jre\bin\java.dll
0x00007ffd00330000 - 0x00007ffd0033b000 	E:\Android\Android Studio\jre\bin\jimage.dll
0x00007ffcf5650000 - 0x00007ffcf5668000 	E:\Android\Android Studio\jre\bin\zip.dll
0x00007ffd055d0000 - 0x00007ffd05dbf000 	C:\WINDOWS\System32\SHELL32.dll
0x00007ffd01940000 - 0x00007ffd02208000 	C:\WINDOWS\SYSTEM32\windows.storage.dll
0x00007ffd01800000 - 0x00007ffd0193e000 	C:\WINDOWS\SYSTEM32\wintypes.dll
0x00007ffd054d0000 - 0x00007ffd055c1000 	C:\WINDOWS\System32\SHCORE.dll
0x00007ffd04ad0000 - 0x00007ffd04b2e000 	C:\WINDOWS\System32\shlwapi.dll
0x00007ffd03500000 - 0x00007ffd03521000 	C:\WINDOWS\SYSTEM32\profapi.dll
0x00007ffcf5550000 - 0x00007ffcf556a000 	E:\Android\Android Studio\jre\bin\net.dll
0x00007ffcfda80000 - 0x00007ffcfdbaf000 	C:\WINDOWS\SYSTEM32\WINHTTP.dll
0x00007ffd02a90000 - 0x00007ffd02af9000 	C:\WINDOWS\system32\mswsock.dll
0x00007ffcf5530000 - 0x00007ffcf5544000 	E:\Android\Android Studio\jre\bin\nio.dll

dbghelp: loaded successfully - version: 4.0.5 - missing functions: none
symbol engine: initialized successfully - sym options: 0x614 - pdb path: .;E:\Android\Android Studio\jre\bin;C:\WINDOWS\SYSTEM32;C:\WINDOWS\WinSxS\amd64_microsoft.windows.common-controls_6595b64144ccf1df_6.0.22621.608_none_a9444ca7c10bb01d;E:\Android\Android Studio\jre\bin\server

VM Arguments:
java_command: org.jetbrains.kotlin.cli.jvm.K2JVMCompiler @E:\AndroidStudioProjects\FirstProject\app\build\20221204_1621642737240192379.compiler.options
java_class_path (initial): C:\Users\home\.gradle\caches\modules-2\files-2.1\org.jetbrains.kotlin\kotlin-compiler-embeddable\1.7.10\909803167c98606fcf22b4c848647c68e351d48d\kotlin-compiler-embeddable-1.7.10.jar;C:\Users\home\.gradle\caches\modules-2\files-2.1\org.jetbrains.kotlin\kotlin-reflect\1.7.10\165e600dfea6185cf5efa700756294cc4904dbeb\kotlin-reflect-1.7.10.jar;C:\Users\home\.gradle\caches\modules-2\files-2.1\org.jetbrains.kotlin\kotlin-stdlib\1.7.10\d2abf9e77736acc4450dc4a3f707fa2c10f5099d\kotlin-stdlib-1.7.10.jar;C:\Users\home\.gradle\caches\modules-2\files-2.1\org.jetbrains.kotlin\kotlin-script-runtime\1.7.10\c99c87a6988d8fd8d5142e9ed5c9f34a7cf561ee\kotlin-script-runtime-1.7.10.jar;C:\Users\home\.gradle\caches\modules-2\files-2.1\org.jetbrains.kotlin\kotlin-daemon-embeddable\1.7.10\3a9f7aef7080d3ae63126cbba4f827ed664f32fa\kotlin-daemon-embeddable-1.7.10.jar;C:\Users\home\.gradle\caches\modules-2\files-2.1\org.jetbrains.intellij.deps\trove4j\1.0.20200330\3afb14d5f9ceb459d724e907a21145e8ff394f02\trove4j-1.0.20200330.jar;C:\Users\home\.gradle\caches\modules-2\files-2.1\net.java.dev.jna\jna\5.6.0\330f2244e9030119ab3030fc3fededc86713d9cc\jna-5.6.0.jar;C:\Users\home\.gradle\caches\modules-2\files-2.1\org.jetbrains.kotlin\kotlin-stdlib-common\1.7.10\bac80c520d0a9e3f3673bc2658c6ed02ef45a76a\kotlin-stdlib-common-1.7.10.jar;C:\Users\home\.gradle\caches\modules-2\files-2.1\org.jetbrains\annotations\13.0\919f0dfe192fb4e063e7dacadee7f8bb9a2672a9\annotations-13.0.jar
Launcher Type: SUN_STANDARD

[Global flags]
     intx CICompilerCount                          = 4                                         {product} {ergonomic}
     uint ConcGCThreads                            = 2                                         {product} {ergonomic}
     uint G1ConcRefinementThreads                  = 8                                         {product} {ergonomic}
   size_t G1HeapRegionSize                         = 1048576                                   {product} {ergonomic}
    uintx GCDrainStackTargetSize                   = 64                                        {product} {ergonomic}
   size_t InitialHeapSize                          = 266338304                                 {product} {ergonomic}
   size_t MarkStackSize                            = 4194304                                   {product} {ergonomic}
   size_t MaxHeapSize                              = 4261412864                                {product} {ergonomic}
   size_t MaxNewSize                               = 2556428288                                {product} {ergonomic}
   size_t MinHeapDeltaBytes                        = 1048576                                   {product} {ergonomic}
    uintx NonNMethodCodeHeapSize                   = 5836300                                {pd product} {ergonomic}
    uintx NonProfiledCodeHeapSize                  = 122910970                              {pd product} {ergonomic}
    uintx ProfiledCodeHeapSize                     = 122910970                              {pd product} {ergonomic}
    uintx ReservedCodeCacheSize                    = 251658240                              {pd product} {ergonomic}
     bool SegmentedCodeCache                       = true                                      {product} {ergonomic}
     bool UseCompressedClassPointers               = true                                 {lp64_product} {ergonomic}
     bool UseCompressedOops                        = true                                 {lp64_product} {ergonomic}
     bool UseG1GC                                  = true                                      {product} {ergonomic}
     bool UseLargePagesIndividualAllocation        = false                                  {pd product} {ergonomic}

Logging:
Log output configuration:
 #0: stdout all=warning uptime,level,tags
 #1: stderr all=off uptime,level,tags

Environment Variables:
PATH=C:\WINDOWS\system32;C:\WINDOWS;C:\WINDOWS\System32\Wbem;C:\WINDOWS\System32\WindowsPowerShell\v1.0\;C:\WINDOWS\System32\OpenSSH\;C:\Program Files\Git\cmd;C:\Users\home\AppData\Local\Microsoft\WindowsApps;C:\Users\home\AppData\Local\GitHubDesktop\bin
USERNAME=home
OS=Windows_NT
PROCESSOR_IDENTIFIER=Intel64 Family 6 Model 165 Stepping 3, GenuineIntel



---------------  S Y S T E M  ---------------

OS: Windows 11 , 64 bit Build 22621 (10.0.22621.900)
OS uptime: 0 days 11:53 hours

CPU:total 8 (initial active 8) (4 cores per cpu, 2 threads per core) family 6 model 165 stepping 3 microcode 0xea, cmov, cx8, fxsr, mmx, sse, sse2, sse3, ssse3, sse4.1, sse4.2, popcnt, avx, avx2, aes, clmul, erms, 3dnowpref, lzcnt, ht, tsc, tscinvbit, bmi1, bmi2, adx, fma

Memory: 4k page, system-wide physical 16249M (5924M free)
TotalPageFile size 16249M (AvailPageFile size 8M)
current process WorkingSet (physical memory assigned to process): 208M, peak: 208M
current process commit charge ("private bytes"): 426M, peak: 431M

vm_info: OpenJDK 64-Bit Server VM (11.0.13+0-b1751.21-8125866) for windows-amd64 JRE (11.0.13+0-b1751.21-8125866), built on Feb  2 2022 03:00:22 by "builder" with MS VC++ 14.0 (VS2015)

END.
