#
# There is insufficient memory for the Java Runtime Environment to continue.
# Native memory allocation (malloc) failed to allocate 579296 bytes for Chunk::new
# Possible reasons:
#   The system is out of physical RAM or swap space
#   The process is running with CompressedOops enabled, and the Java Heap may be blocking the growth of the native heap
# Possible solutions:
#   Reduce memory load on the system
#   Increase physical memory or swap space
#   Check if swap backing store is full
#   Decrease Java heap size (-Xmx/-Xms)
#   Decrease number of Java threads
#   Decrease Java thread stack sizes (-Xss)
#   Set larger code cache with -XX:ReservedCodeCacheSize=
#   JVM is running with Unscaled Compressed Oops mode in which the Java heap is
#     placed in the first 4GB address space. The Java Heap base address is the
#     maximum limit for the native heap growth. Please use -XX:HeapBaseMinAddress
#     to set the Java Heap base and to place the Java Heap above 4GB virtual address.
# This output file may be truncated or incomplete.
#
#  Out of Memory Error (./src/hotspot/share/memory/arena.cpp:197), pid=9556, tid=11468
#
# JRE version: OpenJDK Runtime Environment (11.0.13) (build 11.0.13+0-b1751.21-8125866)
# Java VM: OpenJDK 64-Bit Server VM (11.0.13+0-b1751.21-8125866, mixed mode, tiered, compressed oops, g1 gc, windows-amd64)
# No core dump will be written. Minidumps are not enabled by default on client versions of Windows
#

---------------  S U M M A R Y ------------

Command Line: --add-opens=java.base/java.util=ALL-UNNAMED --add-opens=java.base/java.lang=ALL-UNNAMED --add-opens=java.base/java.lang.invoke=ALL-UNNAMED --add-opens=java.base/java.util=ALL-UNNAMED --add-opens=java.prefs/java.util.prefs=ALL-UNNAMED --add-opens=java.prefs/java.util.prefs=ALL-UNNAMED --add-opens=java.base/java.nio.charset=ALL-UNNAMED --add-opens=java.base/java.net=ALL-UNNAMED --add-opens=java.base/java.util.concurrent.atomic=ALL-UNNAMED -Xmx2048m -Dfile.encoding=UTF-8 -Duser.country=RU -Duser.language=ru -Duser.variant org.gradle.launcher.daemon.bootstrap.GradleDaemon 7.4

Host: Intel(R) Core(TM) i3-10100F CPU @ 3.60GHz, 8 cores, 15G,  Windows 11 , 64 bit Build 22621 (10.0.22621.900)
Time: Sun Dec  4 11:11:56 2022 RTZ 1 (зима) elapsed time: 88.899146 seconds (0d 0h 1m 28s)

---------------  T H R E A D  ---------------

Current thread (0x000001f15b21a800):  JavaThread "C2 CompilerThread0" daemon [_thread_in_native, id=11468, stack(0x000000d3bb400000,0x000000d3bb500000)]


Current CompileTask:
C2:  88899 13896       4       javax.management.ObjectName::construct (1135 bytes)

Stack: [0x000000d3bb400000,0x000000d3bb500000]
Native frames: (J=compiled Java code, j=interpreted, Vv=VM code, C=native code)
V  [jvm.dll+0x6100fa]
V  [jvm.dll+0x747090]
V  [jvm.dll+0x7486ad]
V  [jvm.dll+0x748d83]
V  [jvm.dll+0x24ab48]
V  [jvm.dll+0xc04dc]
V  [jvm.dll+0xc0a0c]
V  [jvm.dll+0x2bfab4]
V  [jvm.dll+0x524238]
V  [jvm.dll+0x2045ac]
V  [jvm.dll+0x2023c2]
V  [jvm.dll+0x188e01]
V  [jvm.dll+0x21106b]
V  [jvm.dll+0x20f8c1]
V  [jvm.dll+0x70de0f]
V  [jvm.dll+0x706a75]
V  [jvm.dll+0x60ed66]
C  [ucrtbase.dll+0x29363]
C  [KERNEL32.DLL+0x1247d]
C  [ntdll.dll+0x5dfb8]


---------------  P R O C E S S  ---------------

Threads class SMR info:
_java_thread_list=0x000001f15b9c1820, length=139, elements={
0x000001f13e527000, 0x000001f15b1f7800, 0x000001f15b1f9800, 0x000001f15b214000,
0x000001f15b215000, 0x000001f15b219800, 0x000001f15b21a800, 0x000001f15b264800,
0x000001f15b265800, 0x000001f15b3cc000, 0x000001f15b3ca800, 0x000001f15b3cd000,
0x000001f15b3c9000, 0x000001f15b3ca000, 0x000001f15b3c8000, 0x000001f15c46f800,
0x000001f15c470800, 0x000001f15c471800, 0x000001f15c479800, 0x000001f15c474000,
0x000001f15c476000, 0x000001f15c474800, 0x000001f15c475800, 0x000001f15f3ce800,
0x000001f15f3cc800, 0x000001f15f3ca800, 0x000001f15f3d1000, 0x000001f15f3d0800,
0x000001f15f3ce000, 0x000001f15f3d3000, 0x000001f15f2cf000, 0x000001f15f2cd800,
0x000001f15f2cb000, 0x000001f15f2cc800, 0x000001f15f2ce800, 0x000001f15f3c9000,
0x000001f15f3cd000, 0x000001f15f3ca000, 0x000001f15f3cf800, 0x000001f15f3cb800,
0x000001f15f3d7000, 0x000001f15f3d4800, 0x000001f15f3d5000, 0x000001f15f3d3800,
0x000001f15f3d6000, 0x000001f15f3d2000, 0x000001f15f3d7800, 0x000001f15f2c5800,
0x000001f15f2c7000, 0x000001f15f2ca800, 0x000001f15f2c6000, 0x000001f15f2c8000,
0x000001f15f2c8800, 0x000001f15f2d0000, 0x000001f15f2d1000, 0x000001f15f2d1800,
0x000001f15f2d2800, 0x000001f15f2d3800, 0x000001f15f2d4000, 0x000001f15c472000,
0x000001f15c46c800, 0x000001f15c473000, 0x000001f15c46d000, 0x000001f15c46f000,
0x000001f15c477000, 0x000001f15c478000, 0x000001f15c478800, 0x000001f15b3ce000,
0x000001f15b3cb800, 0x000001f15b3ce800, 0x000001f163042000, 0x000001f16303d800,
0x000001f163041800, 0x000001f16303c800, 0x000001f163043000, 0x000001f163044000,
0x000001f16303f800, 0x000001f16303e000, 0x000001f163040800, 0x000001f163044800,
0x000001f16303f000, 0x000001f163046000, 0x000001f16304b000, 0x000001f163048800,
0x000001f16304a800, 0x000001f163049800, 0x000001f163047000, 0x000001f163045800,
0x000001f163048000, 0x000001f15dde6800, 0x000001f15dde5000, 0x000001f15dde6000,
0x000001f15dde9000, 0x000001f15dde7800, 0x000001f15dde8800, 0x000001f15dde3800,
0x000001f15ddea000, 0x000001f15dde4000, 0x000001f15ddef000, 0x000001f15ddef800,
0x000001f15ddeb800, 0x000001f15ddec800, 0x000001f15dded000, 0x000001f15ddee000,
0x000001f15ddf0800, 0x000001f15ddea800, 0x000001f15ddf1000, 0x000001f15ddf2000,
0x000001f162b18800, 0x000001f162b1d000, 0x000001f162b1d800, 0x000001f162b1a800,
0x000001f162b1e800, 0x000001f162b19800, 0x000001f162b1c000, 0x000001f162b1f000,
0x000001f162b20000, 0x000001f162b21000, 0x000001f162b1b000, 0x000001f162b21800,
0x000001f162b25800, 0x000001f162b23800, 0x000001f162b27800, 0x000001f162b25000,
0x000001f162b22800, 0x000001f162b24000, 0x000001f162b26800, 0x000001f166482000,
0x000001f166483000, 0x000001f166483800, 0x000001f166484800, 0x000001f166485800,
0x000001f166486000, 0x000001f166487000, 0x000001f166481800, 0x000001f16648c800,
0x000001f166488800, 0x000001f16648a800, 0x000001f16648b000
}

Java Threads: ( => current thread )
  0x000001f13e527000 JavaThread "main" [_thread_blocked, id=12212, stack(0x000000d3ba800000,0x000000d3ba900000)]
  0x000001f15b1f7800 JavaThread "Reference Handler" daemon [_thread_blocked, id=4716, stack(0x000000d3baf00000,0x000000d3bb000000)]
  0x000001f15b1f9800 JavaThread "Finalizer" daemon [_thread_blocked, id=4004, stack(0x000000d3bb000000,0x000000d3bb100000)]
  0x000001f15b214000 JavaThread "Signal Dispatcher" daemon [_thread_blocked, id=11176, stack(0x000000d3bb100000,0x000000d3bb200000)]
  0x000001f15b215000 JavaThread "Attach Listener" daemon [_thread_blocked, id=11736, stack(0x000000d3bb200000,0x000000d3bb300000)]
  0x000001f15b219800 JavaThread "Service Thread" daemon [_thread_blocked, id=11336, stack(0x000000d3bb300000,0x000000d3bb400000)]
=>0x000001f15b21a800 JavaThread "C2 CompilerThread0" daemon [_thread_in_native, id=11468, stack(0x000000d3bb400000,0x000000d3bb500000)]
  0x000001f15b264800 JavaThread "C1 CompilerThread0" daemon [_thread_blocked, id=2028, stack(0x000000d3bb500000,0x000000d3bb600000)]
  0x000001f15b265800 JavaThread "Sweeper thread" daemon [_thread_blocked, id=11104, stack(0x000000d3bb600000,0x000000d3bb700000)]
  0x000001f15b3cc000 JavaThread "Common-Cleaner" daemon [_thread_blocked, id=300, stack(0x000000d3bb700000,0x000000d3bb800000)]
  0x000001f15b3ca800 JavaThread "Daemon health stats" [_thread_blocked, id=12724, stack(0x000000d3bc000000,0x000000d3bc100000)]
  0x000001f15b3cd000 JavaThread "Incoming local TCP Connector on port 52508" [_thread_in_native, id=13880, stack(0x000000d3bc100000,0x000000d3bc200000)]
  0x000001f15b3c9000 JavaThread "Daemon periodic checks" [_thread_blocked, id=2316, stack(0x000000d3bc200000,0x000000d3bc300000)]
  0x000001f15b3ca000 JavaThread "Daemon" [_thread_blocked, id=9932, stack(0x000000d3bc300000,0x000000d3bc400000)]
  0x000001f15b3c8000 JavaThread "Daemon worker" [_thread_blocked, id=13196, stack(0x000000d3bc600000,0x000000d3bc700000)]
  0x000001f15c46f800 JavaThread "Cache worker for journal cache (C:\Users\home\.gradle\caches\journal-1)" [_thread_blocked, id=7212, stack(0x000000d3bca00000,0x000000d3bcb00000)]
  0x000001f15c470800 JavaThread "File lock request listener" [_thread_in_native, id=11160, stack(0x000000d3bcb00000,0x000000d3bcc00000)]
  0x000001f15c471800 JavaThread "Cache worker for file hash cache (C:\Users\home\.gradle\caches\7.4\fileHashes)" [_thread_blocked, id=13716, stack(0x000000d3bcc00000,0x000000d3bcd00000)]
  0x000001f15c479800 JavaThread "Cache worker for execution history cache (C:\Users\home\.gradle\caches\7.4\executionHistory)" [_thread_blocked, id=6708, stack(0x000000d3bd700000,0x000000d3bd800000)]
  0x000001f15c474000 JavaThread "jar transforms" [_thread_blocked, id=10064, stack(0x000000d3bd800000,0x000000d3bd900000)]
  0x000001f15c476000 JavaThread "Cache worker for file content cache (C:\Users\home\.gradle\caches\7.4\fileContent)" [_thread_blocked, id=7996, stack(0x000000d3bd900000,0x000000d3bda00000)]
  0x000001f15c474800 JavaThread "jar transforms Thread 2" [_thread_blocked, id=6148, stack(0x000000d3bda00000,0x000000d3bdb00000)]
  0x000001f15c475800 JavaThread "jar transforms Thread 3" [_thread_blocked, id=12136, stack(0x000000d3bdc00000,0x000000d3bdd00000)]
  0x000001f15f3ce800 JavaThread "jar transforms Thread 4" [_thread_blocked, id=13720, stack(0x000000d3c2e00000,0x000000d3c2f00000)]
  0x000001f15f3cc800 JavaThread "jar transforms Thread 5" [_thread_blocked, id=10008, stack(0x000000d3c2f00000,0x000000d3c3000000)]
  0x000001f15f3ca800 JavaThread "jar transforms Thread 6" [_thread_blocked, id=3572, stack(0x000000d3c3000000,0x000000d3c3100000)]
  0x000001f15f3d1000 JavaThread "jar transforms Thread 7" [_thread_blocked, id=1216, stack(0x000000d3c3100000,0x000000d3c3200000)]
  0x000001f15f3d0800 JavaThread "jar transforms Thread 8" [_thread_blocked, id=5336, stack(0x000000d3c3200000,0x000000d3c3300000)]
  0x000001f15f3ce000 JavaThread "Memory manager" [_thread_blocked, id=4760, stack(0x000000d3c3300000,0x000000d3c3400000)]
  0x000001f15f3d3000 JavaThread "included builds" [_thread_blocked, id=4044, stack(0x000000d3c3500000,0x000000d3c3600000)]
  0x000001f15f2cf000 JavaThread "RMI Scheduler(0)" daemon [_thread_blocked, id=5864, stack(0x000000d3bb900000,0x000000d3bba00000)]
  0x000001f15f2cd800 JavaThread "RMI RenewClean-[127.0.0.1:17567,org.jetbrains.kotlin.daemon.common.LoopbackNetworkInterface$ClientLoopbackSocketFactory@7acacb7c]" daemon [_thread_blocked, id=12428, stack(0x000000d3c4200000,0x000000d3c4300000)]
  0x000001f15f2cb000 JavaThread "RMI GC Daemon" daemon [_thread_blocked, id=7668, stack(0x000000d3c4300000,0x000000d3c4400000)]
  0x000001f15f2cc800 JavaThread "RMI TCP Accept-0" daemon [_thread_in_native, id=10788, stack(0x000000d3c4400000,0x000000d3c4500000)]
  0x000001f15f2ce800 JavaThread "RMI Reaper" [_thread_blocked, id=1940, stack(0x000000d3c4500000,0x000000d3c4600000)]
  0x000001f15f3c9000 JavaThread "Handler for socket connection from /127.0.0.1:52508 to /127.0.0.1:52539" [_thread_in_native, id=3800, stack(0x000000d3ba500000,0x000000d3ba600000)]
  0x000001f15f3cd000 JavaThread "Cancel handler" [_thread_blocked, id=11328, stack(0x000000d3ba600000,0x000000d3ba700000)]
  0x000001f15f3ca000 JavaThread "Asynchronous log dispatcher for DefaultDaemonConnection: socket connection from /127.0.0.1:52508 to /127.0.0.1:52539" [_thread_blocked, id=7024, stack(0x000000d3ba700000,0x000000d3ba800000)]
  0x000001f15f3cf800 JavaThread "Stdin handler" [_thread_blocked, id=9372, stack(0x000000d3bc700000,0x000000d3bc800000)]
  0x000001f15f3cb800 JavaThread "Daemon client event forwarder" [_thread_blocked, id=11092, stack(0x000000d3bc800000,0x000000d3bc900000)]
  0x000001f15f3d7000 JavaThread "Cache worker for checksums cache (E:\AndroidStudioProjects\FirstProject\.gradle\7.4\checksums)" [_thread_blocked, id=10948, stack(0x000000d3bd400000,0x000000d3bd500000)]
  0x000001f15f3d4800 JavaThread "Cache worker for cache directory md-rule (C:\Users\home\.gradle\caches\7.4\md-rule)" [_thread_blocked, id=13604, stack(0x000000d3bd500000,0x000000d3bd600000)]
  0x000001f15f3d5000 JavaThread "Cache worker for file hash cache (E:\AndroidStudioProjects\FirstProject\.gradle\7.4\fileHashes)" [_thread_blocked, id=4584, stack(0x000000d3bd600000,0x000000d3bd700000)]
  0x000001f15f3d3800 JavaThread "Cache worker for cache directory md-supplier (C:\Users\home\.gradle\caches\7.4\md-supplier)" [_thread_blocked, id=12548, stack(0x000000d3bdb00000,0x000000d3bdc00000)]
  0x000001f15f3d6000 JavaThread "Cache worker for dependencies-accessors (E:\AndroidStudioProjects\FirstProject\.gradle\7.4\dependencies-accessors)" [_thread_blocked, id=1228, stack(0x000000d3bdd00000,0x000000d3bde00000)]
  0x000001f15f3d2000 JavaThread "Cache worker for Build Output Cleanup Cache (E:\AndroidStudioProjects\FirstProject\.gradle\buildOutputCleanup)" [_thread_blocked, id=2608, stack(0x000000d3bde00000,0x000000d3bdf00000)]
  0x000001f15f3d7800 JavaThread "Unconstrained build operations" [_thread_blocked, id=2564, stack(0x000000d3bdf00000,0x000000d3be000000)]
  0x000001f15f2c5800 JavaThread "Unconstrained build operations Thread 2" [_thread_blocked, id=12452, stack(0x000000d3be000000,0x000000d3be100000)]
  0x000001f15f2c7000 JavaThread "Unconstrained build operations Thread 3" [_thread_blocked, id=1552, stack(0x000000d3be100000,0x000000d3be200000)]
  0x000001f15f2ca800 JavaThread "Unconstrained build operations Thread 4" [_thread_blocked, id=3280, stack(0x000000d3be200000,0x000000d3be300000)]
  0x000001f15f2c6000 JavaThread "Unconstrained build operations Thread 5" [_thread_blocked, id=5676, stack(0x000000d3be300000,0x000000d3be400000)]
  0x000001f15f2c8000 JavaThread "Unconstrained build operations Thread 6" [_thread_blocked, id=6356, stack(0x000000d3be400000,0x000000d3be500000)]
  0x000001f15f2c8800 JavaThread "Unconstrained build operations Thread 7" [_thread_blocked, id=4780, stack(0x000000d3be500000,0x000000d3be600000)]
  0x000001f15f2d0000 JavaThread "Unconstrained build operations Thread 8" [_thread_blocked, id=2788, stack(0x000000d3be600000,0x000000d3be700000)]
  0x000001f15f2d1000 JavaThread "Unconstrained build operations Thread 9" [_thread_blocked, id=7784, stack(0x000000d3be700000,0x000000d3be800000)]
  0x000001f15f2d1800 JavaThread "Unconstrained build operations Thread 10" [_thread_blocked, id=13056, stack(0x000000d3be800000,0x000000d3be900000)]
  0x000001f15f2d2800 JavaThread "Unconstrained build operations Thread 11" [_thread_blocked, id=13776, stack(0x000000d3be900000,0x000000d3bea00000)]
  0x000001f15f2d3800 JavaThread "Unconstrained build operations Thread 12" [_thread_blocked, id=10804, stack(0x000000d3bea00000,0x000000d3beb00000)]
  0x000001f15f2d4000 JavaThread "Unconstrained build operations Thread 13" [_thread_blocked, id=10004, stack(0x000000d3beb00000,0x000000d3bec00000)]
  0x000001f15c472000 JavaThread "Unconstrained build operations Thread 14" [_thread_blocked, id=12588, stack(0x000000d3bec00000,0x000000d3bed00000)]
  0x000001f15c46c800 JavaThread "Unconstrained build operations Thread 15" [_thread_blocked, id=9392, stack(0x000000d3bed00000,0x000000d3bee00000)]
  0x000001f15c473000 JavaThread "Unconstrained build operations Thread 16" [_thread_blocked, id=10340, stack(0x000000d3bee00000,0x000000d3bef00000)]
  0x000001f15c46d000 JavaThread "Unconstrained build operations Thread 17" [_thread_blocked, id=13256, stack(0x000000d3bef00000,0x000000d3bf000000)]
  0x000001f15c46f000 JavaThread "Unconstrained build operations Thread 18" [_thread_blocked, id=2708, stack(0x000000d3bf000000,0x000000d3bf100000)]
  0x000001f15c477000 JavaThread "Unconstrained build operations Thread 19" [_thread_blocked, id=11268, stack(0x000000d3bf100000,0x000000d3bf200000)]
  0x000001f15c478000 JavaThread "Unconstrained build operations Thread 20" [_thread_blocked, id=12472, stack(0x000000d3bf200000,0x000000d3bf300000)]
  0x000001f15c478800 JavaThread "Unconstrained build operations Thread 21" [_thread_blocked, id=2204, stack(0x000000d3bf300000,0x000000d3bf400000)]
  0x000001f15b3ce000 JavaThread "Unconstrained build operations Thread 22" [_thread_blocked, id=8604, stack(0x000000d3bf400000,0x000000d3bf500000)]
  0x000001f15b3cb800 JavaThread "Unconstrained build operations Thread 23" [_thread_blocked, id=3856, stack(0x000000d3bf500000,0x000000d3bf600000)]
  0x000001f15b3ce800 JavaThread "Unconstrained build operations Thread 24" [_thread_blocked, id=13600, stack(0x000000d3bf600000,0x000000d3bf700000)]
  0x000001f163042000 JavaThread "Unconstrained build operations Thread 25" [_thread_blocked, id=11888, stack(0x000000d3bf700000,0x000000d3bf800000)]
  0x000001f16303d800 JavaThread "Unconstrained build operations Thread 26" [_thread_blocked, id=3584, stack(0x000000d3bf800000,0x000000d3bf900000)]
  0x000001f163041800 JavaThread "Unconstrained build operations Thread 27" [_thread_blocked, id=9688, stack(0x000000d3bf900000,0x000000d3bfa00000)]
  0x000001f16303c800 JavaThread "Unconstrained build operations Thread 28" [_thread_blocked, id=10036, stack(0x000000d3bfa00000,0x000000d3bfb00000)]
  0x000001f163043000 JavaThread "Unconstrained build operations Thread 29" [_thread_blocked, id=3080, stack(0x000000d3bfb00000,0x000000d3bfc00000)]
  0x000001f163044000 JavaThread "Unconstrained build operations Thread 30" [_thread_blocked, id=7280, stack(0x000000d3bfc00000,0x000000d3bfd00000)]
  0x000001f16303f800 JavaThread "Unconstrained build operations Thread 31" [_thread_blocked, id=4932, stack(0x000000d3bfd00000,0x000000d3bfe00000)]
  0x000001f16303e000 JavaThread "Unconstrained build operations Thread 32" [_thread_blocked, id=7496, stack(0x000000d3bfe00000,0x000000d3bff00000)]
  0x000001f163040800 JavaThread "Unconstrained build operations Thread 33" [_thread_blocked, id=10816, stack(0x000000d3bff00000,0x000000d3c0000000)]
  0x000001f163044800 JavaThread "Unconstrained build operations Thread 34" [_thread_blocked, id=13268, stack(0x000000d3c0000000,0x000000d3c0100000)]
  0x000001f16303f000 JavaThread "Unconstrained build operations Thread 35" [_thread_blocked, id=10376, stack(0x000000d3c0100000,0x000000d3c0200000)]
  0x000001f163046000 JavaThread "Unconstrained build operations Thread 36" [_thread_blocked, id=2236, stack(0x000000d3c0200000,0x000000d3c0300000)]
  0x000001f16304b000 JavaThread "Unconstrained build operations Thread 37" [_thread_blocked, id=5172, stack(0x000000d3c0300000,0x000000d3c0400000)]
  0x000001f163048800 JavaThread "Unconstrained build operations Thread 38" [_thread_blocked, id=11316, stack(0x000000d3c0400000,0x000000d3c0500000)]
  0x000001f16304a800 JavaThread "Unconstrained build operations Thread 39" [_thread_blocked, id=8864, stack(0x000000d3c0500000,0x000000d3c0600000)]
  0x000001f163049800 JavaThread "Unconstrained build operations Thread 40" [_thread_blocked, id=3056, stack(0x000000d3c0600000,0x000000d3c0700000)]
  0x000001f163047000 JavaThread "Unconstrained build operations Thread 41" [_thread_blocked, id=11064, stack(0x000000d3c0700000,0x000000d3c0800000)]
  0x000001f163045800 JavaThread "Unconstrained build operations Thread 42" [_thread_blocked, id=5896, stack(0x000000d3c0800000,0x000000d3c0900000)]
  0x000001f163048000 JavaThread "Unconstrained build operations Thread 43" [_thread_blocked, id=8272, stack(0x000000d3c0900000,0x000000d3c0a00000)]
  0x000001f15dde6800 JavaThread "Unconstrained build operations Thread 44" [_thread_blocked, id=8152, stack(0x000000d3c0a00000,0x000000d3c0b00000)]
  0x000001f15dde5000 JavaThread "Unconstrained build operations Thread 45" [_thread_blocked, id=12244, stack(0x000000d3c0b00000,0x000000d3c0c00000)]
  0x000001f15dde6000 JavaThread "Unconstrained build operations Thread 46" [_thread_blocked, id=7020, stack(0x000000d3c0c00000,0x000000d3c0d00000)]
  0x000001f15dde9000 JavaThread "Unconstrained build operations Thread 47" [_thread_blocked, id=6092, stack(0x000000d3c0d00000,0x000000d3c0e00000)]
  0x000001f15dde7800 JavaThread "Unconstrained build operations Thread 48" [_thread_blocked, id=12044, stack(0x000000d3c0e00000,0x000000d3c0f00000)]
  0x000001f15dde8800 JavaThread "Unconstrained build operations Thread 49" [_thread_blocked, id=7000, stack(0x000000d3c0f00000,0x000000d3c1000000)]
  0x000001f15dde3800 JavaThread "Unconstrained build operations Thread 50" [_thread_blocked, id=6968, stack(0x000000d3c1000000,0x000000d3c1100000)]
  0x000001f15ddea000 JavaThread "Unconstrained build operations Thread 51" [_thread_blocked, id=3964, stack(0x000000d3c1100000,0x000000d3c1200000)]
  0x000001f15dde4000 JavaThread "Unconstrained build operations Thread 52" [_thread_blocked, id=4056, stack(0x000000d3c1200000,0x000000d3c1300000)]
  0x000001f15ddef000 JavaThread "Unconstrained build operations Thread 53" [_thread_blocked, id=2748, stack(0x000000d3c1300000,0x000000d3c1400000)]
  0x000001f15ddef800 JavaThread "Unconstrained build operations Thread 54" [_thread_blocked, id=3284, stack(0x000000d3c1400000,0x000000d3c1500000)]
  0x000001f15ddeb800 JavaThread "Unconstrained build operations Thread 55" [_thread_blocked, id=11204, stack(0x000000d3c1500000,0x000000d3c1600000)]
  0x000001f15ddec800 JavaThread "Unconstrained build operations Thread 56" [_thread_blocked, id=9960, stack(0x000000d3c1600000,0x000000d3c1700000)]
  0x000001f15dded000 JavaThread "Unconstrained build operations Thread 57" [_thread_blocked, id=9836, stack(0x000000d3c1700000,0x000000d3c1800000)]
  0x000001f15ddee000 JavaThread "Unconstrained build operations Thread 58" [_thread_blocked, id=13420, stack(0x000000d3c1800000,0x000000d3c1900000)]
  0x000001f15ddf0800 JavaThread "Unconstrained build operations Thread 59" [_thread_blocked, id=4040, stack(0x000000d3c1900000,0x000000d3c1a00000)]
  0x000001f15ddea800 JavaThread "Unconstrained build operations Thread 60" [_thread_blocked, id=2104, stack(0x000000d3c1a00000,0x000000d3c1b00000)]
  0x000001f15ddf1000 JavaThread "Unconstrained build operations Thread 61" [_thread_blocked, id=12632, stack(0x000000d3c1b00000,0x000000d3c1c00000)]
  0x000001f15ddf2000 JavaThread "Unconstrained build operations Thread 62" [_thread_blocked, id=10868, stack(0x000000d3c1c00000,0x000000d3c1d00000)]
  0x000001f162b18800 JavaThread "Unconstrained build operations Thread 63" [_thread_blocked, id=2844, stack(0x000000d3c1d00000,0x000000d3c1e00000)]
  0x000001f162b1d000 JavaThread "Unconstrained build operations Thread 64" [_thread_blocked, id=6788, stack(0x000000d3c1e00000,0x000000d3c1f00000)]
  0x000001f162b1d800 JavaThread "Unconstrained build operations Thread 65" [_thread_blocked, id=3972, stack(0x000000d3c1f00000,0x000000d3c2000000)]
  0x000001f162b1a800 JavaThread "Unconstrained build operations Thread 66" [_thread_blocked, id=13344, stack(0x000000d3c2000000,0x000000d3c2100000)]
  0x000001f162b1e800 JavaThread "Unconstrained build operations Thread 67" [_thread_blocked, id=6072, stack(0x000000d3c2100000,0x000000d3c2200000)]
  0x000001f162b19800 JavaThread "Unconstrained build operations Thread 68" [_thread_blocked, id=6932, stack(0x000000d3c2200000,0x000000d3c2300000)]
  0x000001f162b1c000 JavaThread "Unconstrained build operations Thread 69" [_thread_blocked, id=11296, stack(0x000000d3c2300000,0x000000d3c2400000)]
  0x000001f162b1f000 JavaThread "Unconstrained build operations Thread 70" [_thread_blocked, id=8052, stack(0x000000d3c2400000,0x000000d3c2500000)]
  0x000001f162b20000 JavaThread "Unconstrained build operations Thread 71" [_thread_blocked, id=3588, stack(0x000000d3c2500000,0x000000d3c2600000)]
  0x000001f162b21000 JavaThread "Unconstrained build operations Thread 72" [_thread_blocked, id=1912, stack(0x000000d3c2600000,0x000000d3c2700000)]
  0x000001f162b1b000 JavaThread "Unconstrained build operations Thread 73" [_thread_blocked, id=6892, stack(0x000000d3c2700000,0x000000d3c2800000)]
  0x000001f162b21800 JavaThread "Unconstrained build operations Thread 74" [_thread_blocked, id=11364, stack(0x000000d3c2800000,0x000000d3c2900000)]
  0x000001f162b25800 JavaThread "Unconstrained build operations Thread 75" [_thread_blocked, id=10832, stack(0x000000d3c2900000,0x000000d3c2a00000)]
  0x000001f162b23800 JavaThread "Unconstrained build operations Thread 76" [_thread_blocked, id=14276, stack(0x000000d3c2a00000,0x000000d3c2b00000)]
  0x000001f162b27800 JavaThread "Unconstrained build operations Thread 77" [_thread_blocked, id=7320, stack(0x000000d3c2b00000,0x000000d3c2c00000)]
  0x000001f162b25000 JavaThread "Unconstrained build operations Thread 78" [_thread_blocked, id=1680, stack(0x000000d3c2c00000,0x000000d3c2d00000)]
  0x000001f162b22800 JavaThread "Unconstrained build operations Thread 79" [_thread_blocked, id=6392, stack(0x000000d3c2d00000,0x000000d3c2e00000)]
  0x000001f162b24000 JavaThread "Unconstrained build operations Thread 80" [_thread_blocked, id=10904, stack(0x000000d3c3400000,0x000000d3c3500000)]
  0x000001f162b26800 JavaThread "build event listener" [_thread_blocked, id=5408, stack(0x000000d3c3600000,0x000000d3c3700000)]
  0x000001f166482000 JavaThread "included builds" [_thread_blocked, id=296, stack(0x000000d3c3700000,0x000000d3c3800000)]
  0x000001f166483000 JavaThread "Execution worker for ':'" [_thread_blocked, id=14216, stack(0x000000d3c3800000,0x000000d3c3900000)]
  0x000001f166483800 JavaThread "Execution worker for ':' Thread 2" [_thread_blocked, id=3024, stack(0x000000d3c3900000,0x000000d3c3a00000)]
  0x000001f166484800 JavaThread "Execution worker for ':' Thread 3" [_thread_blocked, id=1272, stack(0x000000d3c3a00000,0x000000d3c3b00000)]
  0x000001f166485800 JavaThread "Execution worker for ':' Thread 4" [_thread_blocked, id=3420, stack(0x000000d3c3b00000,0x000000d3c3c00000)]
  0x000001f166486000 JavaThread "Execution worker for ':' Thread 5" [_thread_blocked, id=13464, stack(0x000000d3c3c00000,0x000000d3c3d00000)]
  0x000001f166487000 JavaThread "Execution worker for ':' Thread 6" [_thread_blocked, id=12964, stack(0x000000d3c3d00000,0x000000d3c3e00000)]
  0x000001f166481800 JavaThread "Execution worker for ':' Thread 7" [_thread_blocked, id=4708, stack(0x000000d3c3e00000,0x000000d3c3f00000)]
  0x000001f16648c800 JavaThread "Cache worker for execution history cache (E:\AndroidStudioProjects\FirstProject\.gradle\7.4\executionHistory)" [_thread_blocked, id=9060, stack(0x000000d3c3f00000,0x000000d3c4000000)]
  0x000001f166488800 JavaThread "WorkerExecutor Queue" [_thread_in_native, id=2332, stack(0x000000d3c4000000,0x000000d3c4100000)]
  0x000001f16648a800 JavaThread "RMI RenewClean-[127.0.0.1:17217,org.jetbrains.kotlin.daemon.common.LoopbackNetworkInterface$ClientLoopbackSocketFactory@1e7248c7]" daemon [_thread_blocked, id=9064, stack(0x000000d3bc900000,0x000000d3bca00000)]
  0x000001f16648b000 JavaThread "RMI TCP Connection(2)-127.0.0.1" daemon [_thread_in_native, id=9580, stack(0x000000d3bd300000,0x000000d3bd400000)]

Other Threads:
  0x000001f15b1f1000 VMThread "VM Thread" [stack: 0x000000d3bae00000,0x000000d3baf00000] [id=8060]
  0x000001f15b3e6000 WatcherThread [stack: 0x000000d3bb800000,0x000000d3bb900000] [id=1188]
  0x000001f13e542000 GCTaskThread "GC Thread#0" [stack: 0x000000d3ba900000,0x000000d3baa00000] [id=13672]
  0x000001f15c4c3000 GCTaskThread "GC Thread#1" [stack: 0x000000d3bba00000,0x000000d3bbb00000] [id=8820]
  0x000001f15bbfd000 GCTaskThread "GC Thread#2" [stack: 0x000000d3bbb00000,0x000000d3bbc00000] [id=7736]
  0x000001f15c4f4000 GCTaskThread "GC Thread#3" [stack: 0x000000d3bbc00000,0x000000d3bbd00000] [id=3684]
  0x000001f15c4f4800 GCTaskThread "GC Thread#4" [stack: 0x000000d3bbd00000,0x000000d3bbe00000] [id=6516]
  0x000001f15c31d800 GCTaskThread "GC Thread#5" [stack: 0x000000d3bbe00000,0x000000d3bbf00000] [id=2364]
  0x000001f15cb4a800 GCTaskThread "GC Thread#6" [stack: 0x000000d3bcd00000,0x000000d3bce00000] [id=7936]
  0x000001f15cd1f800 GCTaskThread "GC Thread#7" [stack: 0x000000d3bce00000,0x000000d3bcf00000] [id=320]
  0x000001f13e573800 ConcurrentGCThread "G1 Main Marker" [stack: 0x000000d3baa00000,0x000000d3bab00000] [id=13644]
  0x000001f13e574800 ConcurrentGCThread "G1 Conc#0" [stack: 0x000000d3bab00000,0x000000d3bac00000] [id=13628]
  0x000001f15bdbd000 ConcurrentGCThread "G1 Conc#1" [stack: 0x000000d3bd000000,0x000000d3bd100000] [id=5988]
  0x000001f15a836800 ConcurrentGCThread "G1 Refine#0" [stack: 0x000000d3bac00000,0x000000d3bad00000] [id=2872]
  0x000001f15c605000 ConcurrentGCThread "G1 Refine#1" [stack: 0x000000d3bcf00000,0x000000d3bd000000] [id=10584]
  0x000001f15c39b800 ConcurrentGCThread "G1 Refine#2" [stack: 0x000000d3bbf00000,0x000000d3bc000000] [id=5324]
  0x000001f15a837800 ConcurrentGCThread "G1 Young RemSet Sampling" [stack: 0x000000d3bad00000,0x000000d3bae00000] [id=1692]

Threads with active compile tasks:
C2 CompilerThread0  88910 13896       4       javax.management.ObjectName::construct (1135 bytes)

VM state:not at safepoint (normal execution)

VM Mutex/Monitor currently owned by a thread: None

Heap address: 0x0000000080000000, size: 2048 MB, Compressed Oops mode: 32-bit
Narrow klass base: 0x0000000000000000, Narrow klass shift: 3
Compressed class space size: 1073741824 Address: 0x0000000100000000

Heap:
 garbage-first heap   total 260096K, used 127403K [0x0000000080000000, 0x0000000100000000)
  region size 1024K, 46 young (47104K), 16 survivors (16384K)
 Metaspace       used 100864K, capacity 103628K, committed 103760K, reserved 1138688K
  class space    used 12924K, capacity 13941K, committed 13952K, reserved 1048576K
Heap Regions: E=young(eden), S=young(survivor), O=old, HS=humongous(starts), HC=humongous(continues), CS=collection set, F=free, A=archive, TAMS=top-at-mark-start (previous, next)
|   0|0x0000000080000000, 0x0000000080100000, 0x0000000080100000|100%| O|  |TAMS 0x0000000080100000, 0x0000000080000000| Untracked 
|   1|0x0000000080100000, 0x0000000080200000, 0x0000000080200000|100%| O|  |TAMS 0x0000000080200000, 0x0000000080100000| Untracked 
|   2|0x0000000080200000, 0x0000000080300000, 0x0000000080300000|100%| O|  |TAMS 0x0000000080300000, 0x0000000080200000| Untracked 
|   3|0x0000000080300000, 0x0000000080400000, 0x0000000080400000|100%|HS|  |TAMS 0x0000000080400000, 0x0000000080300000| Complete 
|   4|0x0000000080400000, 0x0000000080500000, 0x0000000080500000|100%|HC|  |TAMS 0x0000000080500000, 0x0000000080400000| Complete 
|   5|0x0000000080500000, 0x0000000080600000, 0x0000000080600000|100%|HC|  |TAMS 0x0000000080600000, 0x0000000080500000| Complete 
|   6|0x0000000080600000, 0x0000000080700000, 0x0000000080700000|100%| O|  |TAMS 0x0000000080700000, 0x0000000080600000| Untracked 
|   7|0x0000000080700000, 0x0000000080800000, 0x0000000080800000|100%| O|  |TAMS 0x0000000080800000, 0x0000000080700000| Untracked 
|   8|0x0000000080800000, 0x0000000080900000, 0x0000000080900000|100%| O|  |TAMS 0x0000000080900000, 0x0000000080800000| Untracked 
|   9|0x0000000080900000, 0x0000000080a00000, 0x0000000080a00000|100%| O|  |TAMS 0x0000000080a00000, 0x0000000080900000| Untracked 
|  10|0x0000000080a00000, 0x0000000080b00000, 0x0000000080b00000|100%| O|  |TAMS 0x0000000080b00000, 0x0000000080a00000| Untracked 
|  11|0x0000000080b00000, 0x0000000080c00000, 0x0000000080c00000|100%| O|  |TAMS 0x0000000080c00000, 0x0000000080b00000| Untracked 
|  12|0x0000000080c00000, 0x0000000080d00000, 0x0000000080d00000|100%| O|  |TAMS 0x0000000080d00000, 0x0000000080c00000| Untracked 
|  13|0x0000000080d00000, 0x0000000080e00000, 0x0000000080e00000|100%| O|  |TAMS 0x0000000080e00000, 0x0000000080d00000| Untracked 
|  14|0x0000000080e00000, 0x0000000080f00000, 0x0000000080f00000|100%| O|  |TAMS 0x0000000080f00000, 0x0000000080e00000| Untracked 
|  15|0x0000000080f00000, 0x0000000081000000, 0x0000000081000000|100%| O|  |TAMS 0x0000000081000000, 0x0000000080f00000| Untracked 
|  16|0x0000000081000000, 0x0000000081100000, 0x0000000081100000|100%| O|  |TAMS 0x0000000081100000, 0x0000000081000000| Untracked 
|  17|0x0000000081100000, 0x0000000081200000, 0x0000000081200000|100%|HS|  |TAMS 0x0000000081200000, 0x0000000081100000| Complete 
|  18|0x0000000081200000, 0x0000000081300000, 0x0000000081300000|100%|HS|  |TAMS 0x0000000081300000, 0x0000000081200000| Complete 
|  19|0x0000000081300000, 0x0000000081400000, 0x0000000081400000|100%|HS|  |TAMS 0x0000000081400000, 0x0000000081300000| Complete 
|  20|0x0000000081400000, 0x0000000081500000, 0x0000000081500000|100%|HS|  |TAMS 0x0000000081500000, 0x0000000081400000| Complete 
|  21|0x0000000081500000, 0x0000000081600000, 0x0000000081600000|100%|HC|  |TAMS 0x0000000081600000, 0x0000000081500000| Complete 
|  22|0x0000000081600000, 0x0000000081700000, 0x0000000081700000|100%|HC|  |TAMS 0x0000000081700000, 0x0000000081600000| Complete 
|  23|0x0000000081700000, 0x0000000081800000, 0x0000000081800000|100%| O|  |TAMS 0x0000000081800000, 0x0000000081700000| Untracked 
|  24|0x0000000081800000, 0x0000000081900000, 0x0000000081900000|100%|HS|  |TAMS 0x0000000081900000, 0x0000000081800000| Complete 
|  25|0x0000000081900000, 0x0000000081a00000, 0x0000000081a00000|100%|HC|  |TAMS 0x0000000081a00000, 0x0000000081900000| Complete 
|  26|0x0000000081a00000, 0x0000000081b00000, 0x0000000081b00000|100%| O|  |TAMS 0x0000000081b00000, 0x0000000081a00000| Untracked 
|  27|0x0000000081b00000, 0x0000000081c00000, 0x0000000081c00000|100%| O|  |TAMS 0x0000000081c00000, 0x0000000081b00000| Untracked 
|  28|0x0000000081c00000, 0x0000000081d00000, 0x0000000081d00000|100%| O|  |TAMS 0x0000000081d00000, 0x0000000081c00000| Untracked 
|  29|0x0000000081d00000, 0x0000000081e00000, 0x0000000081e00000|100%| O|  |TAMS 0x0000000081e00000, 0x0000000081d00000| Untracked 
|  30|0x0000000081e00000, 0x0000000081f00000, 0x0000000081f00000|100%| O|  |TAMS 0x0000000081f00000, 0x0000000081e00000| Untracked 
|  31|0x0000000081f00000, 0x0000000082000000, 0x0000000082000000|100%| O|  |TAMS 0x0000000082000000, 0x0000000081f00000| Untracked 
|  32|0x0000000082000000, 0x0000000082100000, 0x0000000082100000|100%| O|  |TAMS 0x0000000082100000, 0x0000000082000000| Untracked 
|  33|0x0000000082100000, 0x0000000082200000, 0x0000000082200000|100%| O|  |TAMS 0x0000000082200000, 0x0000000082100000| Untracked 
|  34|0x0000000082200000, 0x0000000082300000, 0x0000000082300000|100%| O|  |TAMS 0x0000000082300000, 0x0000000082200000| Untracked 
|  35|0x0000000082300000, 0x0000000082400000, 0x0000000082400000|100%| O|  |TAMS 0x0000000082400000, 0x0000000082300000| Untracked 
|  36|0x0000000082400000, 0x0000000082500000, 0x0000000082500000|100%| O|  |TAMS 0x0000000082500000, 0x0000000082400000| Untracked 
|  37|0x0000000082500000, 0x0000000082600000, 0x0000000082600000|100%| O|  |TAMS 0x0000000082600000, 0x0000000082500000| Untracked 
|  38|0x0000000082600000, 0x0000000082700000, 0x0000000082700000|100%| O|  |TAMS 0x0000000082700000, 0x0000000082600000| Untracked 
|  39|0x0000000082700000, 0x0000000082800000, 0x0000000082800000|100%| O|  |TAMS 0x0000000082800000, 0x0000000082700000| Untracked 
|  40|0x0000000082800000, 0x0000000082900000, 0x0000000082900000|100%| O|  |TAMS 0x0000000082900000, 0x0000000082800000| Untracked 
|  41|0x0000000082900000, 0x0000000082a00000, 0x0000000082a00000|100%| O|  |TAMS 0x0000000082a00000, 0x0000000082900000| Untracked 
|  42|0x0000000082a00000, 0x0000000082b00000, 0x0000000082b00000|100%| O|  |TAMS 0x0000000082b00000, 0x0000000082a00000| Untracked 
|  43|0x0000000082b00000, 0x0000000082c00000, 0x0000000082c00000|100%| O|  |TAMS 0x0000000082c00000, 0x0000000082b00000| Untracked 
|  44|0x0000000082c00000, 0x0000000082d00000, 0x0000000082d00000|100%| O|  |TAMS 0x0000000082d00000, 0x0000000082c00000| Untracked 
|  45|0x0000000082d00000, 0x0000000082e00000, 0x0000000082e00000|100%| O|  |TAMS 0x0000000082e00000, 0x0000000082d00000| Untracked 
|  46|0x0000000082e00000, 0x0000000082f00000, 0x0000000082f00000|100%| O|  |TAMS 0x0000000082e94c00, 0x0000000082e00000| Untracked 
|  47|0x0000000082f00000, 0x0000000083000000, 0x0000000083000000|100%| O|  |TAMS 0x0000000082f00000, 0x0000000082f00000| Untracked 
|  48|0x0000000083000000, 0x0000000083100000, 0x0000000083100000|100%| O|  |TAMS 0x0000000083000000, 0x0000000083000000| Untracked 
|  49|0x0000000083100000, 0x0000000083200000, 0x0000000083200000|100%| O|  |TAMS 0x0000000083100000, 0x0000000083100000| Untracked 
|  50|0x0000000083200000, 0x0000000083300000, 0x0000000083300000|100%| O|  |TAMS 0x0000000083200000, 0x0000000083200000| Untracked 
|  51|0x0000000083300000, 0x0000000083400000, 0x0000000083400000|100%| O|  |TAMS 0x0000000083300000, 0x0000000083300000| Untracked 
|  52|0x0000000083400000, 0x0000000083500000, 0x0000000083500000|100%| O|  |TAMS 0x0000000083400000, 0x0000000083400000| Untracked 
|  53|0x0000000083500000, 0x0000000083600000, 0x0000000083600000|100%| O|  |TAMS 0x0000000083500000, 0x0000000083500000| Untracked 
|  54|0x0000000083600000, 0x0000000083700000, 0x0000000083700000|100%| O|  |TAMS 0x0000000083600000, 0x0000000083600000| Untracked 
|  55|0x0000000083700000, 0x0000000083800000, 0x0000000083800000|100%| O|  |TAMS 0x0000000083700000, 0x0000000083700000| Untracked 
|  56|0x0000000083800000, 0x0000000083900000, 0x0000000083900000|100%| O|  |TAMS 0x0000000083800000, 0x0000000083800000| Untracked 
|  57|0x0000000083900000, 0x0000000083a00000, 0x0000000083a00000|100%| O|  |TAMS 0x0000000083900000, 0x0000000083900000| Untracked 
|  58|0x0000000083a00000, 0x0000000083b00000, 0x0000000083b00000|100%| O|  |TAMS 0x0000000083a00000, 0x0000000083a00000| Untracked 
|  59|0x0000000083b00000, 0x0000000083c00000, 0x0000000083c00000|100%| O|  |TAMS 0x0000000083b00000, 0x0000000083b00000| Untracked 
|  60|0x0000000083c00000, 0x0000000083d00000, 0x0000000083d00000|100%| O|  |TAMS 0x0000000083c00000, 0x0000000083c00000| Untracked 
|  61|0x0000000083d00000, 0x0000000083e00000, 0x0000000083e00000|100%| O|  |TAMS 0x0000000083d00000, 0x0000000083d00000| Untracked 
|  62|0x0000000083e00000, 0x0000000083f00000, 0x0000000083f00000|100%| O|  |TAMS 0x0000000083e00000, 0x0000000083e00000| Untracked 
|  63|0x0000000083f00000, 0x0000000084000000, 0x0000000084000000|100%| O|  |TAMS 0x0000000083f00000, 0x0000000083f00000| Untracked 
|  64|0x0000000084000000, 0x0000000084100000, 0x0000000084100000|100%| O|  |TAMS 0x0000000084000000, 0x0000000084000000| Untracked 
|  65|0x0000000084100000, 0x0000000084200000, 0x0000000084200000|100%| O|  |TAMS 0x0000000084100000, 0x0000000084100000| Untracked 
|  66|0x0000000084200000, 0x0000000084300000, 0x0000000084300000|100%| O|  |TAMS 0x0000000084200000, 0x0000000084200000| Untracked 
|  67|0x0000000084300000, 0x0000000084400000, 0x0000000084400000|100%| O|  |TAMS 0x0000000084300000, 0x0000000084300000| Untracked 
|  68|0x0000000084400000, 0x0000000084500000, 0x0000000084500000|100%| O|  |TAMS 0x0000000084400000, 0x0000000084400000| Untracked 
|  69|0x0000000084500000, 0x0000000084600000, 0x0000000084600000|100%| O|  |TAMS 0x0000000084500000, 0x0000000084500000| Untracked 
|  70|0x0000000084600000, 0x0000000084700000, 0x0000000084700000|100%| O|  |TAMS 0x0000000084600000, 0x0000000084600000| Untracked 
|  71|0x0000000084700000, 0x0000000084800000, 0x0000000084800000|100%| O|  |TAMS 0x0000000084700000, 0x0000000084700000| Untracked 
|  72|0x0000000084800000, 0x0000000084900000, 0x0000000084900000|100%| O|  |TAMS 0x0000000084800000, 0x0000000084800000| Untracked 
|  73|0x0000000084900000, 0x0000000084a00000, 0x0000000084a00000|100%| O|  |TAMS 0x0000000084900000, 0x0000000084900000| Untracked 
|  74|0x0000000084a00000, 0x0000000084b00000, 0x0000000084b00000|100%| O|  |TAMS 0x0000000084a00000, 0x0000000084a00000| Untracked 
|  75|0x0000000084b00000, 0x0000000084c00000, 0x0000000084c00000|100%| O|  |TAMS 0x0000000084b00000, 0x0000000084b00000| Untracked 
|  76|0x0000000084c00000, 0x0000000084d00000, 0x0000000084d00000|100%| O|  |TAMS 0x0000000084c00000, 0x0000000084c00000| Untracked 
|  77|0x0000000084d00000, 0x0000000084e00000, 0x0000000084e00000|100%| O|  |TAMS 0x0000000084d00000, 0x0000000084d00000| Untracked 
|  78|0x0000000084e00000, 0x0000000084f00000, 0x0000000084f00000|100%| O|  |TAMS 0x0000000084e00000, 0x0000000084e00000| Untracked 
|  79|0x0000000084f00000, 0x0000000085000000, 0x0000000085000000|100%| O|  |TAMS 0x0000000084f00000, 0x0000000084f00000| Untracked 
|  80|0x0000000085000000, 0x00000000850b9e00, 0x0000000085100000| 72%| O|  |TAMS 0x0000000085000000, 0x0000000085000000| Untracked 
|  81|0x0000000085100000, 0x0000000085100000, 0x0000000085200000|  0%| F|  |TAMS 0x0000000085100000, 0x0000000085100000| Untracked 
|  82|0x0000000085200000, 0x0000000085200000, 0x0000000085300000|  0%| F|  |TAMS 0x0000000085200000, 0x0000000085200000| Untracked 
|  83|0x0000000085300000, 0x0000000085300000, 0x0000000085400000|  0%| F|  |TAMS 0x0000000085300000, 0x0000000085300000| Untracked 
|  84|0x0000000085400000, 0x0000000085400000, 0x0000000085500000|  0%| F|  |TAMS 0x0000000085400000, 0x0000000085400000| Untracked 
|  85|0x0000000085500000, 0x0000000085500000, 0x0000000085600000|  0%| F|  |TAMS 0x0000000085500000, 0x0000000085500000| Untracked 
|  86|0x0000000085600000, 0x0000000085600000, 0x0000000085700000|  0%| F|  |TAMS 0x0000000085600000, 0x0000000085600000| Untracked 
|  87|0x0000000085700000, 0x0000000085700000, 0x0000000085800000|  0%| F|  |TAMS 0x0000000085700000, 0x0000000085700000| Untracked 
|  88|0x0000000085800000, 0x0000000085800000, 0x0000000085900000|  0%| F|  |TAMS 0x0000000085800000, 0x0000000085800000| Untracked 
|  89|0x0000000085900000, 0x0000000085900000, 0x0000000085a00000|  0%| F|  |TAMS 0x0000000085900000, 0x0000000085900000| Untracked 
|  90|0x0000000085a00000, 0x0000000085a00000, 0x0000000085b00000|  0%| F|  |TAMS 0x0000000085a00000, 0x0000000085a00000| Untracked 
|  91|0x0000000085b00000, 0x0000000085b00000, 0x0000000085c00000|  0%| F|  |TAMS 0x0000000085b00000, 0x0000000085b00000| Untracked 
|  92|0x0000000085c00000, 0x0000000085c00000, 0x0000000085d00000|  0%| F|  |TAMS 0x0000000085c00000, 0x0000000085c00000| Untracked 
|  93|0x0000000085d00000, 0x0000000085d00000, 0x0000000085e00000|  0%| F|  |TAMS 0x0000000085d00000, 0x0000000085d00000| Untracked 
|  94|0x0000000085e00000, 0x0000000085e00000, 0x0000000085f00000|  0%| F|  |TAMS 0x0000000085e00000, 0x0000000085e00000| Untracked 
|  95|0x0000000085f00000, 0x0000000085f00000, 0x0000000086000000|  0%| F|  |TAMS 0x0000000085f00000, 0x0000000085f00000| Untracked 
|  96|0x0000000086000000, 0x0000000086000000, 0x0000000086100000|  0%| F|  |TAMS 0x0000000086000000, 0x0000000086000000| Untracked 
|  97|0x0000000086100000, 0x0000000086100000, 0x0000000086200000|  0%| F|  |TAMS 0x0000000086100000, 0x0000000086100000| Untracked 
|  98|0x0000000086200000, 0x0000000086200000, 0x0000000086300000|  0%| F|  |TAMS 0x0000000086200000, 0x0000000086200000| Untracked 
|  99|0x0000000086300000, 0x0000000086300000, 0x0000000086400000|  0%| F|  |TAMS 0x0000000086300000, 0x0000000086300000| Untracked 
| 100|0x0000000086400000, 0x0000000086400000, 0x0000000086500000|  0%| F|  |TAMS 0x0000000086400000, 0x0000000086400000| Untracked 
| 101|0x0000000086500000, 0x0000000086500000, 0x0000000086600000|  0%| F|  |TAMS 0x0000000086500000, 0x0000000086500000| Untracked 
| 102|0x0000000086600000, 0x0000000086600000, 0x0000000086700000|  0%| F|  |TAMS 0x0000000086600000, 0x0000000086600000| Untracked 
| 103|0x0000000086700000, 0x0000000086700000, 0x0000000086800000|  0%| F|  |TAMS 0x0000000086700000, 0x0000000086700000| Untracked 
| 104|0x0000000086800000, 0x0000000086800000, 0x0000000086900000|  0%| F|  |TAMS 0x0000000086800000, 0x0000000086800000| Untracked 
| 105|0x0000000086900000, 0x0000000086900000, 0x0000000086a00000|  0%| F|  |TAMS 0x0000000086900000, 0x0000000086900000| Untracked 
| 106|0x0000000086a00000, 0x0000000086a00000, 0x0000000086b00000|  0%| F|  |TAMS 0x0000000086a00000, 0x0000000086a00000| Untracked 
| 107|0x0000000086b00000, 0x0000000086b00000, 0x0000000086c00000|  0%| F|  |TAMS 0x0000000086b00000, 0x0000000086b00000| Untracked 
| 108|0x0000000086c00000, 0x0000000086c00000, 0x0000000086d00000|  0%| F|  |TAMS 0x0000000086c00000, 0x0000000086c00000| Untracked 
| 109|0x0000000086d00000, 0x0000000086d00000, 0x0000000086e00000|  0%| F|  |TAMS 0x0000000086d00000, 0x0000000086d00000| Untracked 
| 110|0x0000000086e00000, 0x0000000086e00000, 0x0000000086f00000|  0%| F|  |TAMS 0x0000000086e00000, 0x0000000086e00000| Untracked 
| 111|0x0000000086f00000, 0x0000000086f00000, 0x0000000087000000|  0%| F|  |TAMS 0x0000000086f00000, 0x0000000086f00000| Untracked 
| 112|0x0000000087000000, 0x00000000870b0e60, 0x0000000087100000| 69%| S|CS|TAMS 0x0000000087000000, 0x0000000087000000| Complete 
| 113|0x0000000087100000, 0x0000000087100000, 0x0000000087200000|  0%| F|  |TAMS 0x0000000087100000, 0x0000000087100000| Untracked 
| 114|0x0000000087200000, 0x0000000087200000, 0x0000000087300000|  0%| F|  |TAMS 0x0000000087200000, 0x0000000087200000| Untracked 
| 115|0x0000000087300000, 0x0000000087300000, 0x0000000087400000|  0%| F|  |TAMS 0x0000000087300000, 0x0000000087300000| Untracked 
| 116|0x0000000087400000, 0x0000000087400000, 0x0000000087500000|  0%| F|  |TAMS 0x0000000087400000, 0x0000000087400000| Untracked 
| 117|0x0000000087500000, 0x0000000087500000, 0x0000000087600000|  0%| F|  |TAMS 0x0000000087500000, 0x0000000087500000| Untracked 
| 118|0x0000000087600000, 0x0000000087600000, 0x0000000087700000|  0%| F|  |TAMS 0x0000000087600000, 0x0000000087600000| Untracked 
| 119|0x0000000087700000, 0x0000000087700000, 0x0000000087800000|  0%| F|  |TAMS 0x0000000087700000, 0x0000000087700000| Untracked 
| 120|0x0000000087800000, 0x0000000087800000, 0x0000000087900000|  0%| F|  |TAMS 0x0000000087800000, 0x0000000087800000| Untracked 
| 121|0x0000000087900000, 0x0000000087900000, 0x0000000087a00000|  0%| F|  |TAMS 0x0000000087900000, 0x0000000087900000| Untracked 
| 122|0x0000000087a00000, 0x0000000087a00000, 0x0000000087b00000|  0%| F|  |TAMS 0x0000000087a00000, 0x0000000087a00000| Untracked 
| 123|0x0000000087b00000, 0x0000000087b00000, 0x0000000087c00000|  0%| F|  |TAMS 0x0000000087b00000, 0x0000000087b00000| Untracked 
| 124|0x0000000087c00000, 0x0000000087c00000, 0x0000000087d00000|  0%| F|  |TAMS 0x0000000087c00000, 0x0000000087c00000| Untracked 
| 125|0x0000000087d00000, 0x0000000087e00000, 0x0000000087e00000|100%| S|CS|TAMS 0x0000000087d00000, 0x0000000087d00000| Complete 
| 126|0x0000000087e00000, 0x0000000087f00000, 0x0000000087f00000|100%| S|CS|TAMS 0x0000000087e00000, 0x0000000087e00000| Complete 
| 127|0x0000000087f00000, 0x0000000088000000, 0x0000000088000000|100%| S|CS|TAMS 0x0000000087f00000, 0x0000000087f00000| Complete 
| 128|0x0000000088000000, 0x0000000088100000, 0x0000000088100000|100%| S|CS|TAMS 0x0000000088000000, 0x0000000088000000| Complete 
| 129|0x0000000088100000, 0x0000000088200000, 0x0000000088200000|100%| S|CS|TAMS 0x0000000088100000, 0x0000000088100000| Complete 
| 130|0x0000000088200000, 0x0000000088300000, 0x0000000088300000|100%| S|CS|TAMS 0x0000000088200000, 0x0000000088200000| Complete 
| 131|0x0000000088300000, 0x0000000088300000, 0x0000000088400000|  0%| F|  |TAMS 0x0000000088300000, 0x0000000088300000| Untracked 
| 132|0x0000000088400000, 0x0000000088500000, 0x0000000088500000|100%| S|CS|TAMS 0x0000000088400000, 0x0000000088400000| Complete 
| 133|0x0000000088500000, 0x0000000088600000, 0x0000000088600000|100%| S|CS|TAMS 0x0000000088500000, 0x0000000088500000| Complete 
| 134|0x0000000088600000, 0x0000000088700000, 0x0000000088700000|100%| S|CS|TAMS 0x0000000088600000, 0x0000000088600000| Complete 
| 135|0x0000000088700000, 0x0000000088800000, 0x0000000088800000|100%| S|CS|TAMS 0x0000000088700000, 0x0000000088700000| Complete 
| 136|0x0000000088800000, 0x0000000088800000, 0x0000000088900000|  0%| F|  |TAMS 0x0000000088800000, 0x0000000088800000| Untracked 
| 137|0x0000000088900000, 0x0000000088900000, 0x0000000088a00000|  0%| F|  |TAMS 0x0000000088900000, 0x0000000088900000| Untracked 
| 138|0x0000000088a00000, 0x0000000088b00000, 0x0000000088b00000|100%| S|CS|TAMS 0x0000000088a00000, 0x0000000088a00000| Complete 
| 139|0x0000000088b00000, 0x0000000088c00000, 0x0000000088c00000|100%| S|CS|TAMS 0x0000000088b00000, 0x0000000088b00000| Complete 
| 140|0x0000000088c00000, 0x0000000088d00000, 0x0000000088d00000|100%| S|CS|TAMS 0x0000000088c00000, 0x0000000088c00000| Complete 
| 141|0x0000000088d00000, 0x0000000088e00000, 0x0000000088e00000|100%| S|CS|TAMS 0x0000000088d00000, 0x0000000088d00000| Complete 
| 142|0x0000000088e00000, 0x0000000088f00000, 0x0000000088f00000|100%| S|CS|TAMS 0x0000000088e00000, 0x0000000088e00000| Complete 
| 143|0x0000000088f00000, 0x0000000088f00000, 0x0000000089000000|  0%| F|  |TAMS 0x0000000088f00000, 0x0000000088f00000| Untracked 
| 144|0x0000000089000000, 0x0000000089000000, 0x0000000089100000|  0%| F|  |TAMS 0x0000000089000000, 0x0000000089000000| Untracked 
| 145|0x0000000089100000, 0x0000000089100000, 0x0000000089200000|  0%| F|  |TAMS 0x0000000089100000, 0x0000000089100000| Untracked 
| 146|0x0000000089200000, 0x0000000089200000, 0x0000000089300000|  0%| F|  |TAMS 0x0000000089200000, 0x0000000089200000| Untracked 
| 147|0x0000000089300000, 0x0000000089300000, 0x0000000089400000|  0%| F|  |TAMS 0x0000000089300000, 0x0000000089300000| Untracked 
| 148|0x0000000089400000, 0x0000000089400000, 0x0000000089500000|  0%| F|  |TAMS 0x0000000089400000, 0x0000000089400000| Untracked 
| 149|0x0000000089500000, 0x0000000089500000, 0x0000000089600000|  0%| F|  |TAMS 0x0000000089500000, 0x0000000089500000| Untracked 
| 150|0x0000000089600000, 0x0000000089600000, 0x0000000089700000|  0%| F|  |TAMS 0x0000000089600000, 0x0000000089600000| Untracked 
| 151|0x0000000089700000, 0x0000000089700000, 0x0000000089800000|  0%| F|  |TAMS 0x0000000089700000, 0x0000000089700000| Untracked 
| 152|0x0000000089800000, 0x0000000089800000, 0x0000000089900000|  0%| F|  |TAMS 0x0000000089800000, 0x0000000089800000| Untracked 
| 153|0x0000000089900000, 0x0000000089900000, 0x0000000089a00000|  0%| F|  |TAMS 0x0000000089900000, 0x0000000089900000| Untracked 
| 154|0x0000000089a00000, 0x0000000089a00000, 0x0000000089b00000|  0%| F|  |TAMS 0x0000000089a00000, 0x0000000089a00000| Untracked 
| 155|0x0000000089b00000, 0x0000000089b00000, 0x0000000089c00000|  0%| F|  |TAMS 0x0000000089b00000, 0x0000000089b00000| Untracked 
| 156|0x0000000089c00000, 0x0000000089c00000, 0x0000000089d00000|  0%| F|  |TAMS 0x0000000089c00000, 0x0000000089c00000| Untracked 
| 157|0x0000000089d00000, 0x0000000089d00000, 0x0000000089e00000|  0%| F|  |TAMS 0x0000000089d00000, 0x0000000089d00000| Untracked 
| 158|0x0000000089e00000, 0x0000000089e00000, 0x0000000089f00000|  0%| F|  |TAMS 0x0000000089e00000, 0x0000000089e00000| Untracked 
| 159|0x0000000089f00000, 0x0000000089f00000, 0x000000008a000000|  0%| F|  |TAMS 0x0000000089f00000, 0x0000000089f00000| Untracked 
| 160|0x000000008a000000, 0x000000008a000000, 0x000000008a100000|  0%| F|  |TAMS 0x000000008a000000, 0x000000008a000000| Untracked 
| 161|0x000000008a100000, 0x000000008a100000, 0x000000008a200000|  0%| F|  |TAMS 0x000000008a100000, 0x000000008a100000| Untracked 
| 162|0x000000008a200000, 0x000000008a200000, 0x000000008a300000|  0%| F|  |TAMS 0x000000008a200000, 0x000000008a200000| Untracked 
| 163|0x000000008a300000, 0x000000008a300000, 0x000000008a400000|  0%| F|  |TAMS 0x000000008a300000, 0x000000008a300000| Untracked 
| 164|0x000000008a400000, 0x000000008a400000, 0x000000008a500000|  0%| F|  |TAMS 0x000000008a400000, 0x000000008a400000| Untracked 
| 165|0x000000008a500000, 0x000000008a500000, 0x000000008a600000|  0%| F|  |TAMS 0x000000008a500000, 0x000000008a500000| Untracked 
| 166|0x000000008a600000, 0x000000008a600000, 0x000000008a700000|  0%| F|  |TAMS 0x000000008a600000, 0x000000008a600000| Untracked 
| 167|0x000000008a700000, 0x000000008a700000, 0x000000008a800000|  0%| F|  |TAMS 0x000000008a700000, 0x000000008a700000| Untracked 
| 168|0x000000008a800000, 0x000000008a800000, 0x000000008a900000|  0%| F|  |TAMS 0x000000008a800000, 0x000000008a800000| Untracked 
| 169|0x000000008a900000, 0x000000008a900000, 0x000000008aa00000|  0%| F|  |TAMS 0x000000008a900000, 0x000000008a900000| Untracked 
| 170|0x000000008aa00000, 0x000000008aa00000, 0x000000008ab00000|  0%| F|  |TAMS 0x000000008aa00000, 0x000000008aa00000| Untracked 
| 171|0x000000008ab00000, 0x000000008ab00000, 0x000000008ac00000|  0%| F|  |TAMS 0x000000008ab00000, 0x000000008ab00000| Untracked 
| 172|0x000000008ac00000, 0x000000008ac00000, 0x000000008ad00000|  0%| F|  |TAMS 0x000000008ac00000, 0x000000008ac00000| Untracked 
| 173|0x000000008ad00000, 0x000000008ad00000, 0x000000008ae00000|  0%| F|  |TAMS 0x000000008ad00000, 0x000000008ad00000| Untracked 
| 174|0x000000008ae00000, 0x000000008ae00000, 0x000000008af00000|  0%| F|  |TAMS 0x000000008ae00000, 0x000000008ae00000| Untracked 
| 175|0x000000008af00000, 0x000000008af00000, 0x000000008b000000|  0%| F|  |TAMS 0x000000008af00000, 0x000000008af00000| Untracked 
| 176|0x000000008b000000, 0x000000008b000000, 0x000000008b100000|  0%| F|  |TAMS 0x000000008b000000, 0x000000008b000000| Untracked 
| 177|0x000000008b100000, 0x000000008b100000, 0x000000008b200000|  0%| F|  |TAMS 0x000000008b100000, 0x000000008b100000| Untracked 
| 178|0x000000008b200000, 0x000000008b200000, 0x000000008b300000|  0%| F|  |TAMS 0x000000008b200000, 0x000000008b200000| Untracked 
| 179|0x000000008b300000, 0x000000008b300000, 0x000000008b400000|  0%| F|  |TAMS 0x000000008b300000, 0x000000008b300000| Untracked 
| 180|0x000000008b400000, 0x000000008b400000, 0x000000008b500000|  0%| F|  |TAMS 0x000000008b400000, 0x000000008b400000| Untracked 
| 181|0x000000008b500000, 0x000000008b500000, 0x000000008b600000|  0%| F|  |TAMS 0x000000008b500000, 0x000000008b500000| Untracked 
| 182|0x000000008b600000, 0x000000008b600000, 0x000000008b700000|  0%| F|  |TAMS 0x000000008b600000, 0x000000008b600000| Untracked 
| 183|0x000000008b700000, 0x000000008b700000, 0x000000008b800000|  0%| F|  |TAMS 0x000000008b700000, 0x000000008b700000| Untracked 
| 184|0x000000008b800000, 0x000000008b800000, 0x000000008b900000|  0%| F|  |TAMS 0x000000008b800000, 0x000000008b800000| Untracked 
| 185|0x000000008b900000, 0x000000008b900000, 0x000000008ba00000|  0%| F|  |TAMS 0x000000008b900000, 0x000000008b900000| Untracked 
| 186|0x000000008ba00000, 0x000000008ba00000, 0x000000008bb00000|  0%| F|  |TAMS 0x000000008ba00000, 0x000000008ba00000| Untracked 
| 187|0x000000008bb00000, 0x000000008bb00000, 0x000000008bc00000|  0%| F|  |TAMS 0x000000008bb00000, 0x000000008bb00000| Untracked 
| 188|0x000000008bc00000, 0x000000008bc00000, 0x000000008bd00000|  0%| F|  |TAMS 0x000000008bc00000, 0x000000008bc00000| Untracked 
| 189|0x000000008bd00000, 0x000000008bd00000, 0x000000008be00000|  0%| F|  |TAMS 0x000000008bd00000, 0x000000008bd00000| Untracked 
| 190|0x000000008be00000, 0x000000008be00000, 0x000000008bf00000|  0%| F|  |TAMS 0x000000008be00000, 0x000000008be00000| Untracked 
| 191|0x000000008bf00000, 0x000000008bf00000, 0x000000008c000000|  0%| F|  |TAMS 0x000000008bf00000, 0x000000008bf00000| Untracked 
| 192|0x000000008c000000, 0x000000008c000000, 0x000000008c100000|  0%| F|  |TAMS 0x000000008c000000, 0x000000008c000000| Untracked 
| 193|0x000000008c100000, 0x000000008c100000, 0x000000008c200000|  0%| F|  |TAMS 0x000000008c100000, 0x000000008c100000| Untracked 
| 194|0x000000008c200000, 0x000000008c200000, 0x000000008c300000|  0%| F|  |TAMS 0x000000008c200000, 0x000000008c200000| Untracked 
| 195|0x000000008c300000, 0x000000008c300000, 0x000000008c400000|  0%| F|  |TAMS 0x000000008c300000, 0x000000008c300000| Untracked 
| 196|0x000000008c400000, 0x000000008c400000, 0x000000008c500000|  0%| F|  |TAMS 0x000000008c400000, 0x000000008c400000| Untracked 
| 197|0x000000008c500000, 0x000000008c500000, 0x000000008c600000|  0%| F|  |TAMS 0x000000008c500000, 0x000000008c500000| Untracked 
| 198|0x000000008c600000, 0x000000008c600000, 0x000000008c700000|  0%| F|  |TAMS 0x000000008c600000, 0x000000008c600000| Untracked 
| 199|0x000000008c700000, 0x000000008c700000, 0x000000008c800000|  0%| F|  |TAMS 0x000000008c700000, 0x000000008c700000| Untracked 
| 200|0x000000008c800000, 0x000000008c800000, 0x000000008c900000|  0%| F|  |TAMS 0x000000008c800000, 0x000000008c800000| Untracked 
| 201|0x000000008c900000, 0x000000008c900000, 0x000000008ca00000|  0%| F|  |TAMS 0x000000008c900000, 0x000000008c900000| Untracked 
| 202|0x000000008ca00000, 0x000000008ca00000, 0x000000008cb00000|  0%| F|  |TAMS 0x000000008ca00000, 0x000000008ca00000| Untracked 
| 203|0x000000008cb00000, 0x000000008cb00000, 0x000000008cc00000|  0%| F|  |TAMS 0x000000008cb00000, 0x000000008cb00000| Untracked 
| 204|0x000000008cc00000, 0x000000008cc00000, 0x000000008cd00000|  0%| F|  |TAMS 0x000000008cc00000, 0x000000008cc00000| Untracked 
| 205|0x000000008cd00000, 0x000000008cd00000, 0x000000008ce00000|  0%| F|  |TAMS 0x000000008cd00000, 0x000000008cd00000| Untracked 
| 206|0x000000008ce00000, 0x000000008ce00000, 0x000000008cf00000|  0%| F|  |TAMS 0x000000008ce00000, 0x000000008ce00000| Untracked 
| 207|0x000000008cf00000, 0x000000008cf00000, 0x000000008d000000|  0%| F|  |TAMS 0x000000008cf00000, 0x000000008cf00000| Untracked 
| 208|0x000000008d000000, 0x000000008d000000, 0x000000008d100000|  0%| F|  |TAMS 0x000000008d000000, 0x000000008d000000| Untracked 
| 209|0x000000008d100000, 0x000000008d100000, 0x000000008d200000|  0%| F|  |TAMS 0x000000008d100000, 0x000000008d100000| Untracked 
| 210|0x000000008d200000, 0x000000008d200000, 0x000000008d300000|  0%| F|  |TAMS 0x000000008d200000, 0x000000008d200000| Untracked 
| 211|0x000000008d300000, 0x000000008d300000, 0x000000008d400000|  0%| F|  |TAMS 0x000000008d300000, 0x000000008d300000| Untracked 
| 212|0x000000008d400000, 0x000000008d400000, 0x000000008d500000|  0%| F|  |TAMS 0x000000008d400000, 0x000000008d400000| Untracked 
| 213|0x000000008d500000, 0x000000008d500000, 0x000000008d600000|  0%| F|  |TAMS 0x000000008d500000, 0x000000008d500000| Untracked 
| 214|0x000000008d600000, 0x000000008d600000, 0x000000008d700000|  0%| F|  |TAMS 0x000000008d600000, 0x000000008d600000| Untracked 
| 215|0x000000008d700000, 0x000000008d700000, 0x000000008d800000|  0%| F|  |TAMS 0x000000008d700000, 0x000000008d700000| Untracked 
| 216|0x000000008d800000, 0x000000008d800000, 0x000000008d900000|  0%| F|  |TAMS 0x000000008d800000, 0x000000008d800000| Untracked 
| 217|0x000000008d900000, 0x000000008d900000, 0x000000008da00000|  0%| F|  |TAMS 0x000000008d900000, 0x000000008d900000| Untracked 
| 218|0x000000008da00000, 0x000000008da00000, 0x000000008db00000|  0%| F|  |TAMS 0x000000008da00000, 0x000000008da00000| Untracked 
| 219|0x000000008db00000, 0x000000008db00000, 0x000000008dc00000|  0%| F|  |TAMS 0x000000008db00000, 0x000000008db00000| Untracked 
| 220|0x000000008dc00000, 0x000000008dc00000, 0x000000008dd00000|  0%| F|  |TAMS 0x000000008dc00000, 0x000000008dc00000| Untracked 
| 221|0x000000008dd00000, 0x000000008dd00000, 0x000000008de00000|  0%| F|  |TAMS 0x000000008dd00000, 0x000000008dd00000| Untracked 
| 222|0x000000008de00000, 0x000000008de00000, 0x000000008df00000|  0%| F|  |TAMS 0x000000008de00000, 0x000000008de00000| Untracked 
| 223|0x000000008df00000, 0x000000008df00000, 0x000000008e000000|  0%| F|  |TAMS 0x000000008df00000, 0x000000008df00000| Untracked 
| 224|0x000000008e000000, 0x000000008e014d38, 0x000000008e100000|  8%| E|  |TAMS 0x000000008e000000, 0x000000008e000000| Complete 
| 225|0x000000008e100000, 0x000000008e200000, 0x000000008e200000|100%| E|CS|TAMS 0x000000008e100000, 0x000000008e100000| Complete 
| 226|0x000000008e200000, 0x000000008e300000, 0x000000008e300000|100%| E|  |TAMS 0x000000008e200000, 0x000000008e200000| Complete 
| 227|0x000000008e300000, 0x000000008e400000, 0x000000008e400000|100%| E|CS|TAMS 0x000000008e300000, 0x000000008e300000| Complete 
| 228|0x000000008e400000, 0x000000008e500000, 0x000000008e500000|100%| E|CS|TAMS 0x000000008e400000, 0x000000008e400000| Complete 
| 229|0x000000008e500000, 0x000000008e600000, 0x000000008e600000|100%| E|CS|TAMS 0x000000008e500000, 0x000000008e500000| Complete 
| 230|0x000000008e600000, 0x000000008e700000, 0x000000008e700000|100%| E|CS|TAMS 0x000000008e600000, 0x000000008e600000| Complete 
| 231|0x000000008e700000, 0x000000008e800000, 0x000000008e800000|100%| E|CS|TAMS 0x000000008e700000, 0x000000008e700000| Complete 
| 232|0x000000008e800000, 0x000000008e900000, 0x000000008e900000|100%| E|CS|TAMS 0x000000008e800000, 0x000000008e800000| Complete 
| 233|0x000000008e900000, 0x000000008ea00000, 0x000000008ea00000|100%| E|CS|TAMS 0x000000008e900000, 0x000000008e900000| Complete 
| 234|0x000000008ea00000, 0x000000008eb00000, 0x000000008eb00000|100%| E|CS|TAMS 0x000000008ea00000, 0x000000008ea00000| Complete 
| 235|0x000000008eb00000, 0x000000008ec00000, 0x000000008ec00000|100%| E|CS|TAMS 0x000000008eb00000, 0x000000008eb00000| Complete 
| 236|0x000000008ec00000, 0x000000008ed00000, 0x000000008ed00000|100%| E|CS|TAMS 0x000000008ec00000, 0x000000008ec00000| Complete 
| 237|0x000000008ed00000, 0x000000008ee00000, 0x000000008ee00000|100%| E|CS|TAMS 0x000000008ed00000, 0x000000008ed00000| Complete 
| 238|0x000000008ee00000, 0x000000008ef00000, 0x000000008ef00000|100%| E|CS|TAMS 0x000000008ee00000, 0x000000008ee00000| Complete 
| 239|0x000000008ef00000, 0x000000008f000000, 0x000000008f000000|100%| E|CS|TAMS 0x000000008ef00000, 0x000000008ef00000| Complete 
| 240|0x000000008f000000, 0x000000008f100000, 0x000000008f100000|100%| E|CS|TAMS 0x000000008f000000, 0x000000008f000000| Complete 
| 241|0x000000008f100000, 0x000000008f200000, 0x000000008f200000|100%| E|CS|TAMS 0x000000008f100000, 0x000000008f100000| Complete 
| 242|0x000000008f200000, 0x000000008f300000, 0x000000008f300000|100%| E|CS|TAMS 0x000000008f200000, 0x000000008f200000| Complete 
| 243|0x000000008f300000, 0x000000008f400000, 0x000000008f400000|100%| E|CS|TAMS 0x000000008f300000, 0x000000008f300000| Complete 
| 244|0x000000008f400000, 0x000000008f500000, 0x000000008f500000|100%| E|CS|TAMS 0x000000008f400000, 0x000000008f400000| Complete 
| 245|0x000000008f500000, 0x000000008f600000, 0x000000008f600000|100%| E|CS|TAMS 0x000000008f500000, 0x000000008f500000| Complete 
| 246|0x000000008f600000, 0x000000008f700000, 0x000000008f700000|100%| E|CS|TAMS 0x000000008f600000, 0x000000008f600000| Complete 
| 247|0x000000008f700000, 0x000000008f800000, 0x000000008f800000|100%| E|CS|TAMS 0x000000008f700000, 0x000000008f700000| Complete 
| 248|0x000000008f800000, 0x000000008f900000, 0x000000008f900000|100%| E|CS|TAMS 0x000000008f800000, 0x000000008f800000| Complete 
| 249|0x000000008f900000, 0x000000008fa00000, 0x000000008fa00000|100%| E|CS|TAMS 0x000000008f900000, 0x000000008f900000| Complete 
| 250|0x000000008fa00000, 0x000000008fb00000, 0x000000008fb00000|100%| E|CS|TAMS 0x000000008fa00000, 0x000000008fa00000| Complete 
| 251|0x000000008fb00000, 0x000000008fc00000, 0x000000008fc00000|100%| E|CS|TAMS 0x000000008fb00000, 0x000000008fb00000| Complete 
| 252|0x000000008fc00000, 0x000000008fd00000, 0x000000008fd00000|100%| E|CS|TAMS 0x000000008fc00000, 0x000000008fc00000| Complete 
| 253|0x000000008fd00000, 0x000000008fe00000, 0x000000008fe00000|100%| E|CS|TAMS 0x000000008fd00000, 0x000000008fd00000| Complete 

Card table byte_map: [0x000001f1536a0000,0x000001f153aa0000] _byte_map_base: 0x000001f1532a0000

Marking Bits (Prev, Next): (CMBitMap*) 0x000001f13e56a9e8, (CMBitMap*) 0x000001f13e56aa20
 Prev Bits: [0x000001f153ea0000, 0x000001f155ea0000)
 Next Bits: [0x000001f155ea0000, 0x000001f157ea0000)

Polling page: 0x000001f13e600000

Metaspace:

Usage:
  Non-class:     87.58 MB capacity,    85.88 MB ( 98%) used,     1.39 MB (  2%) free+waste,   322.63 KB ( <1%) overhead. 
      Class:     13.61 MB capacity,    12.62 MB ( 93%) used,   871.08 KB (  6%) free+waste,   145.00 KB (  1%) overhead. 
       Both:    101.20 MB capacity,    98.50 MB ( 97%) used,     2.24 MB (  2%) free+waste,   467.63 KB ( <1%) overhead. 

Virtual space:
  Non-class space:       88.00 MB reserved,      87.70 MB (>99%) committed 
      Class space:        1.00 GB reserved,      13.63 MB (  1%) committed 
             Both:        1.09 GB reserved,     101.33 MB (  9%) committed 

Chunk freelists:
   Non-Class:  57.00 KB
       Class:  0 bytes
        Both:  57.00 KB

MaxMetaspaceSize: 17179869184.00 GB
CompressedClassSpaceSize: 1.00 GB
Initial GC threshold: 20.80 MB
Current GC threshold: 113.26 MB
CDS: off

CodeHeap 'non-profiled nmethods': size=120000Kb used=9186Kb max_used=9186Kb free=110813Kb
 bounds [0x000001f14b310000, 0x000001f14bc10000, 0x000001f152840000]
CodeHeap 'profiled nmethods': size=120000Kb used=30298Kb max_used=30298Kb free=89701Kb
 bounds [0x000001f143de0000, 0x000001f145b80000, 0x000001f14b310000]
CodeHeap 'non-nmethods': size=5760Kb used=2422Kb max_used=2468Kb free=3337Kb
 bounds [0x000001f143840000, 0x000001f143ab0000, 0x000001f143de0000]
 total_blobs=14828 nmethods=13872 adapters=868
 compilation: enabled
              stopped_count=0, restarted_count=0
 full_count=0

Compilation events (20 events):
Event: 87.437 Thread 0x000001f15b264800 nmethod 13886 0x000001f145b6eb10 code [0x000001f145b6ecc0, 0x000001f145b6ef58]
Event: 87.438 Thread 0x000001f15b264800 13888       3       java.io.ObjectInputStream$BlockDataInputStream::skipBlockData (32 bytes)
Event: 87.438 Thread 0x000001f15b264800 nmethod 13888 0x000001f145b6f090 code [0x000001f145b6f280, 0x000001f145b6f578]
Event: 87.438 Thread 0x000001f15b264800 13887       3       java.io.ObjectInputStream::skipCustomData (105 bytes)
Event: 87.438 Thread 0x000001f15b264800 nmethod 13887 0x000001f145b6f690 code [0x000001f145b6f940, 0x000001f145b702e8]
Event: 87.439 Thread 0x000001f15b264800 13889       3       kotlin.reflect.jvm.internal.KClassImpl::<init> (40 bytes)
Event: 87.440 Thread 0x000001f15b264800 nmethod 13889 0x000001f145b70690 code [0x000001f145b70920, 0x000001f145b71508]
Event: 87.443 Thread 0x000001f15b21a800 13890  s    4       java.io.BufferedOutputStream::write (67 bytes)
Event: 87.447 Thread 0x000001f15b21a800 nmethod 13890 0x000001f14bc07e10 code [0x000001f14bc07fe0, 0x000001f14bc08678]
Event: 87.475 Thread 0x000001f15b264800 13891       3       java.lang.Thread::<init> (249 bytes)
Event: 87.477 Thread 0x000001f15b264800 nmethod 13891 0x000001f145b71910 code [0x000001f145b71ce0, 0x000001f145b73c68]
Event: 87.477 Thread 0x000001f15b264800 13894       3       java.io.ObjectInputStream::readByte (8 bytes)
Event: 87.477 Thread 0x000001f15b264800 nmethod 13894 0x000001f145b74610 code [0x000001f145b747e0, 0x000001f145b74a78]
Event: 87.477 Thread 0x000001f15b264800 13895       3       java.io.ObjectInputStream::readUTF (8 bytes)
Event: 87.477 Thread 0x000001f15b264800 nmethod 13895 0x000001f145b74b90 code [0x000001f145b74d60, 0x000001f145b74f38]
Event: 87.477 Thread 0x000001f15b264800 13892   !   3       java.lang.ThreadGroup::addUnstarted (40 bytes)
Event: 87.477 Thread 0x000001f15b264800 nmethod 13892 0x000001f145b75090 code [0x000001f145b75260, 0x000001f145b75608]
Event: 87.477 Thread 0x000001f15b264800 13893  s    3       java.lang.Thread::nextThreadID (10 bytes)
Event: 87.477 Thread 0x000001f15b264800 nmethod 13893 0x000001f145b75790 code [0x000001f145b75940, 0x000001f145b75bb8]
Event: 88.885 Thread 0x000001f15b21a800 13896       4       javax.management.ObjectName::construct (1135 bytes)

GC Heap History (20 events):
Event: 2.282 GC heap before
{Heap before GC invocations=4 (full 0):
 garbage-first heap   total 260096K, used 69825K [0x0000000080000000, 0x0000000100000000)
  region size 1024K, 53 young (54272K), 3 survivors (3072K)
 Metaspace       used 35200K, capacity 35973K, committed 36048K, reserved 1081344K
  class space    used 4527K, capacity 4838K, committed 4864K, reserved 1048576K
}
Event: 2.289 GC heap after
{Heap after GC invocations=5 (full 0):
 garbage-first heap   total 260096K, used 22710K [0x0000000080000000, 0x0000000100000000)
  region size 1024K, 6 young (6144K), 6 survivors (6144K)
 Metaspace       used 35200K, capacity 35973K, committed 36048K, reserved 1081344K
  class space    used 4527K, capacity 4838K, committed 4864K, reserved 1048576K
}
Event: 3.164 GC heap before
{Heap before GC invocations=6 (full 0):
 garbage-first heap   total 260096K, used 140470K [0x0000000080000000, 0x0000000100000000)
  region size 1024K, 118 young (120832K), 6 survivors (6144K)
 Metaspace       used 44783K, capacity 45857K, committed 46032K, reserved 1089536K
  class space    used 5672K, capacity 6070K, committed 6144K, reserved 1048576K
}
Event: 3.171 GC heap after
{Heap after GC invocations=7 (full 0):
 garbage-first heap   total 260096K, used 29706K [0x0000000080000000, 0x0000000100000000)
  region size 1024K, 13 young (13312K), 13 survivors (13312K)
 Metaspace       used 44783K, capacity 45857K, committed 46032K, reserved 1089536K
  class space    used 5672K, capacity 6070K, committed 6144K, reserved 1048576K
}
Event: 4.547 GC heap before
{Heap before GC invocations=7 (full 0):
 garbage-first heap   total 260096K, used 164874K [0x0000000080000000, 0x0000000100000000)
  region size 1024K, 137 young (140288K), 13 survivors (13312K)
 Metaspace       used 52328K, capacity 53746K, committed 53968K, reserved 1095680K
  class space    used 6613K, capacity 7125K, committed 7168K, reserved 1048576K
}
Event: 4.557 GC heap after
{Heap after GC invocations=8 (full 0):
 garbage-first heap   total 260096K, used 48616K [0x0000000080000000, 0x0000000100000000)
  region size 1024K, 18 young (18432K), 18 survivors (18432K)
 Metaspace       used 52328K, capacity 53746K, committed 53968K, reserved 1095680K
  class space    used 6613K, capacity 7125K, committed 7168K, reserved 1048576K
}
Event: 4.996 GC heap before
{Heap before GC invocations=8 (full 0):
 garbage-first heap   total 260096K, used 94696K [0x0000000080000000, 0x0000000100000000)
  region size 1024K, 64 young (65536K), 18 survivors (18432K)
 Metaspace       used 59001K, capacity 60449K, committed 60496K, reserved 1101824K
  class space    used 7467K, capacity 8059K, committed 8064K, reserved 1048576K
}
Event: 5.011 GC heap after
{Heap after GC invocations=9 (full 0):
 garbage-first heap   total 260096K, used 51077K [0x0000000080000000, 0x0000000100000000)
  region size 1024K, 4 young (4096K), 4 survivors (4096K)
 Metaspace       used 59001K, capacity 60449K, committed 60496K, reserved 1101824K
  class space    used 7467K, capacity 8059K, committed 8064K, reserved 1048576K
}
Event: 6.029 GC heap before
{Heap before GC invocations=10 (full 0):
 garbage-first heap   total 260096K, used 186245K [0x0000000080000000, 0x0000000100000000)
  region size 1024K, 129 young (132096K), 4 survivors (4096K)
 Metaspace       used 67755K, capacity 69420K, committed 69584K, reserved 1110016K
  class space    used 8557K, capacity 9174K, committed 9216K, reserved 1048576K
}
Event: 6.048 GC heap after
{Heap after GC invocations=11 (full 0):
 garbage-first heap   total 260096K, used 59407K [0x0000000080000000, 0x0000000100000000)
  region size 1024K, 12 young (12288K), 12 survivors (12288K)
 Metaspace       used 67755K, capacity 69420K, committed 69584K, reserved 1110016K
  class space    used 8557K, capacity 9174K, committed 9216K, reserved 1048576K
}
Event: 7.346 GC heap before
{Heap before GC invocations=12 (full 0):
 garbage-first heap   total 260096K, used 185359K [0x0000000080000000, 0x0000000100000000)
  region size 1024K, 135 young (138240K), 12 survivors (12288K)
 Metaspace       used 78329K, capacity 80013K, committed 80208K, reserved 1118208K
  class space    used 10118K, capacity 10757K, committed 10880K, reserved 1048576K
}
Event: 7.356 GC heap after
{Heap after GC invocations=13 (full 0):
 garbage-first heap   total 260096K, used 67877K [0x0000000080000000, 0x0000000100000000)
  region size 1024K, 9 young (9216K), 9 survivors (9216K)
 Metaspace       used 78329K, capacity 80013K, committed 80208K, reserved 1118208K
  class space    used 10118K, capacity 10757K, committed 10880K, reserved 1048576K
}
Event: 8.803 GC heap before
{Heap before GC invocations=13 (full 0):
 garbage-first heap   total 260096K, used 191781K [0x0000000080000000, 0x0000000100000000)
  region size 1024K, 131 young (134144K), 9 survivors (9216K)
 Metaspace       used 86060K, capacity 88166K, committed 88400K, reserved 1126400K
  class space    used 11225K, capacity 12050K, committed 12160K, reserved 1048576K
}
Event: 8.824 GC heap after
{Heap after GC invocations=14 (full 0):
 garbage-first heap   total 260096K, used 76192K [0x0000000080000000, 0x0000000100000000)
  region size 1024K, 17 young (17408K), 17 survivors (17408K)
 Metaspace       used 86060K, capacity 88166K, committed 88400K, reserved 1126400K
  class space    used 11225K, capacity 12050K, committed 12160K, reserved 1048576K
}
Event: 9.729 GC heap before
{Heap before GC invocations=14 (full 0):
 garbage-first heap   total 260096K, used 196000K [0x0000000080000000, 0x0000000100000000)
  region size 1024K, 135 young (138240K), 17 survivors (17408K)
 Metaspace       used 89727K, capacity 91925K, committed 92112K, reserved 1128448K
  class space    used 11600K, capacity 12461K, committed 12544K, reserved 1048576K
}
Event: 9.744 GC heap after
{Heap after GC invocations=15 (full 0):
 garbage-first heap   total 260096K, used 83370K [0x0000000080000000, 0x0000000100000000)
  region size 1024K, 16 young (16384K), 16 survivors (16384K)
 Metaspace       used 89727K, capacity 91925K, committed 92112K, reserved 1128448K
  class space    used 11600K, capacity 12461K, committed 12544K, reserved 1048576K
}
Event: 11.769 GC heap before
{Heap before GC invocations=15 (full 0):
 garbage-first heap   total 260096K, used 201130K [0x0000000080000000, 0x0000000100000000)
  region size 1024K, 132 young (135168K), 16 survivors (16384K)
 Metaspace       used 94808K, capacity 97138K, committed 97360K, reserved 1134592K
  class space    used 12204K, capacity 13094K, committed 13184K, reserved 1048576K
}
Event: 11.780 GC heap after
{Heap after GC invocations=16 (full 0):
 garbage-first heap   total 260096K, used 90904K [0x0000000080000000, 0x0000000100000000)
  region size 1024K, 15 young (15360K), 15 survivors (15360K)
 Metaspace       used 94808K, capacity 97138K, committed 97360K, reserved 1134592K
  class space    used 12204K, capacity 13094K, committed 13184K, reserved 1048576K
}
Event: 74.416 GC heap before
{Heap before GC invocations=16 (full 0):
 garbage-first heap   total 260096K, used 203544K [0x0000000080000000, 0x0000000100000000)
  region size 1024K, 126 young (129024K), 15 survivors (15360K)
 Metaspace       used 100596K, capacity 103291K, committed 103504K, reserved 1138688K
  class space    used 12914K, capacity 13926K, committed 13952K, reserved 1048576K
}
Event: 74.430 GC heap after
{Heap after GC invocations=17 (full 0):
 garbage-first heap   total 260096K, used 98731K [0x0000000080000000, 0x0000000100000000)
  region size 1024K, 16 young (16384K), 16 survivors (16384K)
 Metaspace       used 100596K, capacity 103291K, committed 103504K, reserved 1138688K
  class space    used 12914K, capacity 13926K, committed 13952K, reserved 1048576K
}

Deoptimization events (20 events):
Event: 74.347 Thread 0x000001f166483000 DEOPT PACKING pc=0x000001f14b994f8c sp=0x000000d3c38fd600
Event: 74.347 Thread 0x000001f166483000 DEOPT UNPACKING pc=0x000001f14388a1af sp=0x000000d3c38fd5a8 mode 2
Event: 74.347 Thread 0x000001f166483000 Uncommon trap: trap_request=0xffffffc6 fr.pc=0x000001f14b994f8c relative=0x00000000000001cc
Event: 74.347 Thread 0x000001f166483000 Uncommon trap: reason=bimorphic_or_optimized_type_check action=maybe_recompile pc=0x000001f14b994f8c method=java.util.Optional.filter(Ljava/util/function/Predicate;)Ljava/util/Optional; @ 19 c2
Event: 74.347 Thread 0x000001f166483000 DEOPT PACKING pc=0x000001f14b994f8c sp=0x000000d3c38fd5f0
Event: 74.347 Thread 0x000001f166483000 DEOPT UNPACKING pc=0x000001f14388a1af sp=0x000000d3c38fd598 mode 2
Event: 74.430 Thread 0x000001f15b3cc000 Uncommon trap: trap_request=0xffffffde fr.pc=0x000001f14b46086c relative=0x000000000000052c
Event: 74.430 Thread 0x000001f15b3cc000 Uncommon trap: reason=class_check action=maybe_recompile pc=0x000001f14b46086c method=jdk.internal.ref.PhantomCleanable.clean()V @ 12 c2
Event: 74.430 Thread 0x000001f15b3cc000 DEOPT PACKING pc=0x000001f14b46086c sp=0x000000d3bb7fee60
Event: 74.430 Thread 0x000001f15b3cc000 DEOPT UNPACKING pc=0x000001f14388a1af sp=0x000000d3bb7fee40 mode 2
Event: 74.463 Thread 0x000001f166483000 Uncommon trap: trap_request=0xffffff4d fr.pc=0x000001f14b95342c relative=0x0000000000000ccc
Event: 74.463 Thread 0x000001f166483000 Uncommon trap: reason=unstable_if action=reinterpret pc=0x000001f14b95342c method=org.gradle.internal.snapshot.VfsRelativePath.compareToFirstSegment(Ljava/lang/String;Lorg/gradle/internal/snapshot/CaseSensitivity;)I @ 156 c2
Event: 74.463 Thread 0x000001f166483000 DEOPT PACKING pc=0x000001f14b95342c sp=0x000000d3c38fbe90
Event: 74.463 Thread 0x000001f166483000 DEOPT UNPACKING pc=0x000001f14388a1af sp=0x000000d3c38fbe10 mode 2
Event: 74.629 Thread 0x000001f166486000 DEOPT PACKING pc=0x000001f14458a5f1 sp=0x000000d3c3cfdfb0
Event: 74.629 Thread 0x000001f166486000 DEOPT UNPACKING pc=0x000001f14388a95e sp=0x000000d3c3cfd4a8 mode 0
Event: 81.229 Thread 0x000001f166488800 Uncommon trap: trap_request=0xffffff7e fr.pc=0x000001f14bc05864 relative=0x0000000000000084
Event: 81.229 Thread 0x000001f166488800 Uncommon trap: reason=predicate action=maybe_recompile pc=0x000001f14bc05864 method=java.util.ComparableTimSort.binarySort([Ljava/lang/Object;III)V @ 34 c2
Event: 81.229 Thread 0x000001f166488800 DEOPT PACKING pc=0x000001f14bc05864 sp=0x000000d3c40fd840
Event: 81.229 Thread 0x000001f166488800 DEOPT UNPACKING pc=0x000001f14388a1af sp=0x000000d3c40fd7e8 mode 2

Classes redefined (0 events):
No events

Internal exceptions (20 events):
Event: 29.565 Thread 0x000001f15b3ca000 Exception <a 'java/lang/NoSuchMethodError'{0x000000008bb360d8}: <clinit>> (0x000000008bb360d8) thrown at [./src/hotspot/share/prims/jni.cpp, line 1366]
Event: 29.566 Thread 0x000001f15b3ca000 Exception <a 'java/lang/NoSuchMethodError'{0x000000008bb4aa28}: <clinit>> (0x000000008bb4aa28) thrown at [./src/hotspot/share/prims/jni.cpp, line 1366]
Event: 29.567 Thread 0x000001f15b3ca000 Exception <a 'java/lang/NoSuchMethodError'{0x000000008bb56b98}: <clinit>> (0x000000008bb56b98) thrown at [./src/hotspot/share/prims/jni.cpp, line 1366]
Event: 29.570 Thread 0x000001f15b3ca000 Exception <a 'java/lang/NoSuchMethodError'{0x000000008bb6c038}: <clinit>> (0x000000008bb6c038) thrown at [./src/hotspot/share/prims/jni.cpp, line 1366]
Event: 74.181 Thread 0x000001f15b3c8000 Exception <a 'sun/nio/fs/WindowsException'{0x000000008a4f8118}> (0x000000008a4f8118) thrown at [./src/hotspot/share/prims/jni.cpp, line 616]
Event: 74.280 Thread 0x000001f15b3c8000 Exception <a 'sun/nio/fs/WindowsException'{0x0000000089a8d688}> (0x0000000089a8d688) thrown at [./src/hotspot/share/prims/jni.cpp, line 616]
Event: 74.286 Thread 0x000001f15b3c8000 Exception <a 'sun/nio/fs/WindowsException'{0x000000008992a388}> (0x000000008992a388) thrown at [./src/hotspot/share/prims/jni.cpp, line 616]
Event: 74.286 Thread 0x000001f15b3c8000 Exception <a 'sun/nio/fs/WindowsException'{0x000000008992b700}> (0x000000008992b700) thrown at [./src/hotspot/share/prims/jni.cpp, line 616]
Event: 74.287 Thread 0x000001f15b3c8000 Exception <a 'sun/nio/fs/WindowsException'{0x000000008992cac8}> (0x000000008992cac8) thrown at [./src/hotspot/share/prims/jni.cpp, line 616]
Event: 74.287 Thread 0x000001f15b3c8000 Exception <a 'sun/nio/fs/WindowsException'{0x000000008992de90}> (0x000000008992de90) thrown at [./src/hotspot/share/prims/jni.cpp, line 616]
Event: 76.472 Thread 0x000001f15f2cd800 Exception <a 'java/net/ConnectException'{0x000000008fd16478}: Connection refused: connect> (0x000000008fd16478) thrown at [./src/hotspot/share/prims/jni.cpp, line 637]
Event: 76.643 Thread 0x000001f166488800 Exception <a 'java/net/ConnectException'{0x000000008e982c58}: Connection refused: connect> (0x000000008e982c58) thrown at [./src/hotspot/share/prims/jni.cpp, line 637]
Event: 78.527 Thread 0x000001f15f2cd800 Exception <a 'java/net/ConnectException'{0x000000008fd16c58}: Connection refused: connect> (0x000000008fd16c58) thrown at [./src/hotspot/share/prims/jni.cpp, line 637]
Event: 78.715 Thread 0x000001f166488800 Exception <a 'java/net/ConnectException'{0x000000008e983988}: Connection refused: connect> (0x000000008e983988) thrown at [./src/hotspot/share/prims/jni.cpp, line 637]
Event: 80.587 Thread 0x000001f15f2cd800 Exception <a 'java/net/ConnectException'{0x000000008fd17438}: Connection refused: connect> (0x000000008fd17438) thrown at [./src/hotspot/share/prims/jni.cpp, line 637]
Event: 80.773 Thread 0x000001f166488800 Exception <a 'java/net/ConnectException'{0x000000008e9846b8}: Connection refused: connect> (0x000000008e9846b8) thrown at [./src/hotspot/share/prims/jni.cpp, line 637]
Event: 83.273 Thread 0x000001f166488800 Exception <a 'java/net/ConnectException'{0x000000008e238618}: Connection refused: connect> (0x000000008e238618) thrown at [./src/hotspot/share/prims/jni.cpp, line 637]
Event: 85.341 Thread 0x000001f166488800 Exception <a 'java/net/ConnectException'{0x000000008e239348}: Connection refused: connect> (0x000000008e239348) thrown at [./src/hotspot/share/prims/jni.cpp, line 637]
Event: 87.396 Thread 0x000001f166488800 Exception <a 'java/net/ConnectException'{0x000000008e23a078}: Connection refused: connect> (0x000000008e23a078) thrown at [./src/hotspot/share/prims/jni.cpp, line 637]
Event: 87.429 Thread 0x000001f16648a800 Exception <a 'java/lang/InterruptedException'{0x000000008e266498}> (0x000000008e266498) thrown at [./src/hotspot/share/runtime/objectMonitor.cpp, line 1635]

Events (20 events):
Event: 87.430 Executing VM operation: RevokeBias done
Event: 87.439 Executing VM operation: RevokeBias
Event: 87.439 Executing VM operation: RevokeBias done
Event: 87.440 Executing VM operation: RevokeBias
Event: 87.440 Executing VM operation: RevokeBias done
Event: 87.440 Executing VM operation: RevokeBias
Event: 87.440 Executing VM operation: RevokeBias done
Event: 87.440 Executing VM operation: RevokeBias
Event: 87.440 Executing VM operation: RevokeBias done
Event: 87.440 Executing VM operation: RevokeBias
Event: 87.440 Executing VM operation: RevokeBias done
Event: 87.441 Executing VM operation: BulkRevokeBias
Event: 87.443 Executing VM operation: BulkRevokeBias done
Event: 87.475 Thread 0x000001f16648b000 Thread added: 0x000001f16648b000
Event: 87.475 Executing VM operation: RevokeBias
Event: 87.475 Executing VM operation: RevokeBias done
Event: 87.475 Executing VM operation: RevokeBias
Event: 87.475 Executing VM operation: RevokeBias done
Event: 87.477 Executing VM operation: RevokeBias
Event: 87.477 Executing VM operation: RevokeBias done


Dynamic libraries:
0x00007ff745780000 - 0x00007ff74578a000 	E:\Android\Android Studio\jre\bin\java.exe
0x00007ffd061b0000 - 0x00007ffd063c4000 	C:\WINDOWS\SYSTEM32\ntdll.dll
0x00007ffd04160000 - 0x00007ffd04222000 	C:\WINDOWS\System32\KERNEL32.DLL
0x00007ffd03a70000 - 0x00007ffd03e0d000 	C:\WINDOWS\System32\KERNELBASE.dll
0x00007ffd036c0000 - 0x00007ffd037d1000 	C:\WINDOWS\System32\ucrtbase.dll
0x00007ffcf5670000 - 0x00007ffcf5689000 	E:\Android\Android Studio\jre\bin\jli.dll
0x00007ffcf4ba0000 - 0x00007ffcf4bb7000 	E:\Android\Android Studio\jre\bin\VCRUNTIME140.dll
0x00007ffd03fb0000 - 0x00007ffd0415d000 	C:\WINDOWS\System32\USER32.dll
0x00007ffd03690000 - 0x00007ffd036b6000 	C:\WINDOWS\System32\win32u.dll
0x00007ffd02210000 - 0x00007ffd0249e000 	C:\WINDOWS\WinSxS\amd64_microsoft.windows.common-controls_6595b64144ccf1df_6.0.22621.608_none_a9444ca7c10bb01d\COMCTL32.dll
0x00007ffd054a0000 - 0x00007ffd054c9000 	C:\WINDOWS\System32\GDI32.dll
0x00007ffd04640000 - 0x00007ffd046e7000 	C:\WINDOWS\System32\msvcrt.dll
0x00007ffd03e80000 - 0x00007ffd03f92000 	C:\WINDOWS\System32\gdi32full.dll
0x00007ffd039d0000 - 0x00007ffd03a6a000 	C:\WINDOWS\System32\msvcp_win.dll
0x00007ffd046f0000 - 0x00007ffd04722000 	C:\WINDOWS\System32\IMM32.DLL
0x00007ffcf2bc0000 - 0x00007ffcf2c5d000 	E:\Android\Android Studio\jre\bin\msvcp140.dll
0x00007ffc98340000 - 0x00007ffc98e42000 	E:\Android\Android Studio\jre\bin\server\jvm.dll
0x00007ffd049d0000 - 0x00007ffd04a7e000 	C:\WINDOWS\System32\ADVAPI32.dll
0x00007ffd04230000 - 0x00007ffd042d4000 	C:\WINDOWS\System32\sechost.dll
0x00007ffd042e0000 - 0x00007ffd043f5000 	C:\WINDOWS\System32\RPCRT4.dll
0x00007ffd03fa0000 - 0x00007ffd03fa8000 	C:\WINDOWS\System32\PSAPI.DLL
0x00007ffcf09e0000 - 0x00007ffcf09e9000 	C:\WINDOWS\SYSTEM32\WSOCK32.dll
0x00007ffcfa5d0000 - 0x00007ffcfa5da000 	C:\WINDOWS\SYSTEM32\VERSION.dll
0x00007ffd017c0000 - 0x00007ffd017f4000 	C:\WINDOWS\SYSTEM32\WINMM.dll
0x00007ffd052e0000 - 0x00007ffd05351000 	C:\WINDOWS\System32\WS2_32.dll
0x00007ffd02630000 - 0x00007ffd02648000 	C:\WINDOWS\SYSTEM32\kernel.appcore.dll
0x00007ffcfea30000 - 0x00007ffcfea41000 	E:\Android\Android Studio\jre\bin\verify.dll
0x00007ffcfc4d0000 - 0x00007ffcfc6fe000 	C:\WINDOWS\SYSTEM32\DBGHELP.DLL
0x00007ffd05de0000 - 0x00007ffd0616a000 	C:\WINDOWS\System32\combase.dll
0x00007ffd04730000 - 0x00007ffd04807000 	C:\WINDOWS\System32\OLEAUT32.dll
0x00007ffce9400000 - 0x00007ffce9432000 	C:\WINDOWS\SYSTEM32\dbgcore.DLL
0x00007ffd037e0000 - 0x00007ffd0385b000 	C:\WINDOWS\System32\bcryptPrimitives.dll
0x00007ffcf5570000 - 0x00007ffcf5599000 	E:\Android\Android Studio\jre\bin\java.dll
0x00007ffd00330000 - 0x00007ffd0033b000 	E:\Android\Android Studio\jre\bin\jimage.dll
0x00007ffcf5650000 - 0x00007ffcf5668000 	E:\Android\Android Studio\jre\bin\zip.dll
0x00007ffd055d0000 - 0x00007ffd05dbf000 	C:\WINDOWS\System32\SHELL32.dll
0x00007ffd01940000 - 0x00007ffd02208000 	C:\WINDOWS\SYSTEM32\windows.storage.dll
0x00007ffd01800000 - 0x00007ffd0193e000 	C:\WINDOWS\SYSTEM32\wintypes.dll
0x00007ffd054d0000 - 0x00007ffd055c1000 	C:\WINDOWS\System32\SHCORE.dll
0x00007ffd04ad0000 - 0x00007ffd04b2e000 	C:\WINDOWS\System32\shlwapi.dll
0x00007ffd03500000 - 0x00007ffd03521000 	C:\WINDOWS\SYSTEM32\profapi.dll
0x00007ffcf5550000 - 0x00007ffcf556a000 	E:\Android\Android Studio\jre\bin\net.dll
0x00007ffcfda80000 - 0x00007ffcfdbaf000 	C:\WINDOWS\SYSTEM32\WINHTTP.dll
0x00007ffd02a90000 - 0x00007ffd02af9000 	C:\WINDOWS\system32\mswsock.dll
0x00007ffcf5530000 - 0x00007ffcf5544000 	E:\Android\Android Studio\jre\bin\nio.dll
0x00007ffcf6d10000 - 0x00007ffcf6d37000 	C:\Users\home\.gradle\native\e1d6ef7f7dcc3fd88c89a11ec53ec762bb8ba0a96d01ffa2cd45eb1d1d8dd5c5\windows-amd64\native-platform.dll
0x00007ffceee60000 - 0x00007ffceefa4000 	C:\Users\home\.gradle\native\0d407fdbe67a94daf76414ababcb853783967236a71b16ec16e742cd7a986fd3\windows-amd64\native-platform-file-events.dll
0x00007ffcfd990000 - 0x00007ffcfd99a000 	E:\Android\Android Studio\jre\bin\management.dll
0x00007ffcf6d00000 - 0x00007ffcf6d0d000 	E:\Android\Android Studio\jre\bin\management_ext.dll
0x00007ffd02ce0000 - 0x00007ffd02cfb000 	C:\WINDOWS\SYSTEM32\CRYPTSP.dll
0x0000000051380000 - 0x0000000051399000 	C:\Program Files\Common Files\Crypto Pro\AppCompat\cpadvai.dll
0x00007ffd025a0000 - 0x00007ffd025d5000 	C:\WINDOWS\system32\rsaenh.dll
0x00007ffd02b80000 - 0x00007ffd02ba8000 	C:\WINDOWS\SYSTEM32\USERENV.dll
0x00007ffd02f90000 - 0x00007ffd02fb8000 	C:\WINDOWS\SYSTEM32\bcrypt.dll
0x00007ffd02d00000 - 0x00007ffd02d0c000 	C:\WINDOWS\SYSTEM32\CRYPTBASE.dll
0x00007ffd01440000 - 0x00007ffd0146d000 	C:\WINDOWS\SYSTEM32\IPHLPAPI.DLL
0x00007ffd04ba0000 - 0x00007ffd04ba9000 	C:\WINDOWS\System32\NSI.dll
0x00007ffcfd970000 - 0x00007ffcfd989000 	C:\WINDOWS\SYSTEM32\dhcpcsvc6.DLL
0x00007ffcfd950000 - 0x00007ffcfd96f000 	C:\WINDOWS\SYSTEM32\dhcpcsvc.DLL
0x00007ffd01470000 - 0x00007ffd01562000 	C:\WINDOWS\SYSTEM32\DNSAPI.dll
0x00007ffcf4b80000 - 0x00007ffcf4b9e000 	C:\Users\home\AppData\Local\Temp\native-platform7404808253333510093dir\native-platform.dll
0x00007ffcf4b70000 - 0x00007ffcf4b78000 	E:\Android\Android Studio\jre\bin\rmi.dll

dbghelp: loaded successfully - version: 4.0.5 - missing functions: none
symbol engine: initialized successfully - sym options: 0x614 - pdb path: .;E:\Android\Android Studio\jre\bin;C:\WINDOWS\SYSTEM32;C:\WINDOWS\WinSxS\amd64_microsoft.windows.common-controls_6595b64144ccf1df_6.0.22621.608_none_a9444ca7c10bb01d;E:\Android\Android Studio\jre\bin\server;C:\Users\home\.gradle\native\e1d6ef7f7dcc3fd88c89a11ec53ec762bb8ba0a96d01ffa2cd45eb1d1d8dd5c5\windows-amd64;C:\Users\home\.gradle\native\0d407fdbe67a94daf76414ababcb853783967236a71b16ec16e742cd7a986fd3\windows-amd64;C:\Program Files\Common Files\Crypto Pro\AppCompat;C:\Users\home\AppData\Local\Temp\native-platform7404808253333510093dir

VM Arguments:
jvm_args: --add-opens=java.base/java.util=ALL-UNNAMED --add-opens=java.base/java.lang=ALL-UNNAMED --add-opens=java.base/java.lang.invoke=ALL-UNNAMED --add-opens=java.base/java.util=ALL-UNNAMED --add-opens=java.prefs/java.util.prefs=ALL-UNNAMED --add-opens=java.prefs/java.util.prefs=ALL-UNNAMED --add-opens=java.base/java.nio.charset=ALL-UNNAMED --add-opens=java.base/java.net=ALL-UNNAMED --add-opens=java.base/java.util.concurrent.atomic=ALL-UNNAMED -Xmx2048m -Dfile.encoding=UTF-8 -Duser.country=RU -Duser.language=ru -Duser.variant 
java_command: org.gradle.launcher.daemon.bootstrap.GradleDaemon 7.4
java_class_path (initial): C:\Users\home\.gradle\wrapper\dists\gradle-7.4-bin\c0gwcg53nkjbqw7r0h0umtfvt\gradle-7.4\lib\gradle-launcher-7.4.jar
Launcher Type: SUN_STANDARD

[Global flags]
     intx CICompilerCount                          = 4                                         {product} {ergonomic}
     uint ConcGCThreads                            = 2                                         {product} {ergonomic}
     uint G1ConcRefinementThreads                  = 8                                         {product} {ergonomic}
   size_t G1HeapRegionSize                         = 1048576                                   {product} {ergonomic}
    uintx GCDrainStackTargetSize                   = 64                                        {product} {ergonomic}
   size_t InitialHeapSize                          = 266338304                                 {product} {ergonomic}
   size_t MarkStackSize                            = 4194304                                   {product} {ergonomic}
   size_t MaxHeapSize                              = 2147483648                                {product} {command line}
   size_t MaxNewSize                               = 1287651328                                {product} {ergonomic}
   size_t MinHeapDeltaBytes                        = 1048576                                   {product} {ergonomic}
    uintx NonNMethodCodeHeapSize                   = 5836300                                {pd product} {ergonomic}
    uintx NonProfiledCodeHeapSize                  = 122910970                              {pd product} {ergonomic}
    uintx ProfiledCodeHeapSize                     = 122910970                              {pd product} {ergonomic}
    uintx ReservedCodeCacheSize                    = 251658240                              {pd product} {ergonomic}
     bool SegmentedCodeCache                       = true                                      {product} {ergonomic}
     bool UseCompressedClassPointers               = true                                 {lp64_product} {ergonomic}
     bool UseCompressedOops                        = true                                 {lp64_product} {ergonomic}
     bool UseG1GC                                  = true                                      {product} {ergonomic}
     bool UseLargePagesIndividualAllocation        = false                                  {pd product} {ergonomic}

Logging:
Log output configuration:
 #0: stdout all=warning uptime,level,tags
 #1: stderr all=off uptime,level,tags

Environment Variables:
PATH=C:\WINDOWS\system32;C:\WINDOWS;C:\WINDOWS\System32\Wbem;C:\WINDOWS\System32\WindowsPowerShell\v1.0\;C:\WINDOWS\System32\OpenSSH\;C:\Program Files\Git\cmd;C:\Users\home\AppData\Local\Microsoft\WindowsApps;C:\Users\home\AppData\Local\GitHubDesktop\bin
USERNAME=home
OS=Windows_NT
PROCESSOR_IDENTIFIER=Intel64 Family 6 Model 165 Stepping 3, GenuineIntel



---------------  S Y S T E M  ---------------

OS: Windows 11 , 64 bit Build 22621 (10.0.22621.900)
OS uptime: 0 days 11:54 hours

CPU:total 8 (initial active 8) (4 cores per cpu, 2 threads per core) family 6 model 165 stepping 3 microcode 0xea, cmov, cx8, fxsr, mmx, sse, sse2, sse3, ssse3, sse4.1, sse4.2, popcnt, avx, avx2, aes, clmul, erms, 3dnowpref, lzcnt, ht, tsc, tscinvbit, bmi1, bmi2, adx, fma

Memory: 4k page, system-wide physical 16249M (5913M free)
TotalPageFile size 16249M (AvailPageFile size 5M)
current process WorkingSet (physical memory assigned to process): 501M, peak: 542M
current process commit charge ("private bytes"): 558M, peak: 600M

vm_info: OpenJDK 64-Bit Server VM (11.0.13+0-b1751.21-8125866) for windows-amd64 JRE (11.0.13+0-b1751.21-8125866), built on Feb  2 2022 03:00:22 by "builder" with MS VC++ 14.0 (VS2015)

END.
